#
# A fatal error has been detected by the Java Runtime Environment:
#
#  SIGSEGV (0xb) at pc=0x00007f788a3743fe, pid=2327248, tid=0x00007f786aaeb640
#
# JRE version: OpenJDK Runtime Environment (8.0_382-b05) (build 1.8.0_382-8u382-ga-1~22.04.1-b05)
# Java VM: OpenJDK 64-Bit Server VM (25.382-b05 mixed mode linux-amd64 compressed oops)
# Problematic frame:
# C  [libc.so.6+0xa53fe]  free+0x1e
#
# Failed to write core dump. Core dumps have been disabled. To enable core dumping, try "ulimit -c unlimited" before starting Java again
#
# If you would like to submit a bug report, please visit:
#   http://bugreport.java.com/bugreport/crash.jsp
#

---------------  T H R E A D  ---------------

Current thread (0x00007f78841d7800):  JavaThread "Finalizer" daemon [_thread_in_vm, id=2327264, stack(0x00007f786a9ec000,0x00007f786aaec000)]

siginfo: si_signo: 11 (SIGSEGV), si_code: 1 (SEGV_MAPERR), si_addr: 0x0000000000000005

Registers:
RAX=0x000000000000000d, RBX=0xffffffffffffff80, RCX=0x0000000000000308, RDX=0x00007f788a290998
RSP=0x00007f786aaea590, RBP=0x00007f786aaea5f0, RSI=0xfffffffffffffffd, RDI=0x000000000000000d
R8 =0x00007f78639421d0, R9 =0x0000000000000006, R10=0x00007f78750183fb, R11=0x00007f7889edd710
R12=0x00007f78841d7800, R13=0x000000000000000d, R14=0x00007f788a2950ec, R15=0x00007f78841d7800
RIP=0x00007f788a3743fe, EFLAGS=0x0000000000010206, CSGSFS=0x002b000000000033, ERR=0x0000000000000004
  TRAPNO=0x000000000000000e

Top of Stack: (sp=0x00007f786aaea590)
0x00007f786aaea590:   00007f788a2950ec 00007f78841d7800
0x00007f786aaea5a0:   00007f786aaea5b0 00007f788a29098c
0x00007f786aaea5b0:   00007f786aaea5f0 00007f7889fbb528
0x00007f786aaea5c0:   00007f786aaea6d0 00007f78708ae758
0x00007f786aaea5d0:   0000000000000000 00007f78708ae758
0x00007f786aaea5e0:   00007f786aaea690 00007f78841d7800
0x00007f786aaea5f0:   00007f786aaea660 00007f7875018427
0x00007f786aaea600:   000000b875007b10 00007f78841d7800
0x00007f786aaea610:   00007f786aaea650 00007f7889dbdcd3
0x00007f786aaea620:   00007f786aaea620 0000000000000000
0x00007f786aaea630:   00007f786aaea690 00007f78708dc4e0
0x00007f786aaea640:   0000000000000000 00007f78708ae758
0x00007f786aaea650:   0000000000000000 00007f786aaea680
0x00007f786aaea660:   00007f786aaea6d8 00007f7875007ffd
0x00007f786aaea670:   0000000000000000 00007f7875011a58
0x00007f786aaea680:   000000000000000d 00007f7875007ffd
0x00007f786aaea690:   00000004c240eb28 00007f786aaea698
0x00007f786aaea6a0:   00007f78683b8c3f 00007f786aaea6f0
0x00007f786aaea6b0:   00007f78683bad78 0000000000000000
0x00007f786aaea6c0:   00007f78683b8c60 00007f786aaea680
0x00007f786aaea6d0:   00007f786aaea6e8 00007f786aaea738
0x00007f786aaea6e0:   00007f7875007ffd 000000000000000d
0x00007f786aaea6f0:   00000006d792b1c8 00007f786aaea6f8
0x00007f786aaea700:   00007f786845414e 00007f786aaea750
0x00007f786aaea710:   00007f786848d668 0000000000000000
0x00007f786aaea720:   00007f7868454188 00007f786aaea6e8
0x00007f786aaea730:   00007f786aaea750 00007f786aaea798
0x00007f786aaea740:   00007f7875007ffd 0000000000400000
0x00007f786aaea750:   00000006d792b1c8 00007f786aaea758
0x00007f786aaea760:   00007f786851f7ce 00007f786aaea7b0
0x00007f786aaea770:   00007f78685278e0 0000000000000000
0x00007f786aaea780:   00007f786851f818 00007f786aaea750 

Instructions: (pc=0x00007f788a3743fe)
0x00007f788a3743de:   40 00 f3 0f 1e fa 48 85 ff 0f 84 bb 00 00 00 55
0x00007f788a3743ee:   48 8d 77 f0 53 48 83 ec 18 48 8b 1d 12 3a 17 00
0x00007f788a3743fe:   48 8b 47 f8 64 8b 2b a8 02 75 57 48 8b 15 98 39
0x00007f788a37440e:   17 00 64 48 83 3a 00 0f 84 95 00 00 00 48 8d 3d 

Register to memory mapping:

RAX=0x000000000000000d is an unknown value
RBX=0xffffffffffffff80 is an unknown value
RCX=0x0000000000000308 is an unknown value
RDX=0x00007f788a290998: <offset 0xde3998> in /usr/lib/jvm/java-8-openjdk-amd64/jre/lib/amd64/server/libjvm.so at 0x00007f78894ad000
RSP=0x00007f786aaea590 is pointing into the stack for thread: 0x00007f78841d7800
RBP=0x00007f786aaea5f0 is pointing into the stack for thread: 0x00007f78841d7800
RSI=0xfffffffffffffffd is an unknown value
RDI=0x000000000000000d is an unknown value
R8 =0x00007f78639421d0 is pointing into metadata
R9 =0x0000000000000006 is an unknown value
R10=0x00007f78750183fb is at code_begin+859 in an Interpreter codelet
method entry point (kind = native)  [0x00007f78750180a0, 0x00007f7875018a40]  2464 bytes
R11=0x00007f7889edd710: <offset 0xa30710> in /usr/lib/jvm/java-8-openjdk-amd64/jre/lib/amd64/server/libjvm.so at 0x00007f78894ad000
R12=0x00007f78841d7800 is a thread
R13=0x000000000000000d is an unknown value
R14=0x00007f788a2950ec: <offset 0xde80ec> in /usr/lib/jvm/java-8-openjdk-amd64/jre/lib/amd64/server/libjvm.so at 0x00007f78894ad000
R15=0x00007f78841d7800 is a thread


Stack: [0x00007f786a9ec000,0x00007f786aaec000],  sp=0x00007f786aaea590,  free space=1017k
Native frames: (J=compiled Java code, j=interpreted, Vv=VM code, C=native code)
C  [libc.so.6+0xa53fe]  free+0x1e
j  sun.misc.Unsafe.freeMemory(J)V+0
j  io.netty.util.internal.PlatformDependent0.freeMemory(J)V+7
j  io.netty.util.internal.PlatformDependent.freeDirectNoCleaner(Ljava/nio/ByteBuffer;)V+62
j  io.netty.buffer.PoolArena$DirectArena.destroyChunk(Lio/netty/buffer/PoolChunk;)V+30
j  io.netty.buffer.PoolChunkList.destroy(Lio/netty/buffer/PoolArena;)V+32
j  io.netty.buffer.PoolArena.destroyPoolChunkLists([Lio/netty/buffer/PoolChunkList;)V+41
j  io.netty.buffer.PoolArena.finalize()V+68
J 2043 C1 java.lang.ref.Finalizer.runFinalizer(Lsun/misc/JavaLangAccess;)V (62 bytes) @ 0x00007f78757afed4 [0x00007f78757af940+0x594]
J 2042 C1 java.lang.ref.Finalizer.access$100(Ljava/lang/ref/Finalizer;Lsun/misc/JavaLangAccess;)V (6 bytes) @ 0x00007f78757b4a9c [0x00007f78757b4a40+0x5c]
j  java.lang.ref.Finalizer$FinalizerThread.run()V+45
v  ~StubRoutines::call_stub
V  [libjvm.so+0x6a1985]
V  [libjvm.so+0x69f0af]
V  [libjvm.so+0x69f6a1]
V  [libjvm.so+0x747192]
V  [libjvm.so+0xae3dd5]
V  [libjvm.so+0x97fe90]
C  [libc.so.6+0x94ac3]

Java frames: (J=compiled Java code, j=interpreted, Vv=VM code)
j  sun.misc.Unsafe.freeMemory(J)V+0
j  io.netty.util.internal.PlatformDependent0.freeMemory(J)V+7
j  io.netty.util.internal.PlatformDependent.freeDirectNoCleaner(Ljava/nio/ByteBuffer;)V+62
j  io.netty.buffer.PoolArena$DirectArena.destroyChunk(Lio/netty/buffer/PoolChunk;)V+30
j  io.netty.buffer.PoolChunkList.destroy(Lio/netty/buffer/PoolArena;)V+32
j  io.netty.buffer.PoolArena.destroyPoolChunkLists([Lio/netty/buffer/PoolChunkList;)V+41
j  io.netty.buffer.PoolArena.finalize()V+68
J 2043 C1 java.lang.ref.Finalizer.runFinalizer(Lsun/misc/JavaLangAccess;)V (62 bytes) @ 0x00007f78757afed4 [0x00007f78757af940+0x594]
J 2042 C1 java.lang.ref.Finalizer.access$100(Ljava/lang/ref/Finalizer;Lsun/misc/JavaLangAccess;)V (6 bytes) @ 0x00007f78757b4a9c [0x00007f78757b4a40+0x5c]
j  java.lang.ref.Finalizer$FinalizerThread.run()V+45
v  ~StubRoutines::call_stub

---------------  P R O C E S S  ---------------

Java Threads: ( => current thread )
  0x00007f788494b800 JavaThread "process reaper" daemon [_thread_blocked, id=2327277, stack(0x00007f7868bc8000,0x00007f7868c01000)]
  0x00007f788493a800 JavaThread "AWT-XAWT" daemon [_thread_in_native, id=2327275, stack(0x00007f7868c01000,0x00007f7868d01000)]
  0x00007f7884912800 JavaThread "Java2D Disposer" daemon [_thread_blocked, id=2327274, stack(0x00007f7868d15000,0x00007f7868e15000)]
  0x00007f78845d8000 JavaThread "surefire-forkedjvm-command-thread" daemon [_thread_in_native, id=2327273, stack(0x00007f78698e2000,0x00007f78699e2000)]
  0x00007f78845c9800 JavaThread "surefire-forkedjvm-stream-flusher" daemon [_thread_blocked, id=2327272, stack(0x00007f78699e2000,0x00007f7869ae2000)]
  0x00007f788421f000 JavaThread "Service Thread" daemon [_thread_blocked, id=2327270, stack(0x00007f7869e75000,0x00007f7869f75000)]
  0x00007f7884214000 JavaThread "C1 CompilerThread3" daemon [_thread_in_vm, id=2327269, stack(0x00007f7869f76000,0x00007f786a076000)]
  0x00007f7884211800 JavaThread "C2 CompilerThread2" daemon [_thread_in_native, id=2327268, stack(0x00007f786a077000,0x00007f786a177000)]
  0x00007f7884210000 JavaThread "C2 CompilerThread1" daemon [_thread_in_native, id=2327267, stack(0x00007f786a178000,0x00007f786a278000)]
  0x00007f788420d000 JavaThread "C2 CompilerThread0" daemon [_thread_in_native, id=2327266, stack(0x00007f786a279000,0x00007f786a379000)]
  0x00007f7884205800 JavaThread "Signal Dispatcher" daemon [_thread_blocked, id=2327265, stack(0x00007f786a379000,0x00007f786a479000)]
=>0x00007f78841d7800 JavaThread "Finalizer" daemon [_thread_in_vm, id=2327264, stack(0x00007f786a9ec000,0x00007f786aaec000)]
  0x00007f78841d3000 JavaThread "Reference Handler" daemon [_thread_blocked, id=2327263, stack(0x00007f786aaec000,0x00007f786abec000)]
  0x00007f788400a000 JavaThread "main" [_thread_blocked, id=2327249, stack(0x00007f788907a000,0x00007f788917a000)]

Other Threads:
  0x00007f78841c9000 VMThread [stack: 0x00007f786abed000,0x00007f786aced000] [id=2327262]
  0x00007f7884221800 WatcherThread [stack: 0x00007f7869d75000,0x00007f7869e75000] [id=2327271]

VM state:not at safepoint (normal execution)

VM Mutex/Monitor currently owned by a thread:  ([mutex/lock_event])
[0x00007f7884008ea0] CompiledIC_lock - owner thread: 0x00007f7884214000

heap address: 0x00000004c2400000, size: 12252 MB, Compressed Oops mode: Zero based, Oop shift amount: 3
Narrow klass base: 0x0000000000000000, Narrow klass shift: 3
Compressed class space size: 1073741824 Address: 0x00000007c0000000

Heap:
 PSYoungGen      total 355328K, used 23524K [0x00000006c0c00000, 0x00000006d8d80000, 0x00000007c0000000)
  eden space 330240K, 3% used [0x00000006c0c00000,0x00000006c18e4b28,0x00000006d4e80000)
  from space 25088K, 41% used [0x00000006d7500000,0x00000006d7f14780,0x00000006d8d80000)
  to   space 32256K, 0% used [0x00000006d4e80000,0x00000006d4e80000,0x00000006d6e00000)
 ParOldGen       total 249344K, used 7719K [0x00000004c2400000, 0x00000004d1780000, 0x00000006c0c00000)
  object space 249344K, 3% used [0x00000004c2400000,0x00000004c2b89ca8,0x00000004d1780000)
 Metaspace       used 29048K, capacity 29436K, committed 29824K, reserved 1075200K
  class space    used 3494K, capacity 3601K, committed 3712K, reserved 1048576K

Card table byte_map: [0x00007f7873811000,0x00007f7875000000] byte_map_base: 0x00007f78711ff000

Marking Bits: (ParMarkBitMap*) 0x00007f788a294720
 Begin Bits: [0x00007f783c120000, 0x00007f7848090000)
 End Bits:   [0x00007f7848090000, 0x00007f7854000000)

Polling page: 0x00007f788a555000

CodeCache: size=245760Kb used=11624Kb max_used=11624Kb free=234135Kb
 bounds [0x00007f7875000000, 0x00007f7875b70000, 0x00007f7884000000]
 total_blobs=3565 nmethods=2974 adapters=502
 compilation: enabled

Compilation events (10 events):
Event: 5.763 Thread 0x00007f7884214000 2996       3       sun.misc.FDBigInteger::size (10 bytes)
Event: 5.763 Thread 0x00007f7884214000 nmethod 2996 0x00007f7875118410 code [0x00007f7875118560, 0x00007f78751186b0]
Event: 5.763 Thread 0x00007f7884214000 2997       3       net.sf.saxon.lib.Feature::hashCode (5 bytes)
Event: 5.763 Thread 0x00007f7884214000 nmethod 2997 0x00007f7875118090 code [0x00007f7875118200, 0x00007f7875118388]
Event: 5.764 Thread 0x00007f7884214000 2994       3       sun.reflect.ReflectionFactory::copyField (10 bytes)
Event: 5.764 Thread 0x00007f7884214000 nmethod 2994 0x00007f7875b5ce50 code [0x00007f7875b5cfe0, 0x00007f7875b5d3c8]
Event: 5.766 Thread 0x00007f7884214000 2998       3       java.util.Collections$UnmodifiableCollection::<init> (22 bytes)
Event: 5.767 Thread 0x00007f7884214000 nmethod 2998 0x00007f7875b5d590 code [0x00007f7875b5d700, 0x00007f7875b5d9c8]
Event: 5.786 Thread 0x00007f7884214000 3000       3       java.lang.Integer::toString (8 bytes)
Event: 5.787 Thread 0x00007f7884214000 nmethod 3000 0x00007f7875b637d0 code [0x00007f7875b63940, 0x00007f7875b63ac8]

GC Heap History (10 events):
Event: 2.739 GC heap before
{Heap before GC invocations=1 (full 0):
 PSYoungGen      total 228864K, used 196608K [0x00000006c0c00000, 0x00000006d0b00000, 0x00000007c0000000)
  eden space 196608K, 100% used [0x00000006c0c00000,0x00000006ccc00000,0x00000006ccc00000)
  from space 32256K, 0% used [0x00000006ceb80000,0x00000006ceb80000,0x00000006d0b00000)
  to   space 32256K, 0% used [0x00000006ccc00000,0x00000006ccc00000,0x00000006ceb80000)
 ParOldGen       total 523264K, used 0K [0x00000004c2400000, 0x00000004e2300000, 0x00000006c0c00000)
  object space 523264K, 0% used [0x00000004c2400000,0x00000004c2400000,0x00000004e2300000)
 Metaspace       used 19506K, capacity 19916K, committed 20224K, reserved 1067008K
  class space    used 2144K, capacity 2251K, committed 2304K, reserved 1048576K
Event: 2.761 GC heap after
Heap after GC invocations=1 (full 0):
 PSYoungGen      total 228864K, used 14262K [0x00000006c0c00000, 0x00000006d0b00000, 0x00000007c0000000)
  eden space 196608K, 0% used [0x00000006c0c00000,0x00000006c0c00000,0x00000006ccc00000)
  from space 32256K, 44% used [0x00000006ccc00000,0x00000006cd9edb40,0x00000006ceb80000)
  to   space 32256K, 0% used [0x00000006ceb80000,0x00000006ceb80000,0x00000006d0b00000)
 ParOldGen       total 523264K, used 24K [0x00000004c2400000, 0x00000004e2300000, 0x00000006c0c00000)
  object space 523264K, 0% used [0x00000004c2400000,0x00000004c2406000,0x00000004e2300000)
 Metaspace       used 19506K, capacity 19916K, committed 20224K, reserved 1067008K
  class space    used 2144K, capacity 2251K, committed 2304K, reserved 1048576K
}
Event: 2.925 GC heap before
{Heap before GC invocations=2 (full 0):
 PSYoungGen      total 228864K, used 44538K [0x00000006c0c00000, 0x00000006d0b00000, 0x00000007c0000000)
  eden space 196608K, 15% used [0x00000006c0c00000,0x00000006c2990fd0,0x00000006ccc00000)
  from space 32256K, 44% used [0x00000006ccc00000,0x00000006cd9edb40,0x00000006ceb80000)
  to   space 32256K, 0% used [0x00000006ceb80000,0x00000006ceb80000,0x00000006d0b00000)
 ParOldGen       total 523264K, used 24K [0x00000004c2400000, 0x00000004e2300000, 0x00000006c0c00000)
  object space 523264K, 0% used [0x00000004c2400000,0x00000004c2406000,0x00000004e2300000)
 Metaspace       used 20650K, capacity 21068K, committed 21248K, reserved 1069056K
  class space    used 2334K, capacity 2443K, committed 2560K, reserved 1048576K
Event: 2.943 GC heap after
Heap after GC invocations=2 (full 0):
 PSYoungGen      total 228864K, used 7873K [0x00000006c0c00000, 0x00000006dcb00000, 0x00000007c0000000)
  eden space 196608K, 0% used [0x00000006c0c00000,0x00000006c0c00000,0x00000006ccc00000)
  from space 32256K, 24% used [0x00000006ceb80000,0x00000006cf330538,0x00000006d0b00000)
  to   space 32256K, 0% used [0x00000006ccc00000,0x00000006ccc00000,0x00000006ceb80000)
 ParOldGen       total 523264K, used 32K [0x00000004c2400000, 0x00000004e2300000, 0x00000006c0c00000)
  object space 523264K, 0% used [0x00000004c2400000,0x00000004c2408000,0x00000004e2300000)
 Metaspace       used 20650K, capacity 21068K, committed 21248K, reserved 1069056K
  class space    used 2334K, capacity 2443K, committed 2560K, reserved 1048576K
}
Event: 2.943 GC heap before
{Heap before GC invocations=3 (full 1):
 PSYoungGen      total 228864K, used 7873K [0x00000006c0c00000, 0x00000006dcb00000, 0x00000007c0000000)
  eden space 196608K, 0% used [0x00000006c0c00000,0x00000006c0c00000,0x00000006ccc00000)
  from space 32256K, 24% used [0x00000006ceb80000,0x00000006cf330538,0x00000006d0b00000)
  to   space 32256K, 0% used [0x00000006ccc00000,0x00000006ccc00000,0x00000006ceb80000)
 ParOldGen       total 523264K, used 32K [0x00000004c2400000, 0x00000004e2300000, 0x00000006c0c00000)
  object space 523264K, 0% used [0x00000004c2400000,0x00000004c2408000,0x00000004e2300000)
 Metaspace       used 20650K, capacity 21068K, committed 21248K, reserved 1069056K
  class space    used 2334K, capacity 2443K, committed 2560K, reserved 1048576K
Event: 2.987 GC heap after
Heap after GC invocations=3 (full 1):
 PSYoungGen      total 228864K, used 0K [0x00000006c0c00000, 0x00000006dcb00000, 0x00000007c0000000)
  eden space 196608K, 0% used [0x00000006c0c00000,0x00000006c0c00000,0x00000006ccc00000)
  from space 32256K, 0% used [0x00000006ceb80000,0x00000006ceb80000,0x00000006d0b00000)
  to   space 32256K, 0% used [0x00000006ccc00000,0x00000006ccc00000,0x00000006ceb80000)
 ParOldGen       total 249344K, used 7703K [0x00000004c2400000, 0x00000004d1780000, 0x00000006c0c00000)
  object space 249344K, 3% used [0x00000004c2400000,0x00000004c2b85ca8,0x00000004d1780000)
 Metaspace       used 20650K, capacity 21068K, committed 21248K, reserved 1069056K
  class space    used 2334K, capacity 2443K, committed 2560K, reserved 1048576K
}
Event: 4.651 GC heap before
{Heap before GC invocations=4 (full 1):
 PSYoungGen      total 228864K, used 196608K [0x00000006c0c00000, 0x00000006dcb00000, 0x00000007c0000000)
  eden space 196608K, 100% used [0x00000006c0c00000,0x00000006ccc00000,0x00000006ccc00000)
  from space 32256K, 0% used [0x00000006ceb80000,0x00000006ceb80000,0x00000006d0b00000)
  to   space 32256K, 0% used [0x00000006ccc00000,0x00000006ccc00000,0x00000006ceb80000)
 ParOldGen       total 249344K, used 7703K [0x00000004c2400000, 0x00000004d1780000, 0x00000006c0c00000)
  object space 249344K, 3% used [0x00000004c2400000,0x00000004c2b85ca8,0x00000004d1780000)
 Metaspace       used 26923K, capacity 27324K, committed 27520K, reserved 1073152K
  class space    used 3294K, capacity 3409K, committed 3456K, reserved 1048576K
Event: 4.665 GC heap after
Heap after GC invocations=4 (full 1):
 PSYoungGen      total 228864K, used 13075K [0x00000006c0c00000, 0x00000006d9480000, 0x00000007c0000000)
  eden space 196608K, 0% used [0x00000006c0c00000,0x00000006c0c00000,0x00000006ccc00000)
  from space 32256K, 40% used [0x00000006ccc00000,0x00000006cd8c4ec0,0x00000006ceb80000)
  to   space 32256K, 0% used [0x00000006d7500000,0x00000006d7500000,0x00000006d9480000)
 ParOldGen       total 249344K, used 7711K [0x00000004c2400000, 0x00000004d1780000, 0x00000006c0c00000)
  object space 249344K, 3% used [0x00000004c2400000,0x00000004c2b87ca8,0x00000004d1780000)
 Metaspace       used 26923K, capacity 27324K, committed 27520K, reserved 1073152K
  class space    used 3294K, capacity 3409K, committed 3456K, reserved 1048576K
}
Event: 5.768 GC heap before
{Heap before GC invocations=5 (full 1):
 PSYoungGen      total 228864K, used 209683K [0x00000006c0c00000, 0x00000006d9480000, 0x00000007c0000000)
  eden space 196608K, 100% used [0x00000006c0c00000,0x00000006ccc00000,0x00000006ccc00000)
  from space 32256K, 40% used [0x00000006ccc00000,0x00000006cd8c4ec0,0x00000006ceb80000)
  to   space 32256K, 0% used [0x00000006d7500000,0x00000006d7500000,0x00000006d9480000)
 ParOldGen       total 249344K, used 7711K [0x00000004c2400000, 0x00000004d1780000, 0x00000006c0c00000)
  object space 249344K, 3% used [0x00000004c2400000,0x00000004c2b87ca8,0x00000004d1780000)
 Metaspace       used 29047K, capacity 29436K, committed 29824K, reserved 1075200K
  class space    used 3494K, capacity 3601K, committed 3712K, reserved 1048576K
Event: 5.783 GC heap after
Heap after GC invocations=5 (full 1):
 PSYoungGen      total 355328K, used 10321K [0x00000006c0c00000, 0x00000006d8d80000, 0x00000007c0000000)
  eden space 330240K, 0% used [0x00000006c0c00000,0x00000006c0c00000,0x00000006d4e80000)
  from space 25088K, 41% used [0x00000006d7500000,0x00000006d7f14780,0x00000006d8d80000)
  to   space 32256K, 0% used [0x00000006d4e80000,0x00000006d4e80000,0x00000006d6e00000)
 ParOldGen       total 249344K, used 7719K [0x00000004c2400000, 0x00000004d1780000, 0x00000006c0c00000)
  object space 249344K, 3% used [0x00000004c2400000,0x00000004c2b89ca8,0x00000004d1780000)
 Metaspace       used 29047K, capacity 29436K, committed 29824K, reserved 1075200K
  class space    used 3494K, capacity 3601K, committed 3712K, reserved 1048576K
}

Deoptimization events (10 events):
Event: 3.698 Thread 0x00007f788400a000 Uncommon trap: reason=class_check action=maybe_recompile pc=0x00007f7875786570 method=org.evosuite.shaded.org.objectweb.asm.SymbolTable.addConstant(Ljava/lang/Object;)Lorg/evosuite/shaded/org/objectweb/asm/Symbol; @ 177
Event: 3.698 Thread 0x00007f788400a000 Uncommon trap: reason=class_check action=maybe_recompile pc=0x00007f7875786570 method=org.evosuite.shaded.org.objectweb.asm.SymbolTable.addConstant(Ljava/lang/Object;)Lorg/evosuite/shaded/org/objectweb/asm/Symbol; @ 177
Event: 3.698 Thread 0x00007f788400a000 Uncommon trap: reason=class_check action=maybe_recompile pc=0x00007f7875786570 method=org.evosuite.shaded.org.objectweb.asm.SymbolTable.addConstant(Ljava/lang/Object;)Lorg/evosuite/shaded/org/objectweb/asm/Symbol; @ 177
Event: 3.815 Thread 0x00007f788400a000 Uncommon trap: reason=unstable_if action=reinterpret pc=0x00007f78755d156c method=org.evosuite.shaded.org.objectweb.asm.Frame.accept(Lorg/evosuite/shaded/org/objectweb/asm/MethodWriter;)V @ 116
Event: 4.088 Thread 0x00007f788400a000 Uncommon trap: reason=unstable_if action=reinterpret pc=0x00007f78752d2d50 method=org.evosuite.shaded.org.objectweb.asm.ClassReader.readUtf(II[C)Ljava/lang/String; @ 41
Event: 4.092 Thread 0x00007f788400a000 Uncommon trap: reason=unstable_if action=reinterpret pc=0x00007f78753d03d8 method=org.evosuite.shaded.org.objectweb.asm.ByteVector.putUTF8(Ljava/lang/String;)Lorg/evosuite/shaded/org/objectweb/asm/ByteVector; @ 100
Event: 4.158 Thread 0x00007f788400a000 Uncommon trap: reason=unstable_if action=reinterpret pc=0x00007f7875570860 method=org.evosuite.shaded.org.objectweb.asm.commons.LocalVariablesSorter.remap(ILorg/evosuite/shaded/org/objectweb/asm/Type;)I @ 36
Event: 4.158 Thread 0x00007f788400a000 Uncommon trap: reason=unstable_if action=reinterpret pc=0x00007f78754c1e50 method=org.evosuite.shaded.org.objectweb.asm.commons.LocalVariablesSorter.remap(ILorg/evosuite/shaded/org/objectweb/asm/Type;)I @ 36
Event: 4.272 Thread 0x00007f788400a000 Uncommon trap: reason=unstable_if action=reinterpret pc=0x00007f7875426298 method=java.lang.String.lastIndexOf([CII[CIII)I @ 118
Event: 4.535 Thread 0x00007f788400a000 Uncommon trap: reason=unstable_if action=reinterpret pc=0x00007f787567af3c method=org.evosuite.shaded.org.objectweb.asm.Frame.getLocal(I)I @ 13

Classes redefined (0 events):
No events

Internal exceptions (10 events):
Event: 4.176 Thread 0x00007f788400a000 Exception <a 'java/lang/ClassCastException'> (0x00000006c7f21890) thrown at [./src/hotspot/src/share/vm/runtime/sharedRuntime.cpp, line 609]
Event: 4.176 Thread 0x00007f788400a000 Exception <a 'java/lang/ClassCastException'> (0x00000006c7f244c8) thrown at [./src/hotspot/src/share/vm/runtime/sharedRuntime.cpp, line 609]
Event: 4.177 Thread 0x00007f788400a000 Exception <a 'java/lang/ClassCastException'> (0x00000006c7f27b80) thrown at [./src/hotspot/src/share/vm/runtime/sharedRuntime.cpp, line 609]
Event: 4.178 Thread 0x00007f788400a000 Exception <a 'java/lang/ClassCastException'> (0x00000006c7f292f0) thrown at [./src/hotspot/src/share/vm/runtime/sharedRuntime.cpp, line 609]
Event: 4.178 Thread 0x00007f788400a000 Exception <a 'java/lang/ClassCastException'> (0x00000006c7f29870) thrown at [./src/hotspot/src/share/vm/runtime/sharedRuntime.cpp, line 609]
Event: 4.178 Thread 0x00007f788400a000 Exception <a 'java/lang/ClassCastException'> (0x00000006c7f29e50) thrown at [./src/hotspot/src/share/vm/runtime/sharedRuntime.cpp, line 609]
Event: 4.178 Thread 0x00007f788400a000 Exception <a 'java/lang/ClassCastException'> (0x00000006c7f2a430) thrown at [./src/hotspot/src/share/vm/runtime/sharedRuntime.cpp, line 609]
Event: 4.178 Thread 0x00007f788400a000 Exception <a 'java/lang/ClassCastException'> (0x00000006c7f2aad8) thrown at [./src/hotspot/src/share/vm/runtime/sharedRuntime.cpp, line 609]
Event: 4.178 Thread 0x00007f788400a000 Exception <a 'java/lang/ClassCastException'> (0x00000006c7f2d710) thrown at [./src/hotspot/src/share/vm/runtime/sharedRuntime.cpp, line 609]
Event: 4.179 Thread 0x00007f788400a000 Exception <a 'java/lang/ClassCastException'> (0x00000006c7f30368) thrown at [./src/hotspot/src/share/vm/runtime/sharedRuntime.cpp, line 609]

Events (10 events):
Event: 5.748 Thread 0x00007f7884214000 flushing nmethod 0x00007f7875134d10
Event: 5.766 Executing VM operation: ThreadDump
Event: 5.766 Executing VM operation: ThreadDump done
Event: 5.767 Thread 0x00007f7884da5000 Thread added: 0x00007f7884da5000
Event: 5.767 Executing VM operation: ParallelGCFailedAllocation
Event: 5.783 Executing VM operation: ParallelGCFailedAllocation done
Event: 5.786 Executing VM operation: RevokeBias
Event: 5.787 Executing coalesced safepoint VM operation: RevokeBias
Event: 5.787 Executing coalesced safepoint VM operation: RevokeBias done
Event: 5.787 Executing VM operation: RevokeBias done


Dynamic libraries:
4c2400000-4d1780000 rw-p 00000000 00:00 0 
4d1780000-6c0c00000 ---p 00000000 00:00 0 
6c0c00000-6d8d80000 rw-p 00000000 00:00 0 
6d8d80000-7c0000000 ---p 00000000 00:00 0 
7c0000000-7c03a0000 rw-p 00000000 00:00 0 
7c03a0000-800000000 ---p 00000000 00:00 0 
564928071000-564928072000 r--p 00000000 08:03 297035                     /usr/lib/jvm/java-8-openjdk-amd64/jre/bin/java
564928072000-564928073000 r-xp 00001000 08:03 297035                     /usr/lib/jvm/java-8-openjdk-amd64/jre/bin/java
564928073000-564928074000 r--p 00002000 08:03 297035                     /usr/lib/jvm/java-8-openjdk-amd64/jre/bin/java
564928074000-564928075000 r--p 00002000 08:03 297035                     /usr/lib/jvm/java-8-openjdk-amd64/jre/bin/java
564928075000-564928076000 rw-p 00003000 08:03 297035                     /usr/lib/jvm/java-8-openjdk-amd64/jre/bin/java
56492893b000-56492895c000 rw-p 00000000 00:00 0                          [heap]
7f77e8000000-7f77e8021000 rw-p 00000000 00:00 0 
7f77e8021000-7f77ec000000 ---p 00000000 00:00 0 
7f77f0000000-7f77f0021000 rw-p 00000000 00:00 0 
7f77f0021000-7f77f4000000 ---p 00000000 00:00 0 
7f77f4000000-7f77f4021000 rw-p 00000000 00:00 0 
7f77f4021000-7f77f8000000 ---p 00000000 00:00 0 
7f77f8000000-7f77f8021000 rw-p 00000000 00:00 0 
7f77f8021000-7f77fc000000 ---p 00000000 00:00 0 
7f77fc000000-7f77fc021000 rw-p 00000000 00:00 0 
7f77fc021000-7f7800000000 ---p 00000000 00:00 0 
7f7800000000-7f7800021000 rw-p 00000000 00:00 0 
7f7800021000-7f7804000000 ---p 00000000 00:00 0 
7f7804000000-7f7804021000 rw-p 00000000 00:00 0 
7f7804021000-7f7808000000 ---p 00000000 00:00 0 
7f7808000000-7f78089e4000 rw-p 00000000 00:00 0 
7f78089e4000-7f780c000000 ---p 00000000 00:00 0 
7f780c000000-7f780c021000 rw-p 00000000 00:00 0 
7f780c021000-7f7810000000 ---p 00000000 00:00 0 
7f7810000000-7f7810b75000 rw-p 00000000 00:00 0 
7f7810b75000-7f7814000000 ---p 00000000 00:00 0 
7f7814000000-7f7814c0c000 rw-p 00000000 00:00 0 
7f7814c0c000-7f7818000000 ---p 00000000 00:00 0 
7f7818000000-7f7818021000 rw-p 00000000 00:00 0 
7f7818021000-7f781c000000 ---p 00000000 00:00 0 
7f781c000000-7f781cf9e000 rw-p 00000000 00:00 0 
7f781cf9e000-7f7820000000 ---p 00000000 00:00 0 
7f7820000000-7f7820021000 rw-p 00000000 00:00 0 
7f7820021000-7f7824000000 ---p 00000000 00:00 0 
7f7824000000-7f7824024000 rw-p 00000000 00:00 0 
7f7824024000-7f7828000000 ---p 00000000 00:00 0 
7f7828000000-7f7828021000 rw-p 00000000 00:00 0 
7f7828021000-7f782c000000 ---p 00000000 00:00 0 
7f782c000000-7f782c021000 rw-p 00000000 00:00 0 
7f782c021000-7f7830000000 ---p 00000000 00:00 0 
7f7830000000-7f7830021000 rw-p 00000000 00:00 0 
7f7830021000-7f7834000000 ---p 00000000 00:00 0 
7f7838000000-7f7838021000 rw-p 00000000 00:00 0 
7f7838021000-7f783c000000 ---p 00000000 00:00 0 
7f783c120000-7f7854000000 rw-p 00000000 00:00 0 
7f7854000000-7f7854021000 rw-p 00000000 00:00 0 
7f7854021000-7f7858000000 ---p 00000000 00:00 0 
7f7858000000-7f7858021000 rw-p 00000000 00:00 0 
7f7858021000-7f785c000000 ---p 00000000 00:00 0 
7f785c000000-7f785c021000 rw-p 00000000 00:00 0 
7f785c021000-7f7860000000 ---p 00000000 00:00 0 
7f78633ff000-7f7863980000 rw-p 00000000 00:00 0 
7f7863980000-7f7863a00000 ---p 00000000 00:00 0 
7f7863a00000-7f7863c00000 rw-p 00000000 00:00 0 
7f7863c00000-7f7863e00000 rw-p 00000000 00:00 0 
7f7863e00000-7f7864000000 rw-p 00000000 00:00 0 
7f7864000000-7f7864021000 rw-p 00000000 00:00 0 
7f7864021000-7f7868000000 ---p 00000000 00:00 0 
7f7868047000-7f786804a000 ---p 00000000 00:00 0 
7f786804a000-7f7868347000 rw-p 00000000 00:00 0 
7f7868347000-7f7868547000 rw-p 00000000 00:00 0 
7f7868547000-7f786854b000 r--p 00000000 08:03 32538452                   /usr/lib/x86_64-linux-gnu/libgpg-error.so.0.32.1
7f786854b000-7f7868561000 r-xp 00004000 08:03 32538452                   /usr/lib/x86_64-linux-gnu/libgpg-error.so.0.32.1
7f7868561000-7f786856b000 r--p 0001a000 08:03 32538452                   /usr/lib/x86_64-linux-gnu/libgpg-error.so.0.32.1
7f786856b000-7f786856c000 r--p 00023000 08:03 32538452                   /usr/lib/x86_64-linux-gnu/libgpg-error.so.0.32.1
7f786856c000-7f786856d000 rw-p 00024000 08:03 32538452                   /usr/lib/x86_64-linux-gnu/libgpg-error.so.0.32.1
7f786856d000-7f786857c000 r--p 00000000 08:03 32538386                   /usr/lib/x86_64-linux-gnu/libgcrypt.so.20.3.4
7f786857c000-7f7868662000 r-xp 0000f000 08:03 32538386                   /usr/lib/x86_64-linux-gnu/libgcrypt.so.20.3.4
7f7868662000-7f78686a0000 r--p 000f5000 08:03 32538386                   /usr/lib/x86_64-linux-gnu/libgcrypt.so.20.3.4
7f78686a0000-7f78686a1000 ---p 00133000 08:03 32538386                   /usr/lib/x86_64-linux-gnu/libgcrypt.so.20.3.4
7f78686a1000-7f78686a4000 r--p 00133000 08:03 32538386                   /usr/lib/x86_64-linux-gnu/libgcrypt.so.20.3.4
7f78686a4000-7f78686aa000 rw-p 00136000 08:03 32538386                   /usr/lib/x86_64-linux-gnu/libgcrypt.so.20.3.4
7f78686aa000-7f78686ab000 rw-p 00000000 00:00 0 
7f78686ab000-7f78686ae000 r--p 00000000 08:03 32538042                   /usr/lib/x86_64-linux-gnu/libcap.so.2.44
7f78686ae000-7f78686b2000 r-xp 00003000 08:03 32538042                   /usr/lib/x86_64-linux-gnu/libcap.so.2.44
7f78686b2000-7f78686b4000 r--p 00007000 08:03 32538042                   /usr/lib/x86_64-linux-gnu/libcap.so.2.44
7f78686b4000-7f78686b5000 r--p 00008000 08:03 32538042                   /usr/lib/x86_64-linux-gnu/libcap.so.2.44
7f78686b5000-7f78686b6000 rw-p 00009000 08:03 32538042                   /usr/lib/x86_64-linux-gnu/libcap.so.2.44
7f78686b6000-7f78686b8000 r--p 00000000 08:03 32538715                   /usr/lib/x86_64-linux-gnu/liblz4.so.1.9.3
7f78686b8000-7f78686d1000 r-xp 00002000 08:03 32538715                   /usr/lib/x86_64-linux-gnu/liblz4.so.1.9.3
7f78686d1000-7f78686d3000 r--p 0001b000 08:03 32538715                   /usr/lib/x86_64-linux-gnu/liblz4.so.1.9.3
7f78686d3000-7f78686d4000 ---p 0001d000 08:03 32538715                   /usr/lib/x86_64-linux-gnu/liblz4.so.1.9.3
7f78686d4000-7f78686d5000 r--p 0001d000 08:03 32538715                   /usr/lib/x86_64-linux-gnu/liblz4.so.1.9.3
7f78686d5000-7f78686d6000 rw-p 0001e000 08:03 32538715                   /usr/lib/x86_64-linux-gnu/liblz4.so.1.9.3
7f78686d6000-7f78686e0000 r--p 00000000 08:03 32539509                   /usr/lib/x86_64-linux-gnu/libzstd.so.1.4.8
7f78686e0000-7f7868792000 r-xp 0000a000 08:03 32539509                   /usr/lib/x86_64-linux-gnu/libzstd.so.1.4.8
7f7868792000-7f78687a3000 r--p 000bc000 08:03 32539509                   /usr/lib/x86_64-linux-gnu/libzstd.so.1.4.8
7f78687a3000-7f78687a4000 r--p 000cc000 08:03 32539509                   /usr/lib/x86_64-linux-gnu/libzstd.so.1.4.8
7f78687a4000-7f78687a5000 rw-p 000cd000 08:03 32539509                   /usr/lib/x86_64-linux-gnu/libzstd.so.1.4.8
7f78687a5000-7f78687a8000 r--p 00000000 08:03 32538717                   /usr/lib/x86_64-linux-gnu/liblzma.so.5.2.5
7f78687a8000-7f78687c3000 r-xp 00003000 08:03 32538717                   /usr/lib/x86_64-linux-gnu/liblzma.so.5.2.5
7f78687c3000-7f78687ce000 r--p 0001e000 08:03 32538717                   /usr/lib/x86_64-linux-gnu/liblzma.so.5.2.5
7f78687ce000-7f78687cf000 r--p 00028000 08:03 32538717                   /usr/lib/x86_64-linux-gnu/liblzma.so.5.2.5
7f78687cf000-7f78687d0000 rw-p 00029000 08:03 32538717                   /usr/lib/x86_64-linux-gnu/liblzma.so.5.2.5
7f78687d0000-7f78687e3000 r--p 00000000 08:03 32537031                   /usr/lib/x86_64-linux-gnu/libsystemd.so.0.32.0
7f78687e3000-7f7868862000 r-xp 00013000 08:03 32537031                   /usr/lib/x86_64-linux-gnu/libsystemd.so.0.32.0
7f7868862000-7f786888d000 r--p 00092000 08:03 32537031                   /usr/lib/x86_64-linux-gnu/libsystemd.so.0.32.0
7f786888d000-7f786888e000 ---p 000bd000 08:03 32537031                   /usr/lib/x86_64-linux-gnu/libsystemd.so.0.32.0
7f786888e000-7f7868895000 r--p 000bd000 08:03 32537031                   /usr/lib/x86_64-linux-gnu/libsystemd.so.0.32.0
7f7868895000-7f7868896000 rw-p 000c4000 08:03 32537031                   /usr/lib/x86_64-linux-gnu/libsystemd.so.0.32.0
7f7868896000-7f7868897000 rw-p 00000000 00:00 0 
7f7868897000-7f7868899000 r--p 00000000 08:03 32538963                   /usr/lib/x86_64-linux-gnu/libpcre.so.3.13.3
7f7868899000-7f78688ee000 r-xp 00002000 08:03 32538963                   /usr/lib/x86_64-linux-gnu/libpcre.so.3.13.3
7f78688ee000-7f786890b000 r--p 00057000 08:03 32538963                   /usr/lib/x86_64-linux-gnu/libpcre.so.3.13.3
7f786890b000-7f786890c000 r--p 00073000 08:03 32538963                   /usr/lib/x86_64-linux-gnu/libpcre.so.3.13.3
7f786890c000-7f786890d000 rw-p 00074000 08:03 32538963                   /usr/lib/x86_64-linux-gnu/libpcre.so.3.13.3
7f786890d000-7f786890f000 r--p 00000000 08:03 32538286                   /usr/lib/x86_64-linux-gnu/libffi.so.8.1.0
7f786890f000-7f7868916000 r-xp 00002000 08:03 32538286                   /usr/lib/x86_64-linux-gnu/libffi.so.8.1.0
7f7868916000-7f7868917000 r--p 00009000 08:03 32538286                   /usr/lib/x86_64-linux-gnu/libffi.so.8.1.0
7f7868917000-7f7868918000 ---p 0000a000 08:03 32538286                   /usr/lib/x86_64-linux-gnu/libffi.so.8.1.0
7f7868918000-7f7868919000 r--p 0000a000 08:03 32538286                   /usr/lib/x86_64-linux-gnu/libffi.so.8.1.0
7f7868919000-7f786891a000 rw-p 0000b000 08:03 32538286                   /usr/lib/x86_64-linux-gnu/libffi.so.8.1.0
7f786891a000-7f7868929000 r--p 00000000 08:03 32537919                   /usr/lib/x86_64-linux-gnu/libatspi.so.0.0.1
7f7868929000-7f7868942000 r-xp 0000f000 08:03 32537919                   /usr/lib/x86_64-linux-gnu/libatspi.so.0.0.1
7f7868942000-7f7868950000 r--p 00028000 08:03 32537919                   /usr/lib/x86_64-linux-gnu/libatspi.so.0.0.1
7f7868950000-7f7868953000 r--p 00035000 08:03 32537919                   /usr/lib/x86_64-linux-gnu/libatspi.so.0.0.1
7f7868953000-7f7868954000 rw-p 00038000 08:03 32537919                   /usr/lib/x86_64-linux-gnu/libatspi.so.0.0.1
7f7868954000-7f786895f000 r--p 00000000 08:03 32538136                   /usr/lib/x86_64-linux-gnu/libdbus-1.so.3.19.13
7f786895f000-7f786898d000 r-xp 0000b000 08:03 32538136                   /usr/lib/x86_64-linux-gnu/libdbus-1.so.3.19.13
7f786898d000-7f786899f000 r--p 00039000 08:03 32538136                   /usr/lib/x86_64-linux-gnu/libdbus-1.so.3.19.13
7f786899f000-7f78689a0000 ---p 0004b000 08:03 32538136                   /usr/lib/x86_64-linux-gnu/libdbus-1.so.3.19.13
7f78689a0000-7f78689a1000 r--p 0004b000 08:03 32538136                   /usr/lib/x86_64-linux-gnu/libdbus-1.so.3.19.13
7f78689a1000-7f78689a2000 rw-p 0004c000 08:03 32538136                   /usr/lib/x86_64-linux-gnu/libdbus-1.so.3.19.13
7f78689a2000-7f78689bf000 r--p 00000000 08:03 32538428                   /usr/lib/x86_64-linux-gnu/libglib-2.0.so.0.7200.4
7f78689bf000-7f7868a4e000 r-xp 0001d000 08:03 32538428                   /usr/lib/x86_64-linux-gnu/libglib-2.0.so.0.7200.4
7f7868a4e000-7f7868ad8000 r--p 000ac000 08:03 32538428                   /usr/lib/x86_64-linux-gnu/libglib-2.0.so.0.7200.4
7f7868ad8000-7f7868ad9000 ---p 00136000 08:03 32538428                   /usr/lib/x86_64-linux-gnu/libglib-2.0.so.0.7200.4
7f7868ad9000-7f7868ada000 r--p 00136000 08:03 32538428                   /usr/lib/x86_64-linux-gnu/libglib-2.0.so.0.7200.4
7f7868ada000-7f7868adb000 rw-p 00137000 08:03 32538428                   /usr/lib/x86_64-linux-gnu/libglib-2.0.so.0.7200.4
7f7868adb000-7f7868adc000 rw-p 00000000 00:00 0 
7f7868adc000-7f7868aeb000 r--p 00000000 08:03 32538448                   /usr/lib/x86_64-linux-gnu/libgobject-2.0.so.0.7200.4
7f7868aeb000-7f7868b1e000 r-xp 0000f000 08:03 32538448                   /usr/lib/x86_64-linux-gnu/libgobject-2.0.so.0.7200.4
7f7868b1e000-7f7868b38000 r--p 00042000 08:03 32538448                   /usr/lib/x86_64-linux-gnu/libgobject-2.0.so.0.7200.4
7f7868b38000-7f7868b3b000 r--p 0005b000 08:03 32538448                   /usr/lib/x86_64-linux-gnu/libgobject-2.0.so.0.7200.4
7f7868b3b000-7f7868b3c000 rw-p 0005e000 08:03 32538448                   /usr/lib/x86_64-linux-gnu/libgobject-2.0.so.0.7200.4
7f7868b3c000-7f7868b48000 r--p 00000000 08:03 32537909                   /usr/lib/x86_64-linux-gnu/libatk-bridge-2.0.so.0.0.0
7f7868b48000-7f7868b61000 r-xp 0000c000 08:03 32537909                   /usr/lib/x86_64-linux-gnu/libatk-bridge-2.0.so.0.0.0
7f7868b61000-7f7868b70000 r--p 00025000 08:03 32537909                   /usr/lib/x86_64-linux-gnu/libatk-bridge-2.0.so.0.0.0
7f7868b70000-7f7868b71000 ---p 00034000 08:03 32537909                   /usr/lib/x86_64-linux-gnu/libatk-bridge-2.0.so.0.0.0
7f7868b71000-7f7868b72000 r--p 00034000 08:03 32537909                   /usr/lib/x86_64-linux-gnu/libatk-bridge-2.0.so.0.0.0
7f7868b72000-7f7868b74000 rw-p 00035000 08:03 32537909                   /usr/lib/x86_64-linux-gnu/libatk-bridge-2.0.so.0.0.0
7f7868b74000-7f7868b7f000 r--p 00000000 08:03 32537907                   /usr/lib/x86_64-linux-gnu/libatk-1.0.so.0.23609.1
7f7868b7f000-7f7868b8e000 r-xp 0000b000 08:03 32537907                   /usr/lib/x86_64-linux-gnu/libatk-1.0.so.0.23609.1
7f7868b8e000-7f7868b9a000 r--p 0001a000 08:03 32537907                   /usr/lib/x86_64-linux-gnu/libatk-1.0.so.0.23609.1
7f7868b9a000-7f7868b9d000 r--p 00025000 08:03 32537907                   /usr/lib/x86_64-linux-gnu/libatk-1.0.so.0.23609.1
7f7868b9d000-7f7868b9e000 rw-p 00028000 08:03 32537907                   /usr/lib/x86_64-linux-gnu/libatk-1.0.so.0.23609.1
7f7868b9e000-7f7868ba2000 r--p 00000000 08:03 297019                     /usr/lib/x86_64-linux-gnu/jni/libatk-wrapper.so
7f7868ba2000-7f7868bbb000 r-xp 00004000 08:03 297019                     /usr/lib/x86_64-linux-gnu/jni/libatk-wrapper.so
7f7868bbb000-7f7868bc5000 r--p 0001d000 08:03 297019                     /usr/lib/x86_64-linux-gnu/jni/libatk-wrapper.so
7f7868bc5000-7f7868bc6000 ---p 00027000 08:03 297019                     /usr/lib/x86_64-linux-gnu/jni/libatk-wrapper.so
7f7868bc6000-7f7868bc7000 r--p 00027000 08:03 297019                     /usr/lib/x86_64-linux-gnu/jni/libatk-wrapper.so
7f7868bc7000-7f7868bc8000 rw-p 00028000 08:03 297019                     /usr/lib/x86_64-linux-gnu/jni/libatk-wrapper.so
7f7868bc8000-7f7868bcb000 ---p 00000000 00:00 0 
7f7868bcb000-7f7868c01000 rw-p 00000000 00:00 0 
7f7868c01000-7f7868c04000 ---p 00000000 00:00 0 
7f7868c04000-7f7868d01000 rw-p 00000000 00:00 0 
7f7868d01000-7f7868d03000 r--p 00000000 08:03 32537704                   /usr/lib/x86_64-linux-gnu/libXfixes.so.3.1.0
7f7868d03000-7f7868d06000 r-xp 00002000 08:03 32537704                   /usr/lib/x86_64-linux-gnu/libXfixes.so.3.1.0
7f7868d06000-7f7868d07000 r--p 00005000 08:03 32537704                   /usr/lib/x86_64-linux-gnu/libXfixes.so.3.1.0
7f7868d07000-7f7868d08000 r--p 00006000 08:03 32537704                   /usr/lib/x86_64-linux-gnu/libXfixes.so.3.1.0
7f7868d08000-7f7868d09000 rw-p 00007000 08:03 32537704                   /usr/lib/x86_64-linux-gnu/libXfixes.so.3.1.0
7f7868d09000-7f7868d0b000 r--p 00000000 08:03 32537696                   /usr/lib/x86_64-linux-gnu/libXcursor.so.1.0.2
7f7868d0b000-7f7868d11000 r-xp 00002000 08:03 32537696                   /usr/lib/x86_64-linux-gnu/libXcursor.so.1.0.2
7f7868d11000-7f7868d13000 r--p 00008000 08:03 32537696                   /usr/lib/x86_64-linux-gnu/libXcursor.so.1.0.2
7f7868d13000-7f7868d14000 r--p 00009000 08:03 32537696                   /usr/lib/x86_64-linux-gnu/libXcursor.so.1.0.2
7f7868d14000-7f7868d15000 rw-p 0000a000 08:03 32537696                   /usr/lib/x86_64-linux-gnu/libXcursor.so.1.0.2
7f7868d15000-7f7868d18000 ---p 00000000 00:00 0 
7f7868d18000-7f7869015000 rw-p 00000000 00:00 0 
7f7869015000-7f7869016000 r--p 00000000 08:03 32538003                   /usr/lib/x86_64-linux-gnu/libbrotlicommon.so.1.0.9
7f7869016000-7f7869017000 r-xp 00001000 08:03 32538003                   /usr/lib/x86_64-linux-gnu/libbrotlicommon.so.1.0.9
7f7869017000-7f7869036000 r--p 00002000 08:03 32538003                   /usr/lib/x86_64-linux-gnu/libbrotlicommon.so.1.0.9
7f7869036000-7f7869037000 r--p 00020000 08:03 32538003                   /usr/lib/x86_64-linux-gnu/libbrotlicommon.so.1.0.9
7f7869037000-7f7869038000 rw-p 00021000 08:03 32538003                   /usr/lib/x86_64-linux-gnu/libbrotlicommon.so.1.0.9
7f7869038000-7f7869039000 r--p 00000000 08:03 32538005                   /usr/lib/x86_64-linux-gnu/libbrotlidec.so.1.0.9
7f7869039000-7f7869041000 r-xp 00001000 08:03 32538005                   /usr/lib/x86_64-linux-gnu/libbrotlidec.so.1.0.9
7f7869041000-7f7869044000 r--p 00009000 08:03 32538005                   /usr/lib/x86_64-linux-gnu/libbrotlidec.so.1.0.9
7f7869044000-7f7869045000 r--p 0000b000 08:03 32538005                   /usr/lib/x86_64-linux-gnu/libbrotlidec.so.1.0.9
7f7869045000-7f7869046000 rw-p 0000c000 08:03 32538005                   /usr/lib/x86_64-linux-gnu/libbrotlidec.so.1.0.9
7f7869046000-7f786904b000 r--p 00000000 08:03 32539008                   /usr/lib/x86_64-linux-gnu/libpng16.so.16.37.0
7f786904b000-7f7869074000 r-xp 00005000 08:03 32539008                   /usr/lib/x86_64-linux-gnu/libpng16.so.16.37.0
7f7869074000-7f786907f000 r--p 0002e000 08:03 32539008                   /usr/lib/x86_64-linux-gnu/libpng16.so.16.37.0
7f786907f000-7f7869080000 r--p 00038000 08:03 32539008                   /usr/lib/x86_64-linux-gnu/libpng16.so.16.37.0
7f7869080000-7f7869081000 rw-p 00039000 08:03 32539008                   /usr/lib/x86_64-linux-gnu/libpng16.so.16.37.0
7f7869081000-7f786908e000 r--p 00000000 08:03 32538344                   /usr/lib/x86_64-linux-gnu/libfreetype.so.6.18.1
7f786908e000-7f7869117000 r-xp 0000d000 08:03 32538344                   /usr/lib/x86_64-linux-gnu/libfreetype.so.6.18.1
7f7869117000-7f7869140000 r--p 00096000 08:03 32538344                   /usr/lib/x86_64-linux-gnu/libfreetype.so.6.18.1
7f7869140000-7f7869141000 ---p 000bf000 08:03 32538344                   /usr/lib/x86_64-linux-gnu/libfreetype.so.6.18.1
7f7869141000-7f7869148000 r--p 000bf000 08:03 32538344                   /usr/lib/x86_64-linux-gnu/libfreetype.so.6.18.1
7f7869148000-7f7869149000 rw-p 000c6000 08:03 32538344                   /usr/lib/x86_64-linux-gnu/libfreetype.so.6.18.1
7f7869149000-7f7869150000 r--p 00000000 08:03 297333                     /usr/lib/jvm/java-8-openjdk-amd64/jre/lib/amd64/libfontmanager.so
7f7869150000-7f7869180000 r-xp 00007000 08:03 297333                     /usr/lib/jvm/java-8-openjdk-amd64/jre/lib/amd64/libfontmanager.so
7f7869180000-7f786919c000 r--p 00037000 08:03 297333                     /usr/lib/jvm/java-8-openjdk-amd64/jre/lib/amd64/libfontmanager.so
7f786919c000-7f786919d000 ---p 00053000 08:03 297333                     /usr/lib/jvm/java-8-openjdk-amd64/jre/lib/amd64/libfontmanager.so
7f786919d000-7f786919f000 r--p 00053000 08:03 297333                     /usr/lib/jvm/java-8-openjdk-amd64/jre/lib/amd64/libfontmanager.so
7f786919f000-7f78691a0000 rw-p 00055000 08:03 297333                     /usr/lib/jvm/java-8-openjdk-amd64/jre/lib/amd64/libfontmanager.so
7f78691a0000-7f78691a2000 r--p 00000000 08:03 32538757                   /usr/lib/x86_64-linux-gnu/libmd.so.0.0.5
7f78691a2000-7f78691a9000 r-xp 00002000 08:03 32538757                   /usr/lib/x86_64-linux-gnu/libmd.so.0.0.5
7f78691a9000-7f78691ab000 r--p 00009000 08:03 32538757                   /usr/lib/x86_64-linux-gnu/libmd.so.0.0.5
7f78691ab000-7f78691ac000 r--p 0000a000 08:03 32538757                   /usr/lib/x86_64-linux-gnu/libmd.so.0.0.5
7f78691ac000-7f78691ad000 rw-p 0000b000 08:03 32538757                   /usr/lib/x86_64-linux-gnu/libmd.so.0.0.5
7f78691ad000-7f78691b1000 r--p 00000000 08:03 32538011                   /usr/lib/x86_64-linux-gnu/libbsd.so.0.11.5
7f78691b1000-7f78691be000 r-xp 00004000 08:03 32538011                   /usr/lib/x86_64-linux-gnu/libbsd.so.0.11.5
7f78691be000-7f78691c1000 r--p 00011000 08:03 32538011                   /usr/lib/x86_64-linux-gnu/libbsd.so.0.11.5
7f78691c1000-7f78691c2000 ---p 00014000 08:03 32538011                   /usr/lib/x86_64-linux-gnu/libbsd.so.0.11.5
7f78691c2000-7f78691c3000 r--p 00014000 08:03 32538011                   /usr/lib/x86_64-linux-gnu/libbsd.so.0.11.5
7f78691c3000-7f78691c4000 rw-p 00015000 08:03 32538011                   /usr/lib/x86_64-linux-gnu/libbsd.so.0.11.5
7f78691c4000-7f78691c5000 rw-p 00000000 00:00 0 
7f78691c5000-7f78691c7000 r--p 00000000 08:03 32537700                   /usr/lib/x86_64-linux-gnu/libXdmcp.so.6.0.0
7f78691c7000-7f78691c9000 r-xp 00002000 08:03 32537700                   /usr/lib/x86_64-linux-gnu/libXdmcp.so.6.0.0
7f78691c9000-7f78691cb000 r--p 00004000 08:03 32537700                   /usr/lib/x86_64-linux-gnu/libXdmcp.so.6.0.0
7f78691cb000-7f78691cc000 r--p 00005000 08:03 32537700                   /usr/lib/x86_64-linux-gnu/libXdmcp.so.6.0.0
7f78691cc000-7f78691cd000 rw-p 00006000 08:03 32537700                   /usr/lib/x86_64-linux-gnu/libXdmcp.so.6.0.0
7f78691cd000-7f78691ce000 r--p 00000000 08:03 32537689                   /usr/lib/x86_64-linux-gnu/libXau.so.6.0.0
7f78691ce000-7f78691d0000 r-xp 00001000 08:03 32537689                   /usr/lib/x86_64-linux-gnu/libXau.so.6.0.0
7f78691d0000-7f78691d1000 r--p 00003000 08:03 32537689                   /usr/lib/x86_64-linux-gnu/libXau.so.6.0.0
7f78691d1000-7f78691d2000 r--p 00003000 08:03 32537689                   /usr/lib/x86_64-linux-gnu/libXau.so.6.0.0
7f78691d2000-7f78691d3000 rw-p 00004000 08:03 32537689                   /usr/lib/x86_64-linux-gnu/libXau.so.6.0.0
7f78691d3000-7f78691de000 r--p 00000000 08:03 32539455                   /usr/lib/x86_64-linux-gnu/libxcb.so.1.1.0
7f78691de000-7f78691f2000 r-xp 0000b000 08:03 32539455                   /usr/lib/x86_64-linux-gnu/libxcb.so.1.1.0
7f78691f2000-7f78691fb000 r--p 0001f000 08:03 32539455                   /usr/lib/x86_64-linux-gnu/libxcb.so.1.1.0
7f78691fb000-7f78691fc000 r--p 00027000 08:03 32539455                   /usr/lib/x86_64-linux-gnu/libxcb.so.1.1.0
7f78691fc000-7f78691fd000 rw-p 00028000 08:03 32539455                   /usr/lib/x86_64-linux-gnu/libxcb.so.1.1.0
7f78691fd000-7f7869200000 r--p 00000000 08:03 32537710                   /usr/lib/x86_64-linux-gnu/libXi.so.6.1.0
7f7869200000-7f786920c000 r-xp 00003000 08:03 32537710                   /usr/lib/x86_64-linux-gnu/libXi.so.6.1.0
7f786920c000-7f786920f000 r--p 0000f000 08:03 32537710                   /usr/lib/x86_64-linux-gnu/libXi.so.6.1.0
7f786920f000-7f7869210000 r--p 00011000 08:03 32537710                   /usr/lib/x86_64-linux-gnu/libXi.so.6.1.0
7f7869210000-7f7869211000 rw-p 00012000 08:03 32537710                   /usr/lib/x86_64-linux-gnu/libXi.so.6.1.0
7f7869211000-7f7869213000 r--p 00000000 08:03 32537730                   /usr/lib/x86_64-linux-gnu/libXtst.so.6.1.0
7f7869213000-7f7869216000 r-xp 00002000 08:03 32537730                   /usr/lib/x86_64-linux-gnu/libXtst.so.6.1.0
7f7869216000-7f7869217000 r--p 00005000 08:03 32537730                   /usr/lib/x86_64-linux-gnu/libXtst.so.6.1.0
7f7869217000-7f7869218000 r--p 00005000 08:03 32537730                   /usr/lib/x86_64-linux-gnu/libXtst.so.6.1.0
7f7869218000-7f7869219000 rw-p 00006000 08:03 32537730                   /usr/lib/x86_64-linux-gnu/libXtst.so.6.1.0
7f7869219000-7f786921b000 r--p 00000000 08:03 32537724                   /usr/lib/x86_64-linux-gnu/libXrender.so.1.3.0
7f786921b000-7f7869222000 r-xp 00002000 08:03 32537724                   /usr/lib/x86_64-linux-gnu/libXrender.so.1.3.0
7f7869222000-7f7869224000 r--p 00009000 08:03 32537724                   /usr/lib/x86_64-linux-gnu/libXrender.so.1.3.0
7f7869224000-7f7869225000 r--p 0000a000 08:03 32537724                   /usr/lib/x86_64-linux-gnu/libXrender.so.1.3.0
7f7869225000-7f7869226000 rw-p 0000b000 08:03 32537724                   /usr/lib/x86_64-linux-gnu/libXrender.so.1.3.0
7f7869226000-7f786923f000 r--p 00000000 08:03 32507347                   /usr/lib/x86_64-linux-gnu/libX11.so.6.4.0
7f786923f000-7f78692cb000 r-xp 00019000 08:03 32507347                   /usr/lib/x86_64-linux-gnu/libX11.so.6.4.0
7f78692cb000-7f7869360000 r--p 000a5000 08:03 32507347                   /usr/lib/x86_64-linux-gnu/libX11.so.6.4.0
7f7869360000-7f7869361000 ---p 0013a000 08:03 32507347                   /usr/lib/x86_64-linux-gnu/libX11.so.6.4.0
7f7869361000-7f7869362000 r--p 0013a000 08:03 32507347                   /usr/lib/x86_64-linux-gnu/libX11.so.6.4.0
7f7869362000-7f7869366000 rw-p 0013b000 08:03 32507347                   /usr/lib/x86_64-linux-gnu/libX11.so.6.4.0
7f7869366000-7f786936a000 r--p 00000000 08:03 32537702                   /usr/lib/x86_64-linux-gnu/libXext.so.6.4.0
7f786936a000-7f7869375000 r-xp 00004000 08:03 32537702                   /usr/lib/x86_64-linux-gnu/libXext.so.6.4.0
7f7869375000-7f7869379000 r--p 0000f000 08:03 32537702                   /usr/lib/x86_64-linux-gnu/libXext.so.6.4.0
7f7869379000-7f786937a000 r--p 00012000 08:03 32537702                   /usr/lib/x86_64-linux-gnu/libXext.so.6.4.0
7f786937a000-7f786937b000 rw-p 00013000 08:03 32537702                   /usr/lib/x86_64-linux-gnu/libXext.so.6.4.0
7f786937c000-7f786937e000 r--s 00016000 08:03 297394                     /usr/lib/jvm/java-8-openjdk-amd64/jre/lib/jce.jar
7f786937e000-7f786938f000 r--s 001c5000 08:03 297400                     /usr/lib/jvm/java-8-openjdk-amd64/jre/lib/jsse.jar
7f786938f000-7f786939f000 r--p 00000000 08:03 297331                     /usr/lib/jvm/java-8-openjdk-amd64/jre/lib/amd64/libawt_xawt.so
7f786939f000-7f78693de000 r-xp 00010000 08:03 297331                     /usr/lib/jvm/java-8-openjdk-amd64/jre/lib/amd64/libawt_xawt.so
7f78693de000-7f78693ef000 r--p 0004f000 08:03 297331                     /usr/lib/jvm/java-8-openjdk-amd64/jre/lib/amd64/libawt_xawt.so
7f78693ef000-7f78693f0000 r--p 0005f000 08:03 297331                     /usr/lib/jvm/java-8-openjdk-amd64/jre/lib/amd64/libawt_xawt.so
7f78693f0000-7f78693f3000 rw-p 00060000 08:03 297331                     /usr/lib/jvm/java-8-openjdk-amd64/jre/lib/amd64/libawt_xawt.so
7f78693f3000-7f78693f5000 rw-p 00000000 00:00 0 
7f78693f5000-7f7869422000 r--p 00000000 08:03 297329                     /usr/lib/jvm/java-8-openjdk-amd64/jre/lib/amd64/libawt.so
7f7869422000-7f786948c000 r-xp 0002d000 08:03 297329                     /usr/lib/jvm/java-8-openjdk-amd64/jre/lib/amd64/libawt.so
7f786948c000-7f7869498000 r--p 00097000 08:03 297329                     /usr/lib/jvm/java-8-openjdk-amd64/jre/lib/amd64/libawt.so
7f7869498000-7f7869499000 ---p 000a3000 08:03 297329                     /usr/lib/jvm/java-8-openjdk-amd64/jre/lib/amd64/libawt.so
7f7869499000-7f786949a000 r--p 000a3000 08:03 297329                     /usr/lib/jvm/java-8-openjdk-amd64/jre/lib/amd64/libawt.so
7f786949a000-7f78694a5000 rw-p 000a4000 08:03 297329                     /usr/lib/jvm/java-8-openjdk-amd64/jre/lib/amd64/libawt.so
7f78694a5000-7f78694ca000 rw-p 00000000 00:00 0 
7f78694ca000-7f78694d0000 r--s 002f9000 08:03 297363                     /usr/lib/jvm/java-8-openjdk-amd64/jre/lib/charsets.jar
7f78694d0000-7f78694e2000 r--s 0034c000 08:03 297405                     /usr/lib/jvm/java-8-openjdk-amd64/jre/lib/resources.jar
7f78694e2000-7f78696e2000 rw-p 00000000 00:00 0 
7f78696e2000-7f78698e2000 rw-p 00000000 00:00 0 
7f78698e2000-7f78698e5000 ---p 00000000 00:00 0 
7f78698e5000-7f78699e2000 rw-p 00000000 00:00 0 
7f78699e2000-7f78699e5000 ---p 00000000 00:00 0 
7f78699e5000-7f7869ae2000 rw-p 00000000 00:00 0 
7f7869ae2000-7f7869ae4000 r--s 00005000 08:03 24252293                   /home/wtwhite/.m2/repository/org/apache/maven/surefire/common-junit4/3.2.5/common-junit4-3.2.5.jar
7f7869ae4000-7f7869ae5000 r--s 00002000 08:03 24252291                   /home/wtwhite/.m2/repository/org/apache/maven/surefire/common-junit3/3.2.5/common-junit3-3.2.5.jar
7f7869ae5000-7f7869ae7000 r--s 00003000 08:03 18146989                   /home/wtwhite/.m2/repository/org/apache/maven/surefire/common-java5/3.2.5/common-java5-3.2.5.jar
7f7869ae7000-7f7869ae9000 r--s 00003000 08:03 18594994                   /home/wtwhite/.m2/repository/org/apache/maven/surefire/surefire-junit4/3.2.5/surefire-junit4-3.2.5.jar
7f7869ae9000-7f7869aeb000 r--s 00009000 08:03 18093033                   /home/wtwhite/.m2/repository/org/hamcrest/hamcrest-core/1.3/hamcrest-core-1.3.jar
7f7869aeb000-7f7869af4000 r--s 00055000 08:03 18095130                   /home/wtwhite/.m2/repository/junit/junit/4.13.2/junit-4.13.2.jar
7f7869af4000-7f7869b91000 r--s 0066c000 08:03 18160677                   /home/wtwhite/code/regression-test-generation/evosuite/evosuite-standalone-runtime-1.2.0.jar
7f7869b91000-7f7869b93000 r--s 00009000 08:03 22587241                   /home/wtwhite/code/craw-redhat-oss/wget/crawl/repo1.maven.org/maven2/io/netty/netty-buffer/4.1.102.Final/target/dependency/slf4j-api-1.7.30.jar
7f7869b93000-7f7869b98000 r--s 00051000 08:03 22587236                   /home/wtwhite/code/craw-redhat-oss/wget/crawl/repo1.maven.org/maven2/io/netty/netty-buffer/4.1.102.Final/target/dependency/picocli-4.1.4.jar
7f7869b98000-7f7869b99000 r--s 00001000 08:03 22587222                   /home/wtwhite/code/craw-redhat-oss/wget/crawl/repo1.maven.org/maven2/io/netty/netty-buffer/4.1.102.Final/target/dependency/opentest4j-1.2.0.jar
7f7869b99000-7f7869b9b000 r--s 0000c000 08:03 22587223                   /home/wtwhite/code/craw-redhat-oss/wget/crawl/repo1.maven.org/maven2/io/netty/netty-buffer/4.1.102.Final/target/dependency/objenesis-2.6.jar
7f7869b9b000-7f7869ba9000 r--s 00094000 08:03 22587242                   /home/wtwhite/code/craw-redhat-oss/wget/crawl/repo1.maven.org/maven2/io/netty/netty-buffer/4.1.102.Final/target/dependency/netty-common-4.1.102.Final.jar
7f7869ba9000-7f7869baa000 r--s 00002000 08:03 22587214                   /home/wtwhite/code/craw-redhat-oss/wget/crawl/repo1.maven.org/maven2/io/netty/netty-buffer/4.1.102.Final/target/dependency/netty-build-common-31.jar
7f7869baa000-7f7869bba000 r--s 00078000 08:03 22587220                   /home/wtwhite/code/craw-redhat-oss/wget/crawl/repo1.maven.org/maven2/io/netty/netty-buffer/4.1.102.Final/target/dependency/mockito-core-2.18.3.jar
7f7869bba000-7f7869bc4000 r--s 00064000 08:03 22587227                   /home/wtwhite/code/craw-redhat-oss/wget/crawl/repo1.maven.org/maven2/io/netty/netty-buffer/4.1.102.Final/target/dependency/logback-core-1.2.13.jar
7f7869bc4000-7f7869bca000 r--s 00033000 08:03 22587229                   /home/wtwhite/code/craw-redhat-oss/wget/crawl/repo1.maven.org/maven2/io/netty/netty-buffer/4.1.102.Final/target/dependency/logback-classic-1.2.13.jar
7f7869bca000-7f7869bcb000 r--s 00000000 08:03 22587215                   /home/wtwhite/code/craw-redhat-oss/wget/crawl/repo1.maven.org/maven2/io/netty/netty-buffer/4.1.102.Final/target/dependency/listenablefuture-9999.0-empty-to-avoid-conflict-with-guava.jar
7f7869bcb000-7f7869bcf000 r--s 0002a000 08:03 22587232                   /home/wtwhite/code/craw-redhat-oss/wget/crawl/repo1.maven.org/maven2/io/netty/netty-buffer/4.1.102.Final/target/dependency/junit-platform-engine-1.9.0.jar
7f7869bcf000-7f7869bd2000 r--s 00017000 08:03 22587234                   /home/wtwhite/code/craw-redhat-oss/wget/crawl/repo1.maven.org/maven2/io/netty/netty-buffer/4.1.102.Final/target/dependency/junit-platform-commons-1.9.0.jar
7f7869bd2000-7f7869bdf000 r--s 00081000 08:03 22587212                   /home/wtwhite/code/craw-redhat-oss/wget/crawl/repo1.maven.org/maven2/io/netty/netty-buffer/4.1.102.Final/target/dependency/junit-jupiter-params-5.9.0.jar
7f7869bdf000-7f7869be4000 r--s 00038000 08:03 22587228                   /home/wtwhite/code/craw-redhat-oss/wget/crawl/repo1.maven.org/maven2/io/netty/netty-buffer/4.1.102.Final/target/dependency/junit-jupiter-engine-5.9.0.jar
7f7869be4000-7f7869be9000 r--s 0002d000 08:03 22587240                   /home/wtwhite/code/craw-redhat-oss/wget/crawl/repo1.maven.org/maven2/io/netty/netty-buffer/4.1.102.Final/target/dependency/junit-jupiter-api-5.9.0.jar
7f7869be9000-7f7869beb000 r--s 00003000 08:03 22587211                   /home/wtwhite/code/craw-redhat-oss/wget/crawl/repo1.maven.org/maven2/io/netty/netty-buffer/4.1.102.Final/target/dependency/jsr305-3.0.2.jar
7f7869beb000-7f7869bed000 r--s 00001000 08:03 22587226                   /home/wtwhite/code/craw-redhat-oss/wget/crawl/repo1.maven.org/maven2/io/netty/netty-buffer/4.1.102.Final/target/dependency/j2objc-annotations-1.3.jar
7f7869bed000-7f7869bee000 r--s 0000c000 08:03 22587217                   /home/wtwhite/code/craw-redhat-oss/wget/crawl/repo1.maven.org/maven2/io/netty/netty-buffer/4.1.102.Final/target/dependency/hamcrest-library-1.3.jar
7f7869bee000-7f7869bf0000 r--s 00009000 08:03 22587235                   /home/wtwhite/code/craw-redhat-oss/wget/crawl/repo1.maven.org/maven2/io/netty/netty-buffer/4.1.102.Final/target/dependency/hamcrest-core-1.3.jar
7f7869bf0000-7f7869c22000 r--s 00277000 08:03 22587221                   /home/wtwhite/code/craw-redhat-oss/wget/crawl/repo1.maven.org/maven2/io/netty/netty-buffer/4.1.102.Final/target/dependency/guava-28.2-jre.jar
7f7869c22000-7f7869c24000 r--s 00000000 08:03 22587233                   /home/wtwhite/code/craw-redhat-oss/wget/crawl/repo1.maven.org/maven2/io/netty/netty-buffer/4.1.102.Final/target/dependency/failureaccess-1.0.1.jar
7f7869c24000-7f7869c26000 r--s 00002000 08:03 22587219                   /home/wtwhite/code/craw-redhat-oss/wget/crawl/repo1.maven.org/maven2/io/netty/netty-buffer/4.1.102.Final/target/dependency/error_prone_annotations-2.3.4.jar
7f7869c26000-7f7869c33000 r--s 00083000 08:03 22587237                   /home/wtwhite/code/craw-redhat-oss/wget/crawl/repo1.maven.org/maven2/io/netty/netty-buffer/4.1.102.Final/target/dependency/commons-collections-3.2.2.jar
7f7869c33000-7f7869c38000 r--s 00038000 08:03 22587230                   /home/wtwhite/code/craw-redhat-oss/wget/crawl/repo1.maven.org/maven2/io/netty/netty-buffer/4.1.102.Final/target/dependency/commons-beanutils-1.9.4.jar
7f7869c38000-7f7869c50000 r--s 00132000 08:03 22587243                   /home/wtwhite/code/craw-redhat-oss/wget/crawl/repo1.maven.org/maven2/io/netty/netty-buffer/4.1.102.Final/target/dependency/checkstyle-8.29.jar
7f7869c50000-7f7869c5a000 r--s 00028000 08:03 22587213                   /home/wtwhite/code/craw-redhat-oss/wget/crawl/repo1.maven.org/maven2/io/netty/netty-buffer/4.1.102.Final/target/dependency/checker-qual-2.10.0.jar
7f7869c5a000-7f7869c99000 r--s 0029c000 08:03 22587231                   /home/wtwhite/code/craw-redhat-oss/wget/crawl/repo1.maven.org/maven2/io/netty/netty-buffer/4.1.102.Final/target/dependency/byte-buddy-1.8.5.jar
7f7869c99000-7f7869d03000 r--s 00426000 08:03 22587225                   /home/wtwhite/code/craw-redhat-oss/wget/crawl/repo1.maven.org/maven2/io/netty/netty-buffer/4.1.102.Final/target/dependency/assertj-core-3.18.0.jar
7f7869d03000-7f7869d3b000 r--s 00506000 08:03 22587244                   /home/wtwhite/code/craw-redhat-oss/wget/crawl/repo1.maven.org/maven2/io/netty/netty-buffer/4.1.102.Final/target/dependency/Saxon-HE-9.9.1-6.jar
7f7869d3b000-7f7869d3f000 r--p 00000000 08:03 297349                     /usr/lib/jvm/java-8-openjdk-amd64/jre/lib/amd64/libmanagement.so
7f7869d3f000-7f7869d43000 r-xp 00004000 08:03 297349                     /usr/lib/jvm/java-8-openjdk-amd64/jre/lib/amd64/libmanagement.so
7f7869d43000-7f7869d45000 r--p 00008000 08:03 297349                     /usr/lib/jvm/java-8-openjdk-amd64/jre/lib/amd64/libmanagement.so
7f7869d45000-7f7869d46000 r--p 00009000 08:03 297349                     /usr/lib/jvm/java-8-openjdk-amd64/jre/lib/amd64/libmanagement.so
7f7869d46000-7f7869d47000 rw-p 0000a000 08:03 297349                     /usr/lib/jvm/java-8-openjdk-amd64/jre/lib/amd64/libmanagement.so
7f7869d47000-7f7869d74000 r--s 00227000 08:03 18146969                   /home/wtwhite/.m2/repository/org/apache/maven/surefire/surefire-shared-utils/3.2.5/surefire-shared-utils-3.2.5.jar
7f7869d74000-7f7869d75000 ---p 00000000 00:00 0 
7f7869d75000-7f7869e75000 rw-p 00000000 00:00 0 
7f7869e75000-7f7869e78000 ---p 00000000 00:00 0 
7f7869e78000-7f7869f75000 rw-p 00000000 00:00 0 
7f7869f75000-7f7869f76000 ---p 00000000 00:00 0 
7f7869f76000-7f7869f79000 ---p 00000000 00:00 0 
7f7869f79000-7f786a076000 rw-p 00000000 00:00 0 
7f786a076000-7f786a077000 ---p 00000000 00:00 0 
7f786a077000-7f786a07a000 ---p 00000000 00:00 0 
7f786a07a000-7f786a177000 rw-p 00000000 00:00 0 
7f786a177000-7f786a178000 ---p 00000000 00:00 0 
7f786a178000-7f786a17b000 ---p 00000000 00:00 0 
7f786a17b000-7f786a278000 rw-p 00000000 00:00 0 
7f786a278000-7f786a279000 ---p 00000000 00:00 0 
7f786a279000-7f786a27c000 ---p 00000000 00:00 0 
7f786a27c000-7f786a379000 rw-p 00000000 00:00 0 
7f786a379000-7f786a37c000 ---p 00000000 00:00 0 
7f786a37c000-7f786a479000 rw-p 00000000 00:00 0 
7f786a479000-7f786a9ec000 r--p 00000000 08:03 32507564                   /usr/lib/locale/locale-archive
7f786a9ec000-7f786a9ef000 ---p 00000000 00:00 0 
7f786a9ef000-7f786aaec000 rw-p 00000000 00:00 0 
7f786aaec000-7f786aaef000 ---p 00000000 00:00 0 
7f786aaef000-7f786abec000 rw-p 00000000 00:00 0 
7f786abec000-7f786abed000 ---p 00000000 00:00 0 
7f786abed000-7f786c000000 rw-p 00000000 00:00 0 
7f786c000000-7f786c021000 rw-p 00000000 00:00 0 
7f786c021000-7f7870000000 ---p 00000000 00:00 0 
7f7870000000-7f7870002000 r--s 0000e000 08:03 22587239                   /home/wtwhite/code/craw-redhat-oss/wget/crawl/repo1.maven.org/maven2/io/netty/netty-buffer/4.1.102.Final/target/dependency/commons-logging-1.2.jar
7f7870002000-7f7870004000 r--s 00008000 08:03 22587218                   /home/wtwhite/code/craw-redhat-oss/wget/crawl/repo1.maven.org/maven2/io/netty/netty-buffer/4.1.102.Final/target/dependency/byte-buddy-agent-1.8.5.jar
7f7870004000-7f7870005000 r--s 00001000 08:03 22587238                   /home/wtwhite/code/craw-redhat-oss/wget/crawl/repo1.maven.org/maven2/io/netty/netty-buffer/4.1.102.Final/target/dependency/apiguardian-api-1.1.2.jar
7f7870005000-7f787000b000 r--s 0004d000 08:03 22587216                   /home/wtwhite/code/craw-redhat-oss/wget/crawl/repo1.maven.org/maven2/io/netty/netty-buffer/4.1.102.Final/target/dependency/antlr4-runtime-4.8-1.jar
7f787000b000-7f7870010000 r--p 00000000 08:03 297351                     /usr/lib/jvm/java-8-openjdk-amd64/jre/lib/amd64/libnet.so
7f7870010000-7f7870021000 r-xp 00005000 08:03 297351                     /usr/lib/jvm/java-8-openjdk-amd64/jre/lib/amd64/libnet.so
7f7870021000-7f7870025000 r--p 00016000 08:03 297351                     /usr/lib/jvm/java-8-openjdk-amd64/jre/lib/amd64/libnet.so
7f7870025000-7f7870026000 r--p 00019000 08:03 297351                     /usr/lib/jvm/java-8-openjdk-amd64/jre/lib/amd64/libnet.so
7f7870026000-7f7870027000 rw-p 0001a000 08:03 297351                     /usr/lib/jvm/java-8-openjdk-amd64/jre/lib/amd64/libnet.so
7f7870027000-7f787102f000 rw-p 00000000 00:00 0 
7f787102f000-7f7872897000 rw-p 00000000 00:00 0 
7f7872897000-7f7873811000 ---p 00000000 00:00 0 
7f7873811000-7f787388b000 rw-p 00000000 00:00 0 
7f787388b000-7f7874805000 ---p 00000000 00:00 0 
7f7874805000-7f78748c6000 rw-p 00000000 00:00 0 
7f78748c6000-7f7874fff000 ---p 00000000 00:00 0 
7f7874fff000-7f7875000000 rw-p 00000000 00:00 0 
7f7875000000-7f7875b70000 rwxp 00000000 00:00 0 
7f7875b70000-7f7884000000 ---p 00000000 00:00 0 
7f7884000000-7f7884db2000 rw-p 00000000 00:00 0 
7f7884db2000-7f7888000000 ---p 00000000 00:00 0 
7f7888000000-7f7888005000 r--s 00068000 08:03 22587224                   /home/wtwhite/code/craw-redhat-oss/wget/crawl/repo1.maven.org/maven2/io/netty/netty-buffer/4.1.102.Final/target/dependency/antlr-2.7.7.jar
7f7888005000-7f788800a000 r--s 00048000 08:03 22542677                   /home/wtwhite/code/craw-redhat-oss/wget/crawl/repo1.maven.org/maven2/io/netty/netty-buffer/4.1.102.Final/netty-buffer-4.1.102.Final.jar
7f788800a000-7f788800b000 r--s 00001000 08:03 18146965                   /home/wtwhite/.m2/repository/org/apache/maven/surefire/surefire-extensions-spi/3.2.5/surefire-extensions-spi-3.2.5.jar
7f788800b000-7f788800d000 r--s 00002000 08:03 18146963                   /home/wtwhite/.m2/repository/org/apache/maven/surefire/surefire-logger-api/3.2.5/surefire-logger-api-3.2.5.jar
7f788800d000-7f7888012000 r--s 00025000 08:03 18146957                   /home/wtwhite/.m2/repository/org/apache/maven/surefire/surefire-api/3.2.5/surefire-api-3.2.5.jar
7f7888012000-7f7888019000 r--p 00000000 08:03 297352                     /usr/lib/jvm/java-8-openjdk-amd64/jre/lib/amd64/libnio.so
7f7888019000-7f7888022000 r-xp 00007000 08:03 297352                     /usr/lib/jvm/java-8-openjdk-amd64/jre/lib/amd64/libnio.so
7f7888022000-7f7888025000 r--p 00010000 08:03 297352                     /usr/lib/jvm/java-8-openjdk-amd64/jre/lib/amd64/libnio.so
7f7888025000-7f7888026000 r--p 00012000 08:03 297352                     /usr/lib/jvm/java-8-openjdk-amd64/jre/lib/amd64/libnio.so
7f7888026000-7f7888027000 rw-p 00013000 08:03 297352                     /usr/lib/jvm/java-8-openjdk-amd64/jre/lib/amd64/libnio.so
7f7888027000-7f788802a000 r--s 0001a000 08:03 18146961                   /home/wtwhite/.m2/repository/org/apache/maven/surefire/surefire-booter/3.2.5/surefire-booter-3.2.5.jar
7f788802a000-7f788802b000 r--s 00000000 08:03 18607497                   /home/wtwhite/code/regression-test-generation/find-diff-classes/compile/mvnc/io/netty/netty-buffer/4.1.102.Final/target/surefire/surefirebooter-20241106133443309_3.jar
7f788802b000-7f7888047000 r--s 00394000 08:03 297373                     /usr/lib/jvm/java-8-openjdk-amd64/jre/lib/ext/cldrdata.jar
7f7888047000-7f7888049000 r--s 00010000 08:03 297382                     /usr/lib/jvm/java-8-openjdk-amd64/jre/lib/ext/zipfs.jar
7f7888049000-7f7888064000 r--s 001d6000 08:03 297378                     /usr/lib/jvm/java-8-openjdk-amd64/jre/lib/ext/nashorn.jar
7f7888064000-7f7888065000 r--s 0000a000 08:03 297376                     /usr/lib/jvm/java-8-openjdk-amd64/jre/lib/ext/jaccess.jar
7f7888065000-7f7888067000 r--s 00001000 08:03 297374                     /usr/lib/jvm/java-8-openjdk-amd64/jre/lib/ext/dnsns.jar
7f7888067000-7f7888069000 r--s 0000c000 08:03 155866                     /usr/share/java/java-atk-wrapper.jar
7f7888069000-7f788806f000 r--s 0003e000 08:03 297380                     /usr/lib/jvm/java-8-openjdk-amd64/jre/lib/ext/sunjce_provider.jar
7f788806f000-7f7888079000 r--s 00117000 08:03 297377                     /usr/lib/jvm/java-8-openjdk-amd64/jre/lib/ext/localedata.jar
7f7888079000-7f788807c000 r--s 00042000 08:03 297381                     /usr/lib/jvm/java-8-openjdk-amd64/jre/lib/ext/sunpkcs11.jar
7f788807c000-7f788807f000 r--s 0000f000 08:03 297375                     /usr/lib/jvm/java-8-openjdk-amd64/jre/lib/ext/icedtea-sound.jar
7f788807f000-7f7888081000 r--s 00008000 08:03 297379                     /usr/lib/jvm/java-8-openjdk-amd64/jre/lib/ext/sunec.jar
7f7888081000-7f7888088000 r--s 000d3000 08:03 297399                     /usr/lib/jvm/java-8-openjdk-amd64/jre/lib/jfr.jar
7f7888088000-7f78880d6000 rw-p 00000000 00:00 0 
7f78880d6000-7f78882a8000 r--s 03cc6000 08:03 297406                     /usr/lib/jvm/java-8-openjdk-amd64/jre/lib/rt.jar
7f78882a8000-7f7888469000 rw-p 00000000 00:00 0 
7f7888469000-7f788846a000 ---p 00000000 00:00 0 
7f788846a000-7f788856a000 rw-p 00000000 00:00 0 
7f788856a000-7f788856b000 ---p 00000000 00:00 0 
7f788856b000-7f788866b000 rw-p 00000000 00:00 0 
7f788866b000-7f788866c000 ---p 00000000 00:00 0 
7f788866c000-7f788876c000 rw-p 00000000 00:00 0 
7f788876c000-7f788876d000 ---p 00000000 00:00 0 
7f788876d000-7f788886d000 rw-p 00000000 00:00 0 
7f788886d000-7f788886e000 ---p 00000000 00:00 0 
7f788886e000-7f788896e000 rw-p 00000000 00:00 0 
7f788896e000-7f788896f000 ---p 00000000 00:00 0 
7f788896f000-7f7888a6f000 rw-p 00000000 00:00 0 
7f7888a6f000-7f7888a70000 ---p 00000000 00:00 0 
7f7888a70000-7f7888b70000 rw-p 00000000 00:00 0 
7f7888b70000-7f7888b71000 ---p 00000000 00:00 0 
7f7888b71000-7f7888c9f000 rw-p 00000000 00:00 0 
7f7888c9f000-7f7889031000 ---p 00000000 00:00 0 
7f7889031000-7f7889034000 r--p 00000000 08:03 297359                     /usr/lib/jvm/java-8-openjdk-amd64/jre/lib/amd64/libzip.so
7f7889034000-7f7889039000 r-xp 00003000 08:03 297359                     /usr/lib/jvm/java-8-openjdk-amd64/jre/lib/amd64/libzip.so
7f7889039000-7f788903b000 r--p 00008000 08:03 297359                     /usr/lib/jvm/java-8-openjdk-amd64/jre/lib/amd64/libzip.so
7f788903b000-7f788903c000 r--p 00009000 08:03 297359                     /usr/lib/jvm/java-8-openjdk-amd64/jre/lib/amd64/libzip.so
7f788903c000-7f788903d000 rw-p 0000a000 08:03 297359                     /usr/lib/jvm/java-8-openjdk-amd64/jre/lib/amd64/libzip.so
7f788903d000-7f7889045000 rw-s 00000000 08:03 4676687                    /tmp/hsperfdata_wtwhite/2327248
7f7889045000-7f7889052000 r--p 00000000 08:03 297340                     /usr/lib/jvm/java-8-openjdk-amd64/jre/lib/amd64/libjava.so
7f7889052000-7f788906a000 r-xp 0000d000 08:03 297340                     /usr/lib/jvm/java-8-openjdk-amd64/jre/lib/amd64/libjava.so
7f788906a000-7f7889071000 r--p 00025000 08:03 297340                     /usr/lib/jvm/java-8-openjdk-amd64/jre/lib/amd64/libjava.so
7f7889071000-7f7889072000 r--p 0002b000 08:03 297340                     /usr/lib/jvm/java-8-openjdk-amd64/jre/lib/amd64/libjava.so
7f7889072000-7f7889074000 rw-p 0002c000 08:03 297340                     /usr/lib/jvm/java-8-openjdk-amd64/jre/lib/amd64/libjava.so
7f7889074000-7f7889075000 r--p 00000000 08:03 32507839                   /usr/lib/x86_64-linux-gnu/librt.so.1
7f7889075000-7f7889076000 r-xp 00001000 08:03 32507839                   /usr/lib/x86_64-linux-gnu/librt.so.1
7f7889076000-7f7889077000 r--p 00002000 08:03 32507839                   /usr/lib/x86_64-linux-gnu/librt.so.1
7f7889077000-7f7889078000 r--p 00002000 08:03 32507839                   /usr/lib/x86_64-linux-gnu/librt.so.1
7f7889078000-7f7889079000 rw-p 00003000 08:03 32507839                   /usr/lib/x86_64-linux-gnu/librt.so.1
7f7889079000-7f788907a000 ---p 00000000 00:00 0 
7f788907a000-7f788907d000 ---p 00000000 00:00 0 
7f788907d000-7f788917a000 rw-p 00000000 00:00 0 
7f788917a000-7f788917d000 r--p 00000000 08:03 32509758                   /usr/lib/x86_64-linux-gnu/libgcc_s.so.1
7f788917d000-7f7889194000 r-xp 00003000 08:03 32509758                   /usr/lib/x86_64-linux-gnu/libgcc_s.so.1
7f7889194000-7f7889198000 r--p 0001a000 08:03 32509758                   /usr/lib/x86_64-linux-gnu/libgcc_s.so.1
7f7889198000-7f7889199000 r--p 0001d000 08:03 32509758                   /usr/lib/x86_64-linux-gnu/libgcc_s.so.1
7f7889199000-7f788919a000 rw-p 0001e000 08:03 32509758                   /usr/lib/x86_64-linux-gnu/libgcc_s.so.1
7f788919a000-7f78891a8000 r--p 00000000 08:03 32507825                   /usr/lib/x86_64-linux-gnu/libm.so.6
7f78891a8000-7f7889224000 r-xp 0000e000 08:03 32507825                   /usr/lib/x86_64-linux-gnu/libm.so.6
7f7889224000-7f788927f000 r--p 0008a000 08:03 32507825                   /usr/lib/x86_64-linux-gnu/libm.so.6
7f788927f000-7f7889280000 r--p 000e4000 08:03 32507825                   /usr/lib/x86_64-linux-gnu/libm.so.6
7f7889280000-7f7889281000 rw-p 000e5000 08:03 32507825                   /usr/lib/x86_64-linux-gnu/libm.so.6
7f7889281000-7f788931b000 r--p 00000000 08:03 32506382                   /usr/lib/x86_64-linux-gnu/libstdc++.so.6.0.30
7f788931b000-7f788942c000 r-xp 0009a000 08:03 32506382                   /usr/lib/x86_64-linux-gnu/libstdc++.so.6.0.30
7f788942c000-7f788949b000 r--p 001ab000 08:03 32506382                   /usr/lib/x86_64-linux-gnu/libstdc++.so.6.0.30
7f788949b000-7f788949c000 ---p 0021a000 08:03 32506382                   /usr/lib/x86_64-linux-gnu/libstdc++.so.6.0.30
7f788949c000-7f78894a7000 r--p 0021a000 08:03 32506382                   /usr/lib/x86_64-linux-gnu/libstdc++.so.6.0.30
7f78894a7000-7f78894aa000 rw-p 00225000 08:03 32506382                   /usr/lib/x86_64-linux-gnu/libstdc++.so.6.0.30
7f78894aa000-7f78894ad000 rw-p 00000000 00:00 0 
7f78894ad000-7f78896a3000 r--p 00000000 08:03 297362                     /usr/lib/jvm/java-8-openjdk-amd64/jre/lib/amd64/server/libjvm.so
7f78896a3000-7f788a013000 r-xp 001f6000 08:03 297362                     /usr/lib/jvm/java-8-openjdk-amd64/jre/lib/amd64/server/libjvm.so
7f788a013000-7f788a1be000 r--p 00b66000 08:03 297362                     /usr/lib/jvm/java-8-openjdk-amd64/jre/lib/amd64/server/libjvm.so
7f788a1be000-7f788a1bf000 ---p 00d11000 08:03 297362                     /usr/lib/jvm/java-8-openjdk-amd64/jre/lib/amd64/server/libjvm.so
7f788a1bf000-7f788a255000 r--p 00d11000 08:03 297362                     /usr/lib/jvm/java-8-openjdk-amd64/jre/lib/amd64/server/libjvm.so
7f788a255000-7f788a27e000 rw-p 00da7000 08:03 297362                     /usr/lib/jvm/java-8-openjdk-amd64/jre/lib/amd64/server/libjvm.so
7f788a27e000-7f788a2b3000 rw-p 00000000 00:00 0 
7f788a2b3000-7f788a2b5000 r--p 00000000 08:03 32539495                   /usr/lib/x86_64-linux-gnu/libz.so.1.2.11
7f788a2b5000-7f788a2c6000 r-xp 00002000 08:03 32539495                   /usr/lib/x86_64-linux-gnu/libz.so.1.2.11
7f788a2c6000-7f788a2cc000 r--p 00013000 08:03 32539495                   /usr/lib/x86_64-linux-gnu/libz.so.1.2.11
7f788a2cc000-7f788a2cd000 ---p 00019000 08:03 32539495                   /usr/lib/x86_64-linux-gnu/libz.so.1.2.11
7f788a2cd000-7f788a2ce000 r--p 00019000 08:03 32539495                   /usr/lib/x86_64-linux-gnu/libz.so.1.2.11
7f788a2ce000-7f788a2cf000 rw-p 0001a000 08:03 32539495                   /usr/lib/x86_64-linux-gnu/libz.so.1.2.11
7f788a2cf000-7f788a2f7000 r--p 00000000 08:03 32507798                   /usr/lib/x86_64-linux-gnu/libc.so.6
7f788a2f7000-7f788a48c000 r-xp 00028000 08:03 32507798                   /usr/lib/x86_64-linux-gnu/libc.so.6
7f788a48c000-7f788a4e4000 r--p 001bd000 08:03 32507798                   /usr/lib/x86_64-linux-gnu/libc.so.6
7f788a4e4000-7f788a4e8000 r--p 00214000 08:03 32507798                   /usr/lib/x86_64-linux-gnu/libc.so.6
7f788a4e8000-7f788a4ea000 rw-p 00218000 08:03 32507798                   /usr/lib/x86_64-linux-gnu/libc.so.6
7f788a4ea000-7f788a4f8000 rw-p 00000000 00:00 0 
7f788a4f8000-7f788a4fd000 r--p 00000000 08:03 297358                     /usr/lib/jvm/java-8-openjdk-amd64/jre/lib/amd64/libverify.so
7f788a4fd000-7f788a506000 r-xp 00005000 08:03 297358                     /usr/lib/jvm/java-8-openjdk-amd64/jre/lib/amd64/libverify.so
7f788a506000-7f788a508000 r--p 0000e000 08:03 297358                     /usr/lib/jvm/java-8-openjdk-amd64/jre/lib/amd64/libverify.so
7f788a508000-7f788a50a000 r--p 0000f000 08:03 297358                     /usr/lib/jvm/java-8-openjdk-amd64/jre/lib/amd64/libverify.so
7f788a50a000-7f788a50b000 rw-p 00011000 08:03 297358                     /usr/lib/jvm/java-8-openjdk-amd64/jre/lib/amd64/libverify.so
7f788a50b000-7f788a50e000 r--p 00000000 08:03 297326                     /usr/lib/jvm/java-8-openjdk-amd64/jre/lib/amd64/jli/libjli.so
7f788a50e000-7f788a517000 r-xp 00003000 08:03 297326                     /usr/lib/jvm/java-8-openjdk-amd64/jre/lib/amd64/jli/libjli.so
7f788a517000-7f788a51a000 r--p 0000c000 08:03 297326                     /usr/lib/jvm/java-8-openjdk-amd64/jre/lib/amd64/jli/libjli.so
7f788a51a000-7f788a51b000 r--p 0000e000 08:03 297326                     /usr/lib/jvm/java-8-openjdk-amd64/jre/lib/amd64/jli/libjli.so
7f788a51b000-7f788a51c000 rw-p 0000f000 08:03 297326                     /usr/lib/jvm/java-8-openjdk-amd64/jre/lib/amd64/jli/libjli.so
7f788a51c000-7f788a51e000 rw-p 00000000 00:00 0 
7f788a51e000-7f788a520000 r--p 00000000 08:03 32507795                   /usr/lib/x86_64-linux-gnu/ld-linux-x86-64.so.2
7f788a520000-7f788a54a000 r-xp 00002000 08:03 32507795                   /usr/lib/x86_64-linux-gnu/ld-linux-x86-64.so.2
7f788a54a000-7f788a555000 r--p 0002c000 08:03 32507795                   /usr/lib/x86_64-linux-gnu/ld-linux-x86-64.so.2
7f788a555000-7f788a556000 r--p 00000000 00:00 0 
7f788a556000-7f788a558000 r--p 00037000 08:03 32507795                   /usr/lib/x86_64-linux-gnu/ld-linux-x86-64.so.2
7f788a558000-7f788a55a000 rw-p 00039000 08:03 32507795                   /usr/lib/x86_64-linux-gnu/ld-linux-x86-64.so.2
7ffff92f5000-7ffff9317000 rw-p 00000000 00:00 0                          [stack]
7ffff939c000-7ffff93a0000 r--p 00000000 00:00 0                          [vvar]
7ffff93a0000-7ffff93a2000 r-xp 00000000 00:00 0                          [vdso]
ffffffffff600000-ffffffffff601000 --xp 00000000 00:00 0                  [vsyscall]

VM Arguments:
java_command: /home/wtwhite/code/regression-test-generation/find-diff-classes/compile/mvnc/io/netty/netty-buffer/4.1.102.Final/target/surefire/surefirebooter-20241106133443309_3.jar /home/wtwhite/code/regression-test-generation/find-diff-classes/compile/mvnc/io/netty/netty-buffer/4.1.102.Final/target/surefire 2024-11-06T13-34-43_131-jvmRun1 surefire-20241106133443309_1tmp surefire_0-20241106133443309_2tmp
java_class_path (initial): /home/wtwhite/code/regression-test-generation/find-diff-classes/compile/mvnc/io/netty/netty-buffer/4.1.102.Final/target/surefire/surefirebooter-20241106133443309_3.jar
Launcher Type: SUN_STANDARD

Environment Variables:
PATH=/home/wtwhite/gcloud/google-cloud-sdk/bin:/home/wtwhite/.local/bin:/home/wtwhite/bin:/usr/local/sbin:/usr/local/bin:/usr/sbin:/usr/bin:/sbin:/bin:/usr/games:/usr/local/games:/snap/bin
SHELL=/bin/bash
DISPLAY=:0.0

Signal Handlers:
SIGSEGV: [libjvm.so+0xb3f5e0], sa_mask[0]=11111111011111111101111111111110, sa_flags=SA_RESTART|SA_SIGINFO
SIGBUS: [libjvm.so+0xb3f5e0], sa_mask[0]=11111111011111111101111111111110, sa_flags=SA_RESTART|SA_SIGINFO
SIGFPE: [libjvm.so+0x97dee0], sa_mask[0]=11111111011111111101111111111110, sa_flags=SA_RESTART|SA_SIGINFO
SIGPIPE: [libjvm.so+0x97dee0], sa_mask[0]=11111111011111111101111111111110, sa_flags=SA_RESTART|SA_SIGINFO
SIGXFSZ: [libjvm.so+0x97dee0], sa_mask[0]=11111111011111111101111111111110, sa_flags=SA_RESTART|SA_SIGINFO
SIGILL: [libjvm.so+0x97dee0], sa_mask[0]=11111111011111111101111111111110, sa_flags=SA_RESTART|SA_SIGINFO
SIGUSR1: SIG_DFL, sa_mask[0]=00000000000000000000000000000000, sa_flags=none
SIGUSR2: [libjvm.so+0x97e210], sa_mask[0]=00000000000000000000000000000000, sa_flags=SA_RESTART|SA_SIGINFO
SIGHUP: [libjvm.so+0x97e160], sa_mask[0]=11111111011111111101111111111110, sa_flags=SA_RESTART|SA_SIGINFO
SIGINT: [libjvm.so+0x97e160], sa_mask[0]=11111111011111111101111111111110, sa_flags=SA_RESTART|SA_SIGINFO
SIGTERM: [libjvm.so+0x97e160], sa_mask[0]=11111111011111111101111111111110, sa_flags=SA_RESTART|SA_SIGINFO
SIGQUIT: [libjvm.so+0x97e160], sa_mask[0]=11111111011111111101111111111110, sa_flags=SA_RESTART|SA_SIGINFO


---------------  S Y S T E M  ---------------

OS:DISTRIB_ID=LinuxMint
DISTRIB_RELEASE=21.2
DISTRIB_CODENAME=victoria
DISTRIB_DESCRIPTION="Linux Mint 21.2 Victoria"

uname:Linux 5.15.0-87-generic #97-Ubuntu SMP Mon Oct 2 21:09:21 UTC 2023 x86_64
libc:glibc 2.35 NPTL 2.35 
rlimit: STACK 8192k, CORE 0k, NPROC 195507, NOFILE 1048576, AS infinity
load average:3.08 2.29 1.42

/proc/meminfo:
MemTotal:       50182580 kB
MemFree:         8467580 kB
MemAvailable:   42301980 kB
Buffers:         8553444 kB
Cached:         10614284 kB
SwapCached:        85960 kB
Active:         12899244 kB
Inactive:       12250544 kB
Active(anon):    1379188 kB
Inactive(anon):  4950124 kB
Active(file):   11520056 kB
Inactive(file):  7300420 kB
Unevictable:          80 kB
Mlocked:              80 kB
SwapTotal:       2097148 kB
SwapFree:         859384 kB
Dirty:               112 kB
Writeback:             0 kB
AnonPages:       5916076 kB
Mapped:          1692884 kB
Shmem:            347616 kB
KReclaimable:   15614068 kB
Slab:           16295348 kB
SReclaimable:   15614068 kB
SUnreclaim:       681280 kB
KernelStack:       21584 kB
PageTables:        53452 kB
NFS_Unstable:          0 kB
Bounce:                0 kB
WritebackTmp:          0 kB
CommitLimit:    27188436 kB
Committed_AS:   14987108 kB
VmallocTotal:   34359738367 kB
VmallocUsed:      134012 kB
VmallocChunk:          0 kB
Percpu:             8192 kB
HardwareCorrupted:     0 kB
AnonHugePages:      2048 kB
ShmemHugePages:        0 kB
ShmemPmdMapped:        0 kB
FileHugePages:         0 kB
FilePmdMapped:         0 kB
HugePages_Total:       0
HugePages_Free:        0
HugePages_Rsvd:        0
HugePages_Surp:        0
Hugepagesize:       2048 kB
Hugetlb:               0 kB
DirectMap4k:     1542080 kB
DirectMap2M:    49657856 kB

container (cgroup) information:
container_type: cgroupv2
cpu_cpuset_cpus: failed
cpu_memory_nodes: failed
active_processor_count: 8
cpu_quota: -2
cpu_period: -2
cpu_shares: -2
memory_limit_in_bytes: -1
memory_and_swap_limit_in_bytes: -1
memory_soft_limit_in_bytes: 0
memory_usage_in_bytes: 32934150144
memory_max_usage_in_bytes: -2


CPU:total 8 (initial active 8) (8 cores per cpu, 1 threads per core) family 6 model 186 stepping 3, cmov, cx8, fxsr, mmx, sse, sse2, sse3, ssse3, sse4.1, sse4.2, popcnt, avx, avx2, aes, clmul, 3dnowpref, lzcnt, tsc, tscinvbit, bmi1, bmi2

/proc/cpuinfo:
processor	: 0
vendor_id	: GenuineIntel
cpu family	: 6
model		: 186
model name	: 13th Gen Intel(R) Core(TM) i7-1355U
stepping	: 3
cpu MHz		: 2611.200
cache size	: 12288 KB
physical id	: 0
siblings	: 8
core id		: 0
cpu cores	: 8
apicid		: 0
initial apicid	: 0
fpu		: yes
fpu_exception	: yes
cpuid level	: 22
wp		: yes
flags		: fpu vme de pse tsc msr pae mce cx8 apic sep mtrr pge mca cmov pat pse36 clflush mmx fxsr sse sse2 ht syscall nx rdtscp lm constant_tsc rep_good nopl xtopology nonstop_tsc cpuid tsc_known_freq pni pclmulqdq ssse3 cx16 sse4_1 sse4_2 x2apic movbe popcnt aes xsave avx rdrand hypervisor lahf_lm abm 3dnowprefetch fsgsbase bmi1 avx2 bmi2 invpcid rdseed clflushopt md_clear flush_l1d arch_capabilities
bugs		: spectre_v1 spectre_v2 spec_store_bypass swapgs
bogomips	: 5222.40
clflush size	: 64
cache_alignment	: 64
address sizes	: 39 bits physical, 48 bits virtual
power management:

processor	: 1
vendor_id	: GenuineIntel
cpu family	: 6
model		: 186
model name	: 13th Gen Intel(R) Core(TM) i7-1355U
stepping	: 3
cpu MHz		: 2611.200
cache size	: 12288 KB
physical id	: 0
siblings	: 8
core id		: 1
cpu cores	: 8
apicid		: 1
initial apicid	: 1
fpu		: yes
fpu_exception	: yes
cpuid level	: 22
wp		: yes
flags		: fpu vme de pse tsc msr pae mce cx8 apic sep mtrr pge mca cmov pat pse36 clflush mmx fxsr sse sse2 ht syscall nx rdtscp lm constant_tsc rep_good nopl xtopology nonstop_tsc cpuid tsc_known_freq pni pclmulqdq ssse3 cx16 sse4_1 sse4_2 x2apic movbe popcnt aes xsave avx rdrand hypervisor lahf_lm abm 3dnowprefetch fsgsbase bmi1 avx2 bmi2 invpcid rdseed clflushopt md_clear flush_l1d arch_capabilities
bugs		: spectre_v1 spectre_v2 spec_store_bypass swapgs
bogomips	: 5222.40
clflush size	: 64
cache_alignment	: 64
address sizes	: 39 bits physical, 48 bits virtual
power management:

processor	: 2
vendor_id	: GenuineIntel
cpu family	: 6
model		: 186
model name	: 13th Gen Intel(R) Core(TM) i7-1355U
stepping	: 3
cpu MHz		: 2611.200
cache size	: 12288 KB
physical id	: 0
siblings	: 8
core id		: 2
cpu cores	: 8
apicid		: 2
initial apicid	: 2
fpu		: yes
fpu_exception	: yes
cpuid level	: 22
wp		: yes
flags		: fpu vme de pse tsc msr pae mce cx8 apic sep mtrr pge mca cmov pat pse36 clflush mmx fxsr sse sse2 ht syscall nx rdtscp lm constant_tsc rep_good nopl xtopology nonstop_tsc cpuid tsc_known_freq pni pclmulqdq ssse3 cx16 sse4_1 sse4_2 x2apic movbe popcnt aes xsave avx rdrand hypervisor lahf_lm abm 3dnowprefetch fsgsbase bmi1 avx2 bmi2 invpcid rdseed clflushopt md_clear flush_l1d arch_capabilities
bugs		: spectre_v1 spectre_v2 spec_store_bypass swapgs
bogomips	: 5222.40
clflush size	: 64
cache_alignment	: 64
address sizes	: 39 bits physical, 48 bits virtual
power management:

processor	: 3
vendor_id	: GenuineIntel
cpu family	: 6
model		: 186
model name	: 13th Gen Intel(R) Core(TM) i7-1355U
stepping	: 3
cpu MHz		: 2611.200
cache size	: 12288 KB
physical id	: 0
siblings	: 8
core id		: 3
cpu cores	: 8
apicid		: 3
initial apicid	: 3
fpu		: yes
fpu_exception	: yes
cpuid level	: 22
wp		: yes
flags		: fpu vme de pse tsc msr pae mce cx8 apic sep mtrr pge mca cmov pat pse36 clflush mmx fxsr sse sse2 ht syscall nx rdtscp lm constant_tsc rep_good nopl xtopology nonstop_tsc cpuid tsc_known_freq pni pclmulqdq ssse3 cx16 sse4_1 sse4_2 x2apic movbe popcnt aes xsave avx rdrand hypervisor lahf_lm abm 3dnowprefetch fsgsbase bmi1 avx2 bmi2 invpcid rdseed clflushopt md_clear flush_l1d arch_capabilities
bugs		: spectre_v1 spectre_v2 spec_store_bypass swapgs
bogomips	: 5222.40
clflush size	: 64
cache_alignment	: 64
address sizes	: 39 bits physical, 48 bits virtual
power management:

processor	: 4
vendor_id	: GenuineIntel
cpu family	: 6
model		: 186
model name	: 13th Gen Intel(R) Core(TM) i7-1355U
stepping	: 3
cpu MHz		: 2611.200
cache size	: 12288 KB
physical id	: 0
siblings	: 8
core id		: 4
cpu cores	: 8
apicid		: 4
initial apicid	: 4
fpu		: yes
fpu_exception	: yes
cpuid level	: 22
wp		: yes
flags		: fpu vme de pse tsc msr pae mce cx8 apic sep mtrr pge mca cmov pat pse36 clflush mmx fxsr sse sse2 ht syscall nx rdtscp lm constant_tsc rep_good nopl xtopology nonstop_tsc cpuid tsc_known_freq pni pclmulqdq ssse3 cx16 sse4_1 sse4_2 x2apic movbe popcnt aes xsave avx rdrand hypervisor lahf_lm abm 3dnowprefetch fsgsbase bmi1 avx2 bmi2 invpcid rdseed clflushopt md_clear flush_l1d arch_capabilities
bugs		: spectre_v1 spectre_v2 spec_store_bypass swapgs
bogomips	: 5222.40
clflush size	: 64
cache_alignment	: 64
address sizes	: 39 bits physical, 48 bits virtual
power management:

processor	: 5
vendor_id	: GenuineIntel
cpu family	: 6
model		: 186
model name	: 13th Gen Intel(R) Core(TM) i7-1355U
stepping	: 3
cpu MHz		: 2611.200
cache size	: 12288 KB
physical id	: 0
siblings	: 8
core id		: 5
cpu cores	: 8
apicid		: 5
initial apicid	: 5
fpu		: yes
fpu_exception	: yes
cpuid level	: 22
wp		: yes
flags		: fpu vme de pse tsc msr pae mce cx8 apic sep mtrr pge mca cmov pat pse36 clflush mmx fxsr sse sse2 ht syscall nx rdtscp lm constant_tsc rep_good nopl xtopology nonstop_tsc cpuid tsc_known_freq pni pclmulqdq ssse3 cx16 sse4_1 sse4_2 x2apic movbe popcnt aes xsave avx rdrand hypervisor lahf_lm abm 3dnowprefetch fsgsbase bmi1 avx2 bmi2 invpcid rdseed clflushopt md_clear flush_l1d arch_capabilities
bugs		: spectre_v1 spectre_v2 spec_store_bypass swapgs
bogomips	: 5222.40
clflush size	: 64
cache_alignment	: 64
address sizes	: 39 bits physical, 48 bits virtual
power management:

processor	: 6
vendor_id	: GenuineIntel
cpu family	: 6
model		: 186
model name	: 13th Gen Intel(R) Core(TM) i7-1355U
stepping	: 3
cpu MHz		: 2611.200
cache size	: 12288 KB
physical id	: 0
siblings	: 8
core id		: 6
cpu cores	: 8
apicid		: 6
initial apicid	: 6
fpu		: yes
fpu_exception	: yes
cpuid level	: 22
wp		: yes
flags		: fpu vme de pse tsc msr pae mce cx8 apic sep mtrr pge mca cmov pat pse36 clflush mmx fxsr sse sse2 ht syscall nx rdtscp lm constant_tsc rep_good nopl xtopology nonstop_tsc cpuid tsc_known_freq pni pclmulqdq ssse3 cx16 sse4_1 sse4_2 x2apic movbe popcnt aes xsave avx rdrand hypervisor lahf_lm abm 3dnowprefetch fsgsbase bmi1 avx2 bmi2 invpcid rdseed clflushopt md_clear flush_l1d arch_capabilities
bugs		: spectre_v1 spectre_v2 spec_store_bypass swapgs
bogomips	: 5222.40
clflush size	: 64
cache_alignment	: 64
address sizes	: 39 bits physical, 48 bits virtual
power management:

processor	: 7
vendor_id	: GenuineIntel
cpu family	: 6
model		: 186
model name	: 13th Gen Intel(R) Core(TM) i7-1355U
stepping	: 3
cpu MHz		: 2611.200
cache size	: 12288 KB
physical id	: 0
siblings	: 8
core id		: 7
cpu cores	: 8
apicid		: 7
initial apicid	: 7
fpu		: yes
fpu_exception	: yes
cpuid level	: 22
wp		: yes
flags		: fpu vme de pse tsc msr pae mce cx8 apic sep mtrr pge mca cmov pat pse36 clflush mmx fxsr sse sse2 ht syscall nx rdtscp lm constant_tsc rep_good nopl xtopology nonstop_tsc cpuid tsc_known_freq pni pclmulqdq ssse3 cx16 sse4_1 sse4_2 x2apic movbe popcnt aes xsave avx rdrand hypervisor lahf_lm abm 3dnowprefetch fsgsbase bmi1 avx2 bmi2 invpcid rdseed clflushopt md_clear flush_l1d arch_capabilities
bugs		: spectre_v1 spectre_v2 spec_store_bypass swapgs
bogomips	: 5222.40
clflush size	: 64
cache_alignment	: 64
address sizes	: 39 bits physical, 48 bits virtual
power management:



Memory: 4k page, physical 50182580k(8467580k free), swap 2097148k(859384k free)

vm_info: OpenJDK 64-Bit Server VM (25.382-b05) for linux-amd64 JRE (1.8.0_382-8u382-ga-1~22.04.1-b05), built on Jul 24 2023 20:17:51 by "buildd" with gcc 11.3.0

time: Wed Nov  6 13:34:49 2024
timezone: NZDT
elapsed time: 5.802979 seconds (0d 0h 0m 5s)

