#
# A fatal error has been detected by the Java Runtime Environment:
#
#  SIGSEGV (0xb) at pc=0x00007fd380ed83fe, pid=202344, tid=0x00007fd3491fc640
#
# JRE version: OpenJDK Runtime Environment (8.0_382-b05) (build 1.8.0_382-8u382-ga-1~22.04.1-b05)
# Java VM: OpenJDK 64-Bit Server VM (25.382-b05 mixed mode linux-amd64 compressed oops)
# Problematic frame:
# C  [libc.so.6+0xa53fe]  free+0x1e
#
# Failed to write core dump. Core dumps have been disabled. To enable core dumping, try "ulimit -c unlimited" before starting Java again
#
# If you would like to submit a bug report, please visit:
#   http://bugreport.java.com/bugreport/crash.jsp
#

---------------  T H R E A D  ---------------

Current thread (0x00007fd3781de000):  JavaThread "Finalizer" daemon [_thread_in_vm, id=202357, stack(0x00007fd3490fd000,0x00007fd3491fd000)]

siginfo: si_signo: 11 (SIGSEGV), si_code: 1 (SEGV_MAPERR), si_addr: 0x0000000000000001

Registers:
RAX=0x0000000000000009, RBX=0xffffffffffffff80, RCX=0x00000000000002e0, RDX=0x00007fd380df4998
RSP=0x00007fd3491fb580, RBP=0x00007fd3491fb5e0, RSI=0xfffffffffffffff9, RDI=0x0000000000000009
R8 =0x00007fd342469e98, R9 =0x0000000000000006, R10=0x00007fd36902081c, R11=0x00007fd380a41710
R12=0x00007fd3781de000, R13=0x0000000000000009, R14=0x00007fd380df90ec, R15=0x00007fd3781de000
RIP=0x00007fd380ed83fe, EFLAGS=0x0000000000010202, CSGSFS=0x002b000000000033, ERR=0x0000000000000004
  TRAPNO=0x000000000000000e

Top of Stack: (sp=0x00007fd3491fb580)
0x00007fd3491fb580:   00007fd380df90ec 00007fd3781de000
0x00007fd3491fb590:   00007fd3491fb5a0 00007fd380df498c
0x00007fd3491fb5a0:   00007fd3491fb5e0 00007fd380b1f528
0x00007fd3491fb5b0:   00007fd3491fb6c0 00007fd3509a1670
0x00007fd3491fb5c0:   0000000000000000 00007fd3509a1670
0x00007fd3491fb5d0:   00007fd3491fb680 00007fd3781de000
0x00007fd3491fb5e0:   00007fd3491fb650 00007fd369020848
0x00007fd3491fb5f0:   000000b869007bb0 00007fd3781de000
0x00007fd3491fb600:   00007fd3491fb640 00007fd380921cd3
0x00007fd3491fb610:   00007fd3491fb610 0000000000000000
0x00007fd3491fb620:   00007fd3491fb680 00007fd3509d0008
0x00007fd3491fb630:   0000000000000000 00007fd3509a1670
0x00007fd3491fb640:   0000000000000000 00007fd3491fb670
0x00007fd3491fb650:   00007fd3491fb6c8 00007fd36900809d
0x00007fd3491fb660:   0000000000000000 00007fd369016a78
0x00007fd3491fb670:   0000000000000009 00007fd36900809d
0x00007fd3491fb680:   00000004c244d8e0 00007fd3491fb688
0x00007fd3491fb690:   00007fd34324acef 00007fd3491fb6e0
0x00007fd3491fb6a0:   00007fd34324cf70 0000000000000000
0x00007fd3491fb6b0:   00007fd34324ad10 00007fd3491fb670
0x00007fd3491fb6c0:   00007fd3491fb6d8 00007fd3491fb728
0x00007fd3491fb6d0:   00007fd36900809d 0000000000000009
0x00007fd3491fb6e0:   00000006d4d28718 00007fd3491fb6e8
0x00007fd3491fb6f0:   00007fd342ecf71e 00007fd3491fb740
0x00007fd3491fb700:   00007fd342f19730 0000000000000000
0x00007fd3491fb710:   00007fd342ecf758 00007fd3491fb6d8
0x00007fd3491fb720:   00007fd3491fb740 00007fd3491fb788
0x00007fd3491fb730:   00007fd36900809d 0000000000400000
0x00007fd3491fb740:   00000006d4d28718 00007fd3491fb748
0x00007fd3491fb750:   00007fd342fbb3ce 00007fd3491fb7a0
0x00007fd3491fb760:   00007fd342fc34f0 0000000000000000
0x00007fd3491fb770:   00007fd342fbb418 00007fd3491fb740 

Instructions: (pc=0x00007fd380ed83fe)
0x00007fd380ed83de:   40 00 f3 0f 1e fa 48 85 ff 0f 84 bb 00 00 00 55
0x00007fd380ed83ee:   48 8d 77 f0 53 48 83 ec 18 48 8b 1d 12 3a 17 00
0x00007fd380ed83fe:   48 8b 47 f8 64 8b 2b a8 02 75 57 48 8b 15 98 39
0x00007fd380ed840e:   17 00 64 48 83 3a 00 0f 84 95 00 00 00 48 8d 3d 

Register to memory mapping:

RAX=0x0000000000000009 is an unknown value
RBX=0xffffffffffffff80 is an unknown value
RCX=0x00000000000002e0 is an unknown value
RDX=0x00007fd380df4998: <offset 0xde3998> in /usr/lib/jvm/java-8-openjdk-amd64/jre/lib/amd64/server/libjvm.so at 0x00007fd380011000
RSP=0x00007fd3491fb580 is pointing into the stack for thread: 0x00007fd3781de000
RBP=0x00007fd3491fb5e0 is pointing into the stack for thread: 0x00007fd3781de000
RSI=0xfffffffffffffff9 is an unknown value
RDI=0x0000000000000009 is an unknown value
R8 =0x00007fd342469e98 is pointing into metadata
R9 =0x0000000000000006 is an unknown value
R10=0x00007fd36902081c is at code_begin+1596 in an Interpreter codelet
method entry point (kind = native)  [0x00007fd3690201e0, 0x00007fd3690211c0]  4064 bytes
R11=0x00007fd380a41710: <offset 0xa30710> in /usr/lib/jvm/java-8-openjdk-amd64/jre/lib/amd64/server/libjvm.so at 0x00007fd380011000
R12=0x00007fd3781de000 is a thread
R13=0x0000000000000009 is an unknown value
R14=0x00007fd380df90ec: <offset 0xde80ec> in /usr/lib/jvm/java-8-openjdk-amd64/jre/lib/amd64/server/libjvm.so at 0x00007fd380011000
R15=0x00007fd3781de000 is a thread


Stack: [0x00007fd3490fd000,0x00007fd3491fd000],  sp=0x00007fd3491fb580,  free space=1017k
Native frames: (J=compiled Java code, j=interpreted, Vv=VM code, C=native code)
C  [libc.so.6+0xa53fe]  free+0x1e
j  sun.misc.Unsafe.freeMemory(J)V+0
j  io.netty.util.internal.PlatformDependent0.freeMemory(J)V+7
j  io.netty.util.internal.PlatformDependent.freeDirectNoCleaner(Ljava/nio/ByteBuffer;)V+62
j  io.netty.buffer.PoolArena$DirectArena.destroyChunk(Lio/netty/buffer/PoolChunk;)V+30
j  io.netty.buffer.PoolChunkList.destroy(Lio/netty/buffer/PoolArena;)V+32
j  io.netty.buffer.PoolArena.destroyPoolChunkLists([Lio/netty/buffer/PoolChunkList;)V+41
j  io.netty.buffer.PoolArena.finalize()V+68
J 1911 C1 java.lang.ref.Finalizer.runFinalizer(Lsun/misc/JavaLangAccess;)V (62 bytes) @ 0x00007fd3697b433c [0x00007fd3697b3da0+0x59c]
J 1904 C1 java.lang.ref.Finalizer.access$100(Ljava/lang/ref/Finalizer;Lsun/misc/JavaLangAccess;)V (6 bytes) @ 0x00007fd3697b39f4 [0x00007fd3697b3980+0x74]
j  java.lang.ref.Finalizer$FinalizerThread.run()V+45
v  ~StubRoutines::call_stub
V  [libjvm.so+0x6a1985]
V  [libjvm.so+0x69f0af]
V  [libjvm.so+0x69f6a1]
V  [libjvm.so+0x747192]
V  [libjvm.so+0xae3dd5]
V  [libjvm.so+0x97fe90]
C  [libc.so.6+0x94ac3]

Java frames: (J=compiled Java code, j=interpreted, Vv=VM code)
j  sun.misc.Unsafe.freeMemory(J)V+0
j  io.netty.util.internal.PlatformDependent0.freeMemory(J)V+7
j  io.netty.util.internal.PlatformDependent.freeDirectNoCleaner(Ljava/nio/ByteBuffer;)V+62
j  io.netty.buffer.PoolArena$DirectArena.destroyChunk(Lio/netty/buffer/PoolChunk;)V+30
j  io.netty.buffer.PoolChunkList.destroy(Lio/netty/buffer/PoolArena;)V+32
j  io.netty.buffer.PoolArena.destroyPoolChunkLists([Lio/netty/buffer/PoolChunkList;)V+41
j  io.netty.buffer.PoolArena.finalize()V+68
J 1911 C1 java.lang.ref.Finalizer.runFinalizer(Lsun/misc/JavaLangAccess;)V (62 bytes) @ 0x00007fd3697b433c [0x00007fd3697b3da0+0x59c]
J 1904 C1 java.lang.ref.Finalizer.access$100(Ljava/lang/ref/Finalizer;Lsun/misc/JavaLangAccess;)V (6 bytes) @ 0x00007fd3697b39f4 [0x00007fd3697b3980+0x74]
j  java.lang.ref.Finalizer$FinalizerThread.run()V+45
v  ~StubRoutines::call_stub

---------------  P R O C E S S  ---------------

Java Threads: ( => current thread )
  0x00007fd3788d5800 JavaThread "process reaper" daemon [_thread_blocked, id=202494, stack(0x00007fd343a03000,0x00007fd343a3c000)]
  0x00007fd3788be800 JavaThread "AWT-XAWT" daemon [_thread_in_native, id=202492, stack(0x00007fd343806000,0x00007fd343906000)]
  0x00007fd378895000 JavaThread "Java2D Disposer" daemon [_thread_blocked, id=202491, stack(0x00007fd348029000,0x00007fd348129000)]
  0x00007fd378256800 JavaThread "Service Thread" daemon [_thread_blocked, id=202371, stack(0x00007fd3487f9000,0x00007fd3488f9000)]
  0x00007fd37824b000 JavaThread "C1 CompilerThread3" daemon [_thread_blocked, id=202370, stack(0x00007fd3488fa000,0x00007fd3489fa000)]
  0x00007fd378248800 JavaThread "C2 CompilerThread2" daemon [_thread_blocked, id=202369, stack(0x00007fd3489fb000,0x00007fd348afb000)]
  0x00007fd378247000 JavaThread "C2 CompilerThread1" daemon [_thread_blocked, id=202368, stack(0x00007fd348afc000,0x00007fd348bfc000)]
  0x00007fd378244000 JavaThread "C2 CompilerThread0" daemon [_thread_blocked, id=202367, stack(0x00007fd348bfd000,0x00007fd348cfd000)]
  0x00007fd378227800 JavaThread "JDWP Event Helper Thread" daemon [_thread_blocked, id=202363, stack(0x00007fd348dfd000,0x00007fd348efd000)]
  0x00007fd378223800 JavaThread "JDWP Transport Listener: dt_socket" daemon [_thread_blocked, id=202361, stack(0x00007fd348efd000,0x00007fd348ffd000)]
  0x00007fd37820b800 JavaThread "Signal Dispatcher" daemon [_thread_blocked, id=202360, stack(0x00007fd348ffd000,0x00007fd3490fd000)]
=>0x00007fd3781de000 JavaThread "Finalizer" daemon [_thread_in_vm, id=202357, stack(0x00007fd3490fd000,0x00007fd3491fd000)]
  0x00007fd3781d9800 JavaThread "Reference Handler" daemon [_thread_blocked, id=202356, stack(0x00007fd3491fd000,0x00007fd3492fd000)]
  0x00007fd378011000 JavaThread "main" [_thread_blocked, id=202346, stack(0x00007fd37fbde000,0x00007fd37fcde000)]

Other Threads:
  0x00007fd3781d0000 VMThread [stack: 0x00007fd3492fe000,0x00007fd3493fe000] [id=202355]
  0x00007fd378259000 WatcherThread [stack: 0x00007fd3486f9000,0x00007fd3487f9000] [id=202372]

VM state:synchronizing (normal execution)

VM Mutex/Monitor currently owned by a thread:  ([mutex/lock_event])
[0x00007fd37800f520] Threads_lock - owner thread: 0x00007fd3781d0000

heap address: 0x00000004c2400000, size: 12252 MB, Compressed Oops mode: Zero based, Oop shift amount: 3
Narrow klass base: 0x0000000000000000, Narrow klass shift: 3
Compressed class space size: 1073741824 Address: 0x00000007c0000000

Heap:
 PSYoungGen      total 316928K, used 21105K [0x00000006c0c00000, 0x00000006d6480000, 0x00000007c0000000)
  eden space 288256K, 3% used [0x00000006c0c00000,0x00000006c16709e8,0x00000006d2580000)
  from space 28672K, 36% used [0x00000006d4880000,0x00000006d52abae8,0x00000006d6480000)
  to   space 32256K, 0% used [0x00000006d2580000,0x00000006d2580000,0x00000006d4500000)
 ParOldGen       total 299008K, used 9023K [0x00000004c2400000, 0x00000004d4800000, 0x00000006c0c00000)
  object space 299008K, 3% used [0x00000004c2400000,0x00000004c2ccfe68,0x00000004d4800000)
 Metaspace       used 28667K, capacity 29140K, committed 29440K, reserved 1075200K
  class space    used 3419K, capacity 3565K, committed 3584K, reserved 1048576K

Card table byte_map: [0x00007fd37da23000,0x00007fd37f212000] byte_map_base: 0x00007fd37b411000

Marking Bits: (ParMarkBitMap*) 0x00007fd380df8720
 Begin Bits: [0x00007fd351120000, 0x00007fd35d090000)
 End Bits:   [0x00007fd35d090000, 0x00007fd369000000)

Polling page: 0x00007fd3810bf000

CodeCache: size=245760Kb used=12829Kb max_used=12876Kb free=232930Kb
 bounds [0x00007fd369000000, 0x00007fd369cb0000, 0x00007fd378000000]
 total_blobs=3473 nmethods=2893 adapters=501
 compilation: enabled

Compilation events (10 events):
Event: 2.889 Thread 0x00007fd378248800 2885       4       java.util.PropertyPermission::getMask (464 bytes)
Event: 2.892 Thread 0x00007fd378244000 nmethod 2863 0x00007fd369c4e410 code [0x00007fd369c4e5c0, 0x00007fd369c4ef18]
Event: 2.892 Thread 0x00007fd378244000 2827       4       java.lang.reflect.Executable::printModifiersIfNonzero (101 bytes)
Event: 2.897 Thread 0x00007fd378248800 nmethod 2885 0x00007fd369c6ae50 code [0x00007fd369c6b440, 0x00007fd369c6bb68]
Event: 2.897 Thread 0x00007fd378248800 2833       4       java.lang.reflect.Modifier::toString (202 bytes)
Event: 2.916 Thread 0x00007fd378248800 nmethod 2833 0x00007fd369c65990 code [0x00007fd369c65be0, 0x00007fd369c670a8]
Event: 2.916 Thread 0x00007fd378248800 2834       4       java.lang.reflect.Method::specificToStringHeader (44 bytes)
Event: 2.918 Thread 0x00007fd378244000 nmethod 2827 0x00007fd369c79a90 code [0x00007fd369c79d40, 0x00007fd369c7bf08]
Event: 2.928 Thread 0x00007fd378248800 nmethod 2834 0x00007fd369c7e050 code [0x00007fd369c7e2a0, 0x00007fd369c7f9d8]
Event: 2.946 Thread 0x00007fd378247000 nmethod 2754 0x00007fd369c8b910 code [0x00007fd369c8c560, 0x00007fd369c95438]

GC Heap History (10 events):
Event: 1.382 GC heap before
{Heap before GC invocations=1 (full 0):
 PSYoungGen      total 228864K, used 196608K [0x00000006c0c00000, 0x00000006d0b00000, 0x00000007c0000000)
  eden space 196608K, 100% used [0x00000006c0c00000,0x00000006ccc00000,0x00000006ccc00000)
  from space 32256K, 0% used [0x00000006ceb80000,0x00000006ceb80000,0x00000006d0b00000)
  to   space 32256K, 0% used [0x00000006ccc00000,0x00000006ccc00000,0x00000006ceb80000)
 ParOldGen       total 523264K, used 0K [0x00000004c2400000, 0x00000004e2300000, 0x00000006c0c00000)
  object space 523264K, 0% used [0x00000004c2400000,0x00000004c2400000,0x00000004e2300000)
 Metaspace       used 18137K, capacity 18526K, committed 18816K, reserved 1067008K
  class space    used 1966K, capacity 2085K, committed 2176K, reserved 1048576K
Event: 1.391 GC heap after
Heap after GC invocations=1 (full 0):
 PSYoungGen      total 228864K, used 12008K [0x00000006c0c00000, 0x00000006d0b00000, 0x00000007c0000000)
  eden space 196608K, 0% used [0x00000006c0c00000,0x00000006c0c00000,0x00000006ccc00000)
  from space 32256K, 37% used [0x00000006ccc00000,0x00000006cd7ba3f8,0x00000006ceb80000)
  to   space 32256K, 0% used [0x00000006ceb80000,0x00000006ceb80000,0x00000006d0b00000)
 ParOldGen       total 523264K, used 24K [0x00000004c2400000, 0x00000004e2300000, 0x00000006c0c00000)
  object space 523264K, 0% used [0x00000004c2400000,0x00000004c2406000,0x00000004e2300000)
 Metaspace       used 18137K, capacity 18526K, committed 18816K, reserved 1067008K
  class space    used 1966K, capacity 2085K, committed 2176K, reserved 1048576K
}
Event: 1.585 GC heap before
{Heap before GC invocations=2 (full 0):
 PSYoungGen      total 228864K, used 74676K [0x00000006c0c00000, 0x00000006d0b00000, 0x00000007c0000000)
  eden space 196608K, 31% used [0x00000006c0c00000,0x00000006c4932fd8,0x00000006ccc00000)
  from space 32256K, 37% used [0x00000006ccc00000,0x00000006cd7ba3f8,0x00000006ceb80000)
  to   space 32256K, 0% used [0x00000006ceb80000,0x00000006ceb80000,0x00000006d0b00000)
 ParOldGen       total 523264K, used 24K [0x00000004c2400000, 0x00000004e2300000, 0x00000006c0c00000)
  object space 523264K, 0% used [0x00000004c2400000,0x00000004c2406000,0x00000004e2300000)
 Metaspace       used 20793K, capacity 21168K, committed 21248K, reserved 1069056K
  class space    used 2430K, capacity 2537K, committed 2560K, reserved 1048576K
Event: 1.592 GC heap after
Heap after GC invocations=2 (full 0):
 PSYoungGen      total 228864K, used 9265K [0x00000006c0c00000, 0x00000006dcb00000, 0x00000007c0000000)
  eden space 196608K, 0% used [0x00000006c0c00000,0x00000006c0c00000,0x00000006ccc00000)
  from space 32256K, 28% used [0x00000006ceb80000,0x00000006cf48c7d8,0x00000006d0b00000)
  to   space 32256K, 0% used [0x00000006ccc00000,0x00000006ccc00000,0x00000006ceb80000)
 ParOldGen       total 523264K, used 32K [0x00000004c2400000, 0x00000004e2300000, 0x00000006c0c00000)
  object space 523264K, 0% used [0x00000004c2400000,0x00000004c2408000,0x00000004e2300000)
 Metaspace       used 20793K, capacity 21168K, committed 21248K, reserved 1069056K
  class space    used 2430K, capacity 2537K, committed 2560K, reserved 1048576K
}
Event: 1.592 GC heap before
{Heap before GC invocations=3 (full 1):
 PSYoungGen      total 228864K, used 9265K [0x00000006c0c00000, 0x00000006dcb00000, 0x00000007c0000000)
  eden space 196608K, 0% used [0x00000006c0c00000,0x00000006c0c00000,0x00000006ccc00000)
  from space 32256K, 28% used [0x00000006ceb80000,0x00000006cf48c7d8,0x00000006d0b00000)
  to   space 32256K, 0% used [0x00000006ccc00000,0x00000006ccc00000,0x00000006ceb80000)
 ParOldGen       total 523264K, used 32K [0x00000004c2400000, 0x00000004e2300000, 0x00000006c0c00000)
  object space 523264K, 0% used [0x00000004c2400000,0x00000004c2408000,0x00000004e2300000)
 Metaspace       used 20793K, capacity 21168K, committed 21248K, reserved 1069056K
  class space    used 2430K, capacity 2537K, committed 2560K, reserved 1048576K
Event: 1.623 GC heap after
Heap after GC invocations=3 (full 1):
 PSYoungGen      total 228864K, used 0K [0x00000006c0c00000, 0x00000006dcb00000, 0x00000007c0000000)
  eden space 196608K, 0% used [0x00000006c0c00000,0x00000006c0c00000,0x00000006ccc00000)
  from space 32256K, 0% used [0x00000006ceb80000,0x00000006ceb80000,0x00000006d0b00000)
  to   space 32256K, 0% used [0x00000006ccc00000,0x00000006ccc00000,0x00000006ceb80000)
 ParOldGen       total 299008K, used 9015K [0x00000004c2400000, 0x00000004d4800000, 0x00000006c0c00000)
  object space 299008K, 3% used [0x00000004c2400000,0x00000004c2ccde68,0x00000004d4800000)
 Metaspace       used 20793K, capacity 21168K, committed 21248K, reserved 1069056K
  class space    used 2430K, capacity 2537K, committed 2560K, reserved 1048576K
}
Event: 2.345 GC heap before
{Heap before GC invocations=4 (full 1):
 PSYoungGen      total 228864K, used 196608K [0x00000006c0c00000, 0x00000006dcb00000, 0x00000007c0000000)
  eden space 196608K, 100% used [0x00000006c0c00000,0x00000006ccc00000,0x00000006ccc00000)
  from space 32256K, 0% used [0x00000006ceb80000,0x00000006ceb80000,0x00000006d0b00000)
  to   space 32256K, 0% used [0x00000006ccc00000,0x00000006ccc00000,0x00000006ceb80000)
 ParOldGen       total 299008K, used 9015K [0x00000004c2400000, 0x00000004d4800000, 0x00000006c0c00000)
  object space 299008K, 3% used [0x00000004c2400000,0x00000004c2ccde68,0x00000004d4800000)
 Metaspace       used 26401K, capacity 26836K, committed 27136K, reserved 1073152K
  class space    used 3210K, capacity 3309K, committed 3328K, reserved 1048576K
Event: 2.354 GC heap after
Heap after GC invocations=4 (full 1):
 PSYoungGen      total 228864K, used 11787K [0x00000006c0c00000, 0x00000006d6800000, 0x00000007c0000000)
  eden space 196608K, 0% used [0x00000006c0c00000,0x00000006c0c00000,0x00000006ccc00000)
  from space 32256K, 36% used [0x00000006ccc00000,0x00000006cd782c00,0x00000006ceb80000)
  to   space 32256K, 0% used [0x00000006d4880000,0x00000006d4880000,0x00000006d6800000)
 ParOldGen       total 299008K, used 9015K [0x00000004c2400000, 0x00000004d4800000, 0x00000006c0c00000)
  object space 299008K, 3% used [0x00000004c2400000,0x00000004c2ccde68,0x00000004d4800000)
 Metaspace       used 26401K, capacity 26836K, committed 27136K, reserved 1073152K
  class space    used 3210K, capacity 3309K, committed 3328K, reserved 1048576K
}
Event: 2.840 GC heap before
{Heap before GC invocations=5 (full 1):
 PSYoungGen      total 228864K, used 208395K [0x00000006c0c00000, 0x00000006d6800000, 0x00000007c0000000)
  eden space 196608K, 100% used [0x00000006c0c00000,0x00000006ccc00000,0x00000006ccc00000)
  from space 32256K, 36% used [0x00000006ccc00000,0x00000006cd782c00,0x00000006ceb80000)
  to   space 32256K, 0% used [0x00000006d4880000,0x00000006d4880000,0x00000006d6800000)
 ParOldGen       total 299008K, used 9015K [0x00000004c2400000, 0x00000004d4800000, 0x00000006c0c00000)
  object space 299008K, 3% used [0x00000004c2400000,0x00000004c2ccde68,0x00000004d4800000)
 Metaspace       used 28664K, capacity 29140K, committed 29440K, reserved 1075200K
  class space    used 3419K, capacity 3565K, committed 3584K, reserved 1048576K
Event: 2.846 GC heap after
Heap after GC invocations=5 (full 1):
 PSYoungGen      total 316928K, used 10414K [0x00000006c0c00000, 0x00000006d6480000, 0x00000007c0000000)
  eden space 288256K, 0% used [0x00000006c0c00000,0x00000006c0c00000,0x00000006d2580000)
  from space 28672K, 36% used [0x00000006d4880000,0x00000006d52abae8,0x00000006d6480000)
  to   space 32256K, 0% used [0x00000006d2580000,0x00000006d2580000,0x00000006d4500000)
 ParOldGen       total 299008K, used 9023K [0x00000004c2400000, 0x00000004d4800000, 0x00000006c0c00000)
  object space 299008K, 3% used [0x00000004c2400000,0x00000004c2ccfe68,0x00000004d4800000)
 Metaspace       used 28664K, capacity 29140K, committed 29440K, reserved 1075200K
  class space    used 3419K, capacity 3565K, committed 3584K, reserved 1048576K
}

Deoptimization events (10 events):
Event: 2.215 Thread 0x00007fd378011000 Uncommon trap: reason=unstable_if action=reinterpret pc=0x00007fd3699f66ec method=sun.misc.URLClassPath$JarLoader.getResource(Ljava/lang/String;Z)Lsun/misc/Resource; @ 15
Event: 2.272 Thread 0x00007fd378011000 Uncommon trap: reason=unstable_if action=reinterpret pc=0x00007fd36976a948 method=org.evosuite.shaded.org.objectweb.asm.Frame.getLocal(I)I @ 13
Event: 2.272 Thread 0x00007fd378011000 Uncommon trap: reason=unstable_if action=reinterpret pc=0x00007fd36961b57c method=org.evosuite.shaded.org.objectweb.asm.Frame.getLocal(I)I @ 13
Event: 2.273 Thread 0x00007fd378011000 Uncommon trap: reason=unstable_if action=reinterpret pc=0x00007fd3696acc4c method=org.evosuite.shaded.org.objectweb.asm.Frame.merge(Lorg/evosuite/shaded/org/objectweb/asm/SymbolTable;I[II)Z @ 174
Event: 2.273 Thread 0x00007fd378011000 Uncommon trap: reason=unstable_if action=reinterpret pc=0x00007fd3695fe314 method=org.evosuite.shaded.org.objectweb.asm.Frame.merge(Lorg/evosuite/shaded/org/objectweb/asm/SymbolTable;I[II)Z @ 174
Event: 2.365 Thread 0x00007fd378011000 Uncommon trap: reason=unstable_if action=reinterpret pc=0x00007fd369a82340 method=org.evosuite.shaded.org.objectweb.asm.Frame.merge(Lorg/evosuite/shaded/org/objectweb/asm/SymbolTable;I[II)Z @ 164
Event: 2.365 Thread 0x00007fd378011000 Uncommon trap: reason=unstable_if action=reinterpret pc=0x00007fd369a3a0a0 method=org.evosuite.shaded.org.objectweb.asm.Frame.merge(Lorg/evosuite/shaded/org/objectweb/asm/SymbolTable;I[II)Z @ 164
Event: 2.741 Thread 0x00007fd378011000 Uncommon trap: reason=unstable_if action=reinterpret pc=0x00007fd3698583cc method=org.evosuite.runtime.sandbox.MSecurityManager.allowPermission(Ljava/security/Permission;)Z @ 34
Event: 2.743 Thread 0x00007fd37914a000 Uncommon trap: reason=null_check action=make_not_entrant pc=0x00007fd369948fb4 method=sun.nio.fs.UnixPath.encode(Lsun/nio/fs/UnixFileSystem;Ljava/lang/String;)[B @ 6
Event: 2.743 Thread 0x00007fd37914a000 Uncommon trap: reason=null_check action=make_not_entrant pc=0x00007fd3698a6aac method=java.lang.StringCoding.deref(Ljava/lang/ThreadLocal;)Ljava/lang/Object; @ 4

Classes redefined (0 events):
No events

Internal exceptions (10 events):
Event: 2.560 Thread 0x00007fd378011000 Exception <a 'java/lang/ClassCastException'> (0x00000006c5153bf8) thrown at [./src/hotspot/src/share/vm/runtime/sharedRuntime.cpp, line 609]
Event: 2.561 Thread 0x00007fd378011000 Exception <a 'java/lang/ClassCastException'> (0x00000006c5154d10) thrown at [./src/hotspot/src/share/vm/runtime/sharedRuntime.cpp, line 609]
Event: 2.561 Thread 0x00007fd378011000 Exception <a 'java/lang/ClassCastException'> (0x00000006c5155330) thrown at [./src/hotspot/src/share/vm/runtime/sharedRuntime.cpp, line 609]
Event: 2.561 Thread 0x00007fd378011000 Exception <a 'java/lang/ClassCastException'> (0x00000006c51559f8) thrown at [./src/hotspot/src/share/vm/runtime/sharedRuntime.cpp, line 609]
Event: 2.561 Thread 0x00007fd378011000 Exception <a 'java/lang/ClassCastException'> (0x00000006c51560c0) thrown at [./src/hotspot/src/share/vm/runtime/sharedRuntime.cpp, line 609]
Event: 2.561 Thread 0x00007fd378011000 Exception <a 'java/lang/ClassCastException'> (0x00000006c5156850) thrown at [./src/hotspot/src/share/vm/runtime/sharedRuntime.cpp, line 609]
Event: 2.561 Thread 0x00007fd378011000 Exception <a 'java/lang/ClassCastException'> (0x00000006c5159518) thrown at [./src/hotspot/src/share/vm/runtime/sharedRuntime.cpp, line 609]
Event: 2.561 Thread 0x00007fd378011000 Exception <a 'java/lang/ClassCastException'> (0x00000006c515a5a0) thrown at [./src/hotspot/src/share/vm/runtime/sharedRuntime.cpp, line 609]
Event: 2.743 Thread 0x00007fd37914a000 Implicit null exception at 0x00007fd3699482f5 to 0x00007fd369948fa4
Event: 2.743 Thread 0x00007fd37914a000 Implicit null exception at 0x00007fd3698a53b9 to 0x00007fd3698a6a9d

Events (10 events):
Event: 2.858 Executing VM operation: GetOrSetLocal done
Event: 2.958 Executing VM operation: GetOrSetLocal
Event: 2.958 Executing VM operation: GetOrSetLocal done
Event: 4.103 Executing VM operation: EnableBiasedLocking
Event: 4.104 Executing VM operation: EnableBiasedLocking done
Event: 13.485 Thread 0x00007fd310001800 Thread exited: 0x00007fd310001800
Event: 13.485 Executing VM operation: ChangeBreakpoints
Event: 13.486 Executing VM operation: ChangeBreakpoints done
Event: 13.486 Executing VM operation: ChangeBreakpoints
Event: 13.486 Executing VM operation: ChangeBreakpoints done


Dynamic libraries:
4c2400000-4d4800000 rw-p 00000000 00:00 0 
4d4800000-6c0c00000 ---p 00000000 00:00 0 
6c0c00000-6d6480000 rw-p 00000000 00:00 0 
6d6480000-7c0000000 ---p 00000000 00:00 0 
7c0000000-7c0380000 rw-p 00000000 00:00 0 
7c0380000-800000000 ---p 00000000 00:00 0 
55e50aae5000-55e50aae6000 r--p 00000000 08:03 297035                     /usr/lib/jvm/java-8-openjdk-amd64/jre/bin/java
55e50aae6000-55e50aae7000 r-xp 00001000 08:03 297035                     /usr/lib/jvm/java-8-openjdk-amd64/jre/bin/java
55e50aae7000-55e50aae8000 r--p 00002000 08:03 297035                     /usr/lib/jvm/java-8-openjdk-amd64/jre/bin/java
55e50aae8000-55e50aae9000 r--p 00002000 08:03 297035                     /usr/lib/jvm/java-8-openjdk-amd64/jre/bin/java
55e50aae9000-55e50aaea000 rw-p 00003000 08:03 297035                     /usr/lib/jvm/java-8-openjdk-amd64/jre/bin/java
55e50c7da000-55e50c7fb000 rw-p 00000000 00:00 0                          [heap]
7fd2dc000000-7fd2dc021000 rw-p 00000000 00:00 0 
7fd2dc021000-7fd2e0000000 ---p 00000000 00:00 0 
7fd2e0000000-7fd2e0021000 rw-p 00000000 00:00 0 
7fd2e0021000-7fd2e4000000 ---p 00000000 00:00 0 
7fd2e4000000-7fd2e4021000 rw-p 00000000 00:00 0 
7fd2e4021000-7fd2e8000000 ---p 00000000 00:00 0 
7fd2e8000000-7fd2e8021000 rw-p 00000000 00:00 0 
7fd2e8021000-7fd2ec000000 ---p 00000000 00:00 0 
7fd2ec000000-7fd2ec021000 rw-p 00000000 00:00 0 
7fd2ec021000-7fd2f0000000 ---p 00000000 00:00 0 
7fd2f0000000-7fd2f0021000 rw-p 00000000 00:00 0 
7fd2f0021000-7fd2f4000000 ---p 00000000 00:00 0 
7fd2f4000000-7fd2f59e1000 rw-p 00000000 00:00 0 
7fd2f59e1000-7fd2f8000000 ---p 00000000 00:00 0 
7fd2f8000000-7fd2f95cb000 rw-p 00000000 00:00 0 
7fd2f95cb000-7fd2fc000000 ---p 00000000 00:00 0 
7fd2fc000000-7fd2fda34000 rw-p 00000000 00:00 0 
7fd2fda34000-7fd300000000 ---p 00000000 00:00 0 
7fd300000000-7fd301799000 rw-p 00000000 00:00 0 
7fd301799000-7fd304000000 ---p 00000000 00:00 0 
7fd304000000-7fd30405a000 rw-p 00000000 00:00 0 
7fd30405a000-7fd308000000 ---p 00000000 00:00 0 
7fd308000000-7fd308021000 rw-p 00000000 00:00 0 
7fd308021000-7fd30c000000 ---p 00000000 00:00 0 
7fd30c000000-7fd30c021000 rw-p 00000000 00:00 0 
7fd30c021000-7fd310000000 ---p 00000000 00:00 0 
7fd310000000-7fd310021000 rw-p 00000000 00:00 0 
7fd310021000-7fd314000000 ---p 00000000 00:00 0 
7fd314000000-7fd314021000 rw-p 00000000 00:00 0 
7fd314021000-7fd318000000 ---p 00000000 00:00 0 
7fd318000000-7fd318023000 rw-p 00000000 00:00 0 
7fd318023000-7fd31c000000 ---p 00000000 00:00 0 
7fd31c000000-7fd31c021000 rw-p 00000000 00:00 0 
7fd31c021000-7fd320000000 ---p 00000000 00:00 0 
7fd320000000-7fd320021000 rw-p 00000000 00:00 0 
7fd320021000-7fd324000000 ---p 00000000 00:00 0 
7fd324000000-7fd324021000 rw-p 00000000 00:00 0 
7fd324021000-7fd328000000 ---p 00000000 00:00 0 
7fd328000000-7fd328021000 rw-p 00000000 00:00 0 
7fd328021000-7fd32c000000 ---p 00000000 00:00 0 
7fd32c000000-7fd32c021000 rw-p 00000000 00:00 0 
7fd32c021000-7fd330000000 ---p 00000000 00:00 0 
7fd334000000-7fd334021000 rw-p 00000000 00:00 0 
7fd334021000-7fd338000000 ---p 00000000 00:00 0 
7fd33c000000-7fd33c021000 rw-p 00000000 00:00 0 
7fd33c021000-7fd340000000 ---p 00000000 00:00 0 
7fd341f77000-7fd3424b8000 rw-p 00000000 00:00 0 
7fd3424b8000-7fd342578000 ---p 00000000 00:00 0 
7fd342578000-7fd342778000 rw-p 00000000 00:00 0 
7fd342778000-7fd342978000 rw-p 00000000 00:00 0 
7fd342978000-7fd34297b000 ---p 00000000 00:00 0 
7fd34297b000-7fd342c78000 rw-p 00000000 00:00 0 
7fd342c78000-7fd342e78000 rw-p 00000000 00:00 0 
7fd342e78000-7fd343078000 rw-p 00000000 00:00 0 
7fd343078000-7fd343089000 r--s 001c5000 08:03 297400                     /usr/lib/jvm/java-8-openjdk-amd64/jre/lib/jsse.jar
7fd343089000-7fd343289000 rw-p 00000000 00:00 0 
7fd343289000-7fd34328d000 r--p 00000000 08:03 32538452                   /usr/lib/x86_64-linux-gnu/libgpg-error.so.0.32.1
7fd34328d000-7fd3432a3000 r-xp 00004000 08:03 32538452                   /usr/lib/x86_64-linux-gnu/libgpg-error.so.0.32.1
7fd3432a3000-7fd3432ad000 r--p 0001a000 08:03 32538452                   /usr/lib/x86_64-linux-gnu/libgpg-error.so.0.32.1
7fd3432ad000-7fd3432ae000 r--p 00023000 08:03 32538452                   /usr/lib/x86_64-linux-gnu/libgpg-error.so.0.32.1
7fd3432ae000-7fd3432af000 rw-p 00024000 08:03 32538452                   /usr/lib/x86_64-linux-gnu/libgpg-error.so.0.32.1
7fd3432af000-7fd3432be000 r--p 00000000 08:03 32538386                   /usr/lib/x86_64-linux-gnu/libgcrypt.so.20.3.4
7fd3432be000-7fd3433a4000 r-xp 0000f000 08:03 32538386                   /usr/lib/x86_64-linux-gnu/libgcrypt.so.20.3.4
7fd3433a4000-7fd3433e2000 r--p 000f5000 08:03 32538386                   /usr/lib/x86_64-linux-gnu/libgcrypt.so.20.3.4
7fd3433e2000-7fd3433e3000 ---p 00133000 08:03 32538386                   /usr/lib/x86_64-linux-gnu/libgcrypt.so.20.3.4
7fd3433e3000-7fd3433e6000 r--p 00133000 08:03 32538386                   /usr/lib/x86_64-linux-gnu/libgcrypt.so.20.3.4
7fd3433e6000-7fd3433ec000 rw-p 00136000 08:03 32538386                   /usr/lib/x86_64-linux-gnu/libgcrypt.so.20.3.4
7fd3433ec000-7fd3433ed000 rw-p 00000000 00:00 0 
7fd3433ed000-7fd3433ef000 r--p 00000000 08:03 32538715                   /usr/lib/x86_64-linux-gnu/liblz4.so.1.9.3
7fd3433ef000-7fd343408000 r-xp 00002000 08:03 32538715                   /usr/lib/x86_64-linux-gnu/liblz4.so.1.9.3
7fd343408000-7fd34340a000 r--p 0001b000 08:03 32538715                   /usr/lib/x86_64-linux-gnu/liblz4.so.1.9.3
7fd34340a000-7fd34340b000 ---p 0001d000 08:03 32538715                   /usr/lib/x86_64-linux-gnu/liblz4.so.1.9.3
7fd34340b000-7fd34340c000 r--p 0001d000 08:03 32538715                   /usr/lib/x86_64-linux-gnu/liblz4.so.1.9.3
7fd34340c000-7fd34340d000 rw-p 0001e000 08:03 32538715                   /usr/lib/x86_64-linux-gnu/liblz4.so.1.9.3
7fd34340d000-7fd343417000 r--p 00000000 08:03 32539509                   /usr/lib/x86_64-linux-gnu/libzstd.so.1.4.8
7fd343417000-7fd3434c9000 r-xp 0000a000 08:03 32539509                   /usr/lib/x86_64-linux-gnu/libzstd.so.1.4.8
7fd3434c9000-7fd3434da000 r--p 000bc000 08:03 32539509                   /usr/lib/x86_64-linux-gnu/libzstd.so.1.4.8
7fd3434da000-7fd3434db000 r--p 000cc000 08:03 32539509                   /usr/lib/x86_64-linux-gnu/libzstd.so.1.4.8
7fd3434db000-7fd3434dc000 rw-p 000cd000 08:03 32539509                   /usr/lib/x86_64-linux-gnu/libzstd.so.1.4.8
7fd3434dc000-7fd3434df000 r--p 00000000 08:03 32538717                   /usr/lib/x86_64-linux-gnu/liblzma.so.5.2.5
7fd3434df000-7fd3434fa000 r-xp 00003000 08:03 32538717                   /usr/lib/x86_64-linux-gnu/liblzma.so.5.2.5
7fd3434fa000-7fd343505000 r--p 0001e000 08:03 32538717                   /usr/lib/x86_64-linux-gnu/liblzma.so.5.2.5
7fd343505000-7fd343506000 r--p 00028000 08:03 32538717                   /usr/lib/x86_64-linux-gnu/liblzma.so.5.2.5
7fd343506000-7fd343507000 rw-p 00029000 08:03 32538717                   /usr/lib/x86_64-linux-gnu/liblzma.so.5.2.5
7fd343507000-7fd34351a000 r--p 00000000 08:03 32537031                   /usr/lib/x86_64-linux-gnu/libsystemd.so.0.32.0
7fd34351a000-7fd343599000 r-xp 00013000 08:03 32537031                   /usr/lib/x86_64-linux-gnu/libsystemd.so.0.32.0
7fd343599000-7fd3435c4000 r--p 00092000 08:03 32537031                   /usr/lib/x86_64-linux-gnu/libsystemd.so.0.32.0
7fd3435c4000-7fd3435c5000 ---p 000bd000 08:03 32537031                   /usr/lib/x86_64-linux-gnu/libsystemd.so.0.32.0
7fd3435c5000-7fd3435cc000 r--p 000bd000 08:03 32537031                   /usr/lib/x86_64-linux-gnu/libsystemd.so.0.32.0
7fd3435cc000-7fd3435cd000 rw-p 000c4000 08:03 32537031                   /usr/lib/x86_64-linux-gnu/libsystemd.so.0.32.0
7fd3435cd000-7fd3435ce000 rw-p 00000000 00:00 0 
7fd3435ce000-7fd3435d0000 r--p 00000000 08:03 32538963                   /usr/lib/x86_64-linux-gnu/libpcre.so.3.13.3
7fd3435d0000-7fd343625000 r-xp 00002000 08:03 32538963                   /usr/lib/x86_64-linux-gnu/libpcre.so.3.13.3
7fd343625000-7fd343642000 r--p 00057000 08:03 32538963                   /usr/lib/x86_64-linux-gnu/libpcre.so.3.13.3
7fd343642000-7fd343643000 r--p 00073000 08:03 32538963                   /usr/lib/x86_64-linux-gnu/libpcre.so.3.13.3
7fd343643000-7fd343644000 rw-p 00074000 08:03 32538963                   /usr/lib/x86_64-linux-gnu/libpcre.so.3.13.3
7fd343644000-7fd343653000 r--p 00000000 08:03 32537919                   /usr/lib/x86_64-linux-gnu/libatspi.so.0.0.1
7fd343653000-7fd34366c000 r-xp 0000f000 08:03 32537919                   /usr/lib/x86_64-linux-gnu/libatspi.so.0.0.1
7fd34366c000-7fd34367a000 r--p 00028000 08:03 32537919                   /usr/lib/x86_64-linux-gnu/libatspi.so.0.0.1
7fd34367a000-7fd34367d000 r--p 00035000 08:03 32537919                   /usr/lib/x86_64-linux-gnu/libatspi.so.0.0.1
7fd34367d000-7fd34367e000 rw-p 00038000 08:03 32537919                   /usr/lib/x86_64-linux-gnu/libatspi.so.0.0.1
7fd34367e000-7fd343689000 r--p 00000000 08:03 32538136                   /usr/lib/x86_64-linux-gnu/libdbus-1.so.3.19.13
7fd343689000-7fd3436b7000 r-xp 0000b000 08:03 32538136                   /usr/lib/x86_64-linux-gnu/libdbus-1.so.3.19.13
7fd3436b7000-7fd3436c9000 r--p 00039000 08:03 32538136                   /usr/lib/x86_64-linux-gnu/libdbus-1.so.3.19.13
7fd3436c9000-7fd3436ca000 ---p 0004b000 08:03 32538136                   /usr/lib/x86_64-linux-gnu/libdbus-1.so.3.19.13
7fd3436ca000-7fd3436cb000 r--p 0004b000 08:03 32538136                   /usr/lib/x86_64-linux-gnu/libdbus-1.so.3.19.13
7fd3436cb000-7fd3436cc000 rw-p 0004c000 08:03 32538136                   /usr/lib/x86_64-linux-gnu/libdbus-1.so.3.19.13
7fd3436cc000-7fd3436e9000 r--p 00000000 08:03 32538428                   /usr/lib/x86_64-linux-gnu/libglib-2.0.so.0.7200.4
7fd3436e9000-7fd343778000 r-xp 0001d000 08:03 32538428                   /usr/lib/x86_64-linux-gnu/libglib-2.0.so.0.7200.4
7fd343778000-7fd343802000 r--p 000ac000 08:03 32538428                   /usr/lib/x86_64-linux-gnu/libglib-2.0.so.0.7200.4
7fd343802000-7fd343803000 ---p 00136000 08:03 32538428                   /usr/lib/x86_64-linux-gnu/libglib-2.0.so.0.7200.4
7fd343803000-7fd343804000 r--p 00136000 08:03 32538428                   /usr/lib/x86_64-linux-gnu/libglib-2.0.so.0.7200.4
7fd343804000-7fd343805000 rw-p 00137000 08:03 32538428                   /usr/lib/x86_64-linux-gnu/libglib-2.0.so.0.7200.4
7fd343805000-7fd343806000 rw-p 00000000 00:00 0 
7fd343806000-7fd343809000 ---p 00000000 00:00 0 
7fd343809000-7fd343906000 rw-p 00000000 00:00 0 
7fd34390c000-7fd34390f000 r--p 00000000 08:03 32538042                   /usr/lib/x86_64-linux-gnu/libcap.so.2.44
7fd34390f000-7fd343913000 r-xp 00003000 08:03 32538042                   /usr/lib/x86_64-linux-gnu/libcap.so.2.44
7fd343913000-7fd343915000 r--p 00007000 08:03 32538042                   /usr/lib/x86_64-linux-gnu/libcap.so.2.44
7fd343915000-7fd343916000 r--p 00008000 08:03 32538042                   /usr/lib/x86_64-linux-gnu/libcap.so.2.44
7fd343916000-7fd343917000 rw-p 00009000 08:03 32538042                   /usr/lib/x86_64-linux-gnu/libcap.so.2.44
7fd343917000-7fd343926000 r--p 00000000 08:03 32538448                   /usr/lib/x86_64-linux-gnu/libgobject-2.0.so.0.7200.4
7fd343926000-7fd343959000 r-xp 0000f000 08:03 32538448                   /usr/lib/x86_64-linux-gnu/libgobject-2.0.so.0.7200.4
7fd343959000-7fd343973000 r--p 00042000 08:03 32538448                   /usr/lib/x86_64-linux-gnu/libgobject-2.0.so.0.7200.4
7fd343973000-7fd343976000 r--p 0005b000 08:03 32538448                   /usr/lib/x86_64-linux-gnu/libgobject-2.0.so.0.7200.4
7fd343976000-7fd343977000 rw-p 0005e000 08:03 32538448                   /usr/lib/x86_64-linux-gnu/libgobject-2.0.so.0.7200.4
7fd343977000-7fd343983000 r--p 00000000 08:03 32537909                   /usr/lib/x86_64-linux-gnu/libatk-bridge-2.0.so.0.0.0
7fd343983000-7fd34399c000 r-xp 0000c000 08:03 32537909                   /usr/lib/x86_64-linux-gnu/libatk-bridge-2.0.so.0.0.0
7fd34399c000-7fd3439ab000 r--p 00025000 08:03 32537909                   /usr/lib/x86_64-linux-gnu/libatk-bridge-2.0.so.0.0.0
7fd3439ab000-7fd3439ac000 ---p 00034000 08:03 32537909                   /usr/lib/x86_64-linux-gnu/libatk-bridge-2.0.so.0.0.0
7fd3439ac000-7fd3439ad000 r--p 00034000 08:03 32537909                   /usr/lib/x86_64-linux-gnu/libatk-bridge-2.0.so.0.0.0
7fd3439ad000-7fd3439af000 rw-p 00035000 08:03 32537909                   /usr/lib/x86_64-linux-gnu/libatk-bridge-2.0.so.0.0.0
7fd3439af000-7fd3439ba000 r--p 00000000 08:03 32537907                   /usr/lib/x86_64-linux-gnu/libatk-1.0.so.0.23609.1
7fd3439ba000-7fd3439c9000 r-xp 0000b000 08:03 32537907                   /usr/lib/x86_64-linux-gnu/libatk-1.0.so.0.23609.1
7fd3439c9000-7fd3439d5000 r--p 0001a000 08:03 32537907                   /usr/lib/x86_64-linux-gnu/libatk-1.0.so.0.23609.1
7fd3439d5000-7fd3439d8000 r--p 00025000 08:03 32537907                   /usr/lib/x86_64-linux-gnu/libatk-1.0.so.0.23609.1
7fd3439d8000-7fd3439d9000 rw-p 00028000 08:03 32537907                   /usr/lib/x86_64-linux-gnu/libatk-1.0.so.0.23609.1
7fd3439d9000-7fd3439dd000 r--p 00000000 08:03 297019                     /usr/lib/x86_64-linux-gnu/jni/libatk-wrapper.so
7fd3439dd000-7fd3439f6000 r-xp 00004000 08:03 297019                     /usr/lib/x86_64-linux-gnu/jni/libatk-wrapper.so
7fd3439f6000-7fd343a00000 r--p 0001d000 08:03 297019                     /usr/lib/x86_64-linux-gnu/jni/libatk-wrapper.so
7fd343a00000-7fd343a01000 ---p 00027000 08:03 297019                     /usr/lib/x86_64-linux-gnu/jni/libatk-wrapper.so
7fd343a01000-7fd343a02000 r--p 00027000 08:03 297019                     /usr/lib/x86_64-linux-gnu/jni/libatk-wrapper.so
7fd343a02000-7fd343a03000 rw-p 00028000 08:03 297019                     /usr/lib/x86_64-linux-gnu/jni/libatk-wrapper.so
7fd343a03000-7fd343a06000 ---p 00000000 00:00 0 
7fd343a06000-7fd343a3c000 rw-p 00000000 00:00 0 
7fd343a3c000-7fd343a3d000 r--p 00000000 08:03 32538003                   /usr/lib/x86_64-linux-gnu/libbrotlicommon.so.1.0.9
7fd343a3d000-7fd343a3e000 r-xp 00001000 08:03 32538003                   /usr/lib/x86_64-linux-gnu/libbrotlicommon.so.1.0.9
7fd343a3e000-7fd343a5d000 r--p 00002000 08:03 32538003                   /usr/lib/x86_64-linux-gnu/libbrotlicommon.so.1.0.9
7fd343a5d000-7fd343a5e000 r--p 00020000 08:03 32538003                   /usr/lib/x86_64-linux-gnu/libbrotlicommon.so.1.0.9
7fd343a5e000-7fd343a5f000 rw-p 00021000 08:03 32538003                   /usr/lib/x86_64-linux-gnu/libbrotlicommon.so.1.0.9
7fd343a5f000-7fd343a60000 r--p 00000000 08:03 32538005                   /usr/lib/x86_64-linux-gnu/libbrotlidec.so.1.0.9
7fd343a60000-7fd343a68000 r-xp 00001000 08:03 32538005                   /usr/lib/x86_64-linux-gnu/libbrotlidec.so.1.0.9
7fd343a68000-7fd343a6b000 r--p 00009000 08:03 32538005                   /usr/lib/x86_64-linux-gnu/libbrotlidec.so.1.0.9
7fd343a6b000-7fd343a6c000 r--p 0000b000 08:03 32538005                   /usr/lib/x86_64-linux-gnu/libbrotlidec.so.1.0.9
7fd343a6c000-7fd343a6d000 rw-p 0000c000 08:03 32538005                   /usr/lib/x86_64-linux-gnu/libbrotlidec.so.1.0.9
7fd343a6d000-7fd343a72000 r--p 00000000 08:03 32539008                   /usr/lib/x86_64-linux-gnu/libpng16.so.16.37.0
7fd343a72000-7fd343a9b000 r-xp 00005000 08:03 32539008                   /usr/lib/x86_64-linux-gnu/libpng16.so.16.37.0
7fd343a9b000-7fd343aa6000 r--p 0002e000 08:03 32539008                   /usr/lib/x86_64-linux-gnu/libpng16.so.16.37.0
7fd343aa6000-7fd343aa7000 r--p 00038000 08:03 32539008                   /usr/lib/x86_64-linux-gnu/libpng16.so.16.37.0
7fd343aa7000-7fd343aa8000 rw-p 00039000 08:03 32539008                   /usr/lib/x86_64-linux-gnu/libpng16.so.16.37.0
7fd343aa8000-7fd343ab5000 r--p 00000000 08:03 32538344                   /usr/lib/x86_64-linux-gnu/libfreetype.so.6.18.1
7fd343ab5000-7fd343b3e000 r-xp 0000d000 08:03 32538344                   /usr/lib/x86_64-linux-gnu/libfreetype.so.6.18.1
7fd343b3e000-7fd343b67000 r--p 00096000 08:03 32538344                   /usr/lib/x86_64-linux-gnu/libfreetype.so.6.18.1
7fd343b67000-7fd343b68000 ---p 000bf000 08:03 32538344                   /usr/lib/x86_64-linux-gnu/libfreetype.so.6.18.1
7fd343b68000-7fd343b6f000 r--p 000bf000 08:03 32538344                   /usr/lib/x86_64-linux-gnu/libfreetype.so.6.18.1
7fd343b6f000-7fd343b70000 rw-p 000c6000 08:03 32538344                   /usr/lib/x86_64-linux-gnu/libfreetype.so.6.18.1
7fd343b70000-7fd343b77000 r--p 00000000 08:03 297333                     /usr/lib/jvm/java-8-openjdk-amd64/jre/lib/amd64/libfontmanager.so
7fd343b77000-7fd343ba7000 r-xp 00007000 08:03 297333                     /usr/lib/jvm/java-8-openjdk-amd64/jre/lib/amd64/libfontmanager.so
7fd343ba7000-7fd343bc3000 r--p 00037000 08:03 297333                     /usr/lib/jvm/java-8-openjdk-amd64/jre/lib/amd64/libfontmanager.so
7fd343bc3000-7fd343bc4000 ---p 00053000 08:03 297333                     /usr/lib/jvm/java-8-openjdk-amd64/jre/lib/amd64/libfontmanager.so
7fd343bc4000-7fd343bc6000 r--p 00053000 08:03 297333                     /usr/lib/jvm/java-8-openjdk-amd64/jre/lib/amd64/libfontmanager.so
7fd343bc6000-7fd343bc7000 rw-p 00055000 08:03 297333                     /usr/lib/jvm/java-8-openjdk-amd64/jre/lib/amd64/libfontmanager.so
7fd343bc7000-7fd343dc7000 rw-p 00000000 00:00 0 
7fd343dc7000-7fd343dc9000 r--p 00000000 08:03 32538757                   /usr/lib/x86_64-linux-gnu/libmd.so.0.0.5
7fd343dc9000-7fd343dd0000 r-xp 00002000 08:03 32538757                   /usr/lib/x86_64-linux-gnu/libmd.so.0.0.5
7fd343dd0000-7fd343dd2000 r--p 00009000 08:03 32538757                   /usr/lib/x86_64-linux-gnu/libmd.so.0.0.5
7fd343dd2000-7fd343dd3000 r--p 0000a000 08:03 32538757                   /usr/lib/x86_64-linux-gnu/libmd.so.0.0.5
7fd343dd3000-7fd343dd4000 rw-p 0000b000 08:03 32538757                   /usr/lib/x86_64-linux-gnu/libmd.so.0.0.5
7fd343dd4000-7fd343dd8000 r--p 00000000 08:03 32538011                   /usr/lib/x86_64-linux-gnu/libbsd.so.0.11.5
7fd343dd8000-7fd343de5000 r-xp 00004000 08:03 32538011                   /usr/lib/x86_64-linux-gnu/libbsd.so.0.11.5
7fd343de5000-7fd343de8000 r--p 00011000 08:03 32538011                   /usr/lib/x86_64-linux-gnu/libbsd.so.0.11.5
7fd343de8000-7fd343de9000 ---p 00014000 08:03 32538011                   /usr/lib/x86_64-linux-gnu/libbsd.so.0.11.5
7fd343de9000-7fd343dea000 r--p 00014000 08:03 32538011                   /usr/lib/x86_64-linux-gnu/libbsd.so.0.11.5
7fd343dea000-7fd343deb000 rw-p 00015000 08:03 32538011                   /usr/lib/x86_64-linux-gnu/libbsd.so.0.11.5
7fd343deb000-7fd343dec000 rw-p 00000000 00:00 0 
7fd343dec000-7fd343dee000 r--p 00000000 08:03 32537700                   /usr/lib/x86_64-linux-gnu/libXdmcp.so.6.0.0
7fd343dee000-7fd343df0000 r-xp 00002000 08:03 32537700                   /usr/lib/x86_64-linux-gnu/libXdmcp.so.6.0.0
7fd343df0000-7fd343df2000 r--p 00004000 08:03 32537700                   /usr/lib/x86_64-linux-gnu/libXdmcp.so.6.0.0
7fd343df2000-7fd343df3000 r--p 00005000 08:03 32537700                   /usr/lib/x86_64-linux-gnu/libXdmcp.so.6.0.0
7fd343df3000-7fd343df4000 rw-p 00006000 08:03 32537700                   /usr/lib/x86_64-linux-gnu/libXdmcp.so.6.0.0
7fd343df4000-7fd343df5000 r--p 00000000 08:03 32537689                   /usr/lib/x86_64-linux-gnu/libXau.so.6.0.0
7fd343df5000-7fd343df7000 r-xp 00001000 08:03 32537689                   /usr/lib/x86_64-linux-gnu/libXau.so.6.0.0
7fd343df7000-7fd343df8000 r--p 00003000 08:03 32537689                   /usr/lib/x86_64-linux-gnu/libXau.so.6.0.0
7fd343df8000-7fd343df9000 r--p 00003000 08:03 32537689                   /usr/lib/x86_64-linux-gnu/libXau.so.6.0.0
7fd343df9000-7fd343dfa000 rw-p 00004000 08:03 32537689                   /usr/lib/x86_64-linux-gnu/libXau.so.6.0.0
7fd343dfa000-7fd343e05000 r--p 00000000 08:03 32539455                   /usr/lib/x86_64-linux-gnu/libxcb.so.1.1.0
7fd343e05000-7fd343e19000 r-xp 0000b000 08:03 32539455                   /usr/lib/x86_64-linux-gnu/libxcb.so.1.1.0
7fd343e19000-7fd343e22000 r--p 0001f000 08:03 32539455                   /usr/lib/x86_64-linux-gnu/libxcb.so.1.1.0
7fd343e22000-7fd343e23000 r--p 00027000 08:03 32539455                   /usr/lib/x86_64-linux-gnu/libxcb.so.1.1.0
7fd343e23000-7fd343e24000 rw-p 00028000 08:03 32539455                   /usr/lib/x86_64-linux-gnu/libxcb.so.1.1.0
7fd343e24000-7fd343e27000 r--p 00000000 08:03 32537710                   /usr/lib/x86_64-linux-gnu/libXi.so.6.1.0
7fd343e27000-7fd343e33000 r-xp 00003000 08:03 32537710                   /usr/lib/x86_64-linux-gnu/libXi.so.6.1.0
7fd343e33000-7fd343e36000 r--p 0000f000 08:03 32537710                   /usr/lib/x86_64-linux-gnu/libXi.so.6.1.0
7fd343e36000-7fd343e37000 r--p 00011000 08:03 32537710                   /usr/lib/x86_64-linux-gnu/libXi.so.6.1.0
7fd343e37000-7fd343e38000 rw-p 00012000 08:03 32537710                   /usr/lib/x86_64-linux-gnu/libXi.so.6.1.0
7fd343e38000-7fd343e3a000 r--p 00000000 08:03 32537724                   /usr/lib/x86_64-linux-gnu/libXrender.so.1.3.0
7fd343e3a000-7fd343e41000 r-xp 00002000 08:03 32537724                   /usr/lib/x86_64-linux-gnu/libXrender.so.1.3.0
7fd343e41000-7fd343e43000 r--p 00009000 08:03 32537724                   /usr/lib/x86_64-linux-gnu/libXrender.so.1.3.0
7fd343e43000-7fd343e44000 r--p 0000a000 08:03 32537724                   /usr/lib/x86_64-linux-gnu/libXrender.so.1.3.0
7fd343e44000-7fd343e45000 rw-p 0000b000 08:03 32537724                   /usr/lib/x86_64-linux-gnu/libXrender.so.1.3.0
7fd343e45000-7fd343e5e000 r--p 00000000 08:03 32507347                   /usr/lib/x86_64-linux-gnu/libX11.so.6.4.0
7fd343e5e000-7fd343eea000 r-xp 00019000 08:03 32507347                   /usr/lib/x86_64-linux-gnu/libX11.so.6.4.0
7fd343eea000-7fd343f7f000 r--p 000a5000 08:03 32507347                   /usr/lib/x86_64-linux-gnu/libX11.so.6.4.0
7fd343f7f000-7fd343f80000 ---p 0013a000 08:03 32507347                   /usr/lib/x86_64-linux-gnu/libX11.so.6.4.0
7fd343f80000-7fd343f81000 r--p 0013a000 08:03 32507347                   /usr/lib/x86_64-linux-gnu/libX11.so.6.4.0
7fd343f81000-7fd343f85000 rw-p 0013b000 08:03 32507347                   /usr/lib/x86_64-linux-gnu/libX11.so.6.4.0
7fd343f85000-7fd343f89000 r--p 00000000 08:03 32537702                   /usr/lib/x86_64-linux-gnu/libXext.so.6.4.0
7fd343f89000-7fd343f94000 r-xp 00004000 08:03 32537702                   /usr/lib/x86_64-linux-gnu/libXext.so.6.4.0
7fd343f94000-7fd343f98000 r--p 0000f000 08:03 32537702                   /usr/lib/x86_64-linux-gnu/libXext.so.6.4.0
7fd343f98000-7fd343f99000 r--p 00012000 08:03 32537702                   /usr/lib/x86_64-linux-gnu/libXext.so.6.4.0
7fd343f99000-7fd343f9a000 rw-p 00013000 08:03 32537702                   /usr/lib/x86_64-linux-gnu/libXext.so.6.4.0
7fd343f9a000-7fd343faa000 r--p 00000000 08:03 297331                     /usr/lib/jvm/java-8-openjdk-amd64/jre/lib/amd64/libawt_xawt.so
7fd343faa000-7fd343fe9000 r-xp 00010000 08:03 297331                     /usr/lib/jvm/java-8-openjdk-amd64/jre/lib/amd64/libawt_xawt.so
7fd343fe9000-7fd343ffa000 r--p 0004f000 08:03 297331                     /usr/lib/jvm/java-8-openjdk-amd64/jre/lib/amd64/libawt_xawt.so
7fd343ffa000-7fd343ffb000 r--p 0005f000 08:03 297331                     /usr/lib/jvm/java-8-openjdk-amd64/jre/lib/amd64/libawt_xawt.so
7fd343ffb000-7fd343ffe000 rw-p 00060000 08:03 297331                     /usr/lib/jvm/java-8-openjdk-amd64/jre/lib/amd64/libawt_xawt.so
7fd343ffe000-7fd344000000 rw-p 00000000 00:00 0 
7fd344000000-7fd344021000 rw-p 00000000 00:00 0 
7fd344021000-7fd348000000 ---p 00000000 00:00 0 
7fd348008000-7fd34800a000 r--p 00000000 08:03 32538286                   /usr/lib/x86_64-linux-gnu/libffi.so.8.1.0
7fd34800a000-7fd348011000 r-xp 00002000 08:03 32538286                   /usr/lib/x86_64-linux-gnu/libffi.so.8.1.0
7fd348011000-7fd348012000 r--p 00009000 08:03 32538286                   /usr/lib/x86_64-linux-gnu/libffi.so.8.1.0
7fd348012000-7fd348013000 ---p 0000a000 08:03 32538286                   /usr/lib/x86_64-linux-gnu/libffi.so.8.1.0
7fd348013000-7fd348014000 r--p 0000a000 08:03 32538286                   /usr/lib/x86_64-linux-gnu/libffi.so.8.1.0
7fd348014000-7fd348015000 rw-p 0000b000 08:03 32538286                   /usr/lib/x86_64-linux-gnu/libffi.so.8.1.0
7fd348015000-7fd348017000 r--p 00000000 08:03 32537704                   /usr/lib/x86_64-linux-gnu/libXfixes.so.3.1.0
7fd348017000-7fd34801a000 r-xp 00002000 08:03 32537704                   /usr/lib/x86_64-linux-gnu/libXfixes.so.3.1.0
7fd34801a000-7fd34801b000 r--p 00005000 08:03 32537704                   /usr/lib/x86_64-linux-gnu/libXfixes.so.3.1.0
7fd34801b000-7fd34801c000 r--p 00006000 08:03 32537704                   /usr/lib/x86_64-linux-gnu/libXfixes.so.3.1.0
7fd34801c000-7fd34801d000 rw-p 00007000 08:03 32537704                   /usr/lib/x86_64-linux-gnu/libXfixes.so.3.1.0
7fd34801d000-7fd34801f000 r--p 00000000 08:03 32537696                   /usr/lib/x86_64-linux-gnu/libXcursor.so.1.0.2
7fd34801f000-7fd348025000 r-xp 00002000 08:03 32537696                   /usr/lib/x86_64-linux-gnu/libXcursor.so.1.0.2
7fd348025000-7fd348027000 r--p 00008000 08:03 32537696                   /usr/lib/x86_64-linux-gnu/libXcursor.so.1.0.2
7fd348027000-7fd348028000 r--p 00009000 08:03 32537696                   /usr/lib/x86_64-linux-gnu/libXcursor.so.1.0.2
7fd348028000-7fd348029000 rw-p 0000a000 08:03 32537696                   /usr/lib/x86_64-linux-gnu/libXcursor.so.1.0.2
7fd348029000-7fd34802c000 ---p 00000000 00:00 0 
7fd34802c000-7fd348129000 rw-p 00000000 00:00 0 
7fd348129000-7fd34812f000 r--s 002f9000 08:03 297363                     /usr/lib/jvm/java-8-openjdk-amd64/jre/lib/charsets.jar
7fd348131000-7fd348133000 r--p 00000000 08:03 32537730                   /usr/lib/x86_64-linux-gnu/libXtst.so.6.1.0
7fd348133000-7fd348136000 r-xp 00002000 08:03 32537730                   /usr/lib/x86_64-linux-gnu/libXtst.so.6.1.0
7fd348136000-7fd348137000 r--p 00005000 08:03 32537730                   /usr/lib/x86_64-linux-gnu/libXtst.so.6.1.0
7fd348137000-7fd348138000 r--p 00005000 08:03 32537730                   /usr/lib/x86_64-linux-gnu/libXtst.so.6.1.0
7fd348138000-7fd348139000 rw-p 00006000 08:03 32537730                   /usr/lib/x86_64-linux-gnu/libXtst.so.6.1.0
7fd34813f000-7fd348141000 r--s 00016000 08:03 297394                     /usr/lib/jvm/java-8-openjdk-amd64/jre/lib/jce.jar
7fd348141000-7fd348145000 r--p 00000000 08:03 297349                     /usr/lib/jvm/java-8-openjdk-amd64/jre/lib/amd64/libmanagement.so
7fd348145000-7fd348149000 r-xp 00004000 08:03 297349                     /usr/lib/jvm/java-8-openjdk-amd64/jre/lib/amd64/libmanagement.so
7fd348149000-7fd34814b000 r--p 00008000 08:03 297349                     /usr/lib/jvm/java-8-openjdk-amd64/jre/lib/amd64/libmanagement.so
7fd34814b000-7fd34814c000 r--p 00009000 08:03 297349                     /usr/lib/jvm/java-8-openjdk-amd64/jre/lib/amd64/libmanagement.so
7fd34814c000-7fd34814d000 rw-p 0000a000 08:03 297349                     /usr/lib/jvm/java-8-openjdk-amd64/jre/lib/amd64/libmanagement.so
7fd34814d000-7fd34817a000 r--p 00000000 08:03 297329                     /usr/lib/jvm/java-8-openjdk-amd64/jre/lib/amd64/libawt.so
7fd34817a000-7fd3481e4000 r-xp 0002d000 08:03 297329                     /usr/lib/jvm/java-8-openjdk-amd64/jre/lib/amd64/libawt.so
7fd3481e4000-7fd3481f0000 r--p 00097000 08:03 297329                     /usr/lib/jvm/java-8-openjdk-amd64/jre/lib/amd64/libawt.so
7fd3481f0000-7fd3481f1000 ---p 000a3000 08:03 297329                     /usr/lib/jvm/java-8-openjdk-amd64/jre/lib/amd64/libawt.so
7fd3481f1000-7fd3481f2000 r--p 000a3000 08:03 297329                     /usr/lib/jvm/java-8-openjdk-amd64/jre/lib/amd64/libawt.so
7fd3481f2000-7fd3481fd000 rw-p 000a4000 08:03 297329                     /usr/lib/jvm/java-8-openjdk-amd64/jre/lib/amd64/libawt.so
7fd3481fd000-7fd348422000 rw-p 00000000 00:00 0 
7fd348422000-7fd348424000 r--s 00009000 08:03 18093033                   /home/wtwhite/.m2/repository/org/hamcrest/hamcrest-core/1.3/hamcrest-core-1.3.jar
7fd348424000-7fd34842d000 r--s 00055000 08:03 18095130                   /home/wtwhite/.m2/repository/junit/junit/4.13.2/junit-4.13.2.jar
7fd34842d000-7fd3484ca000 r--s 0066c000 08:03 18160677                   /home/wtwhite/code/regression-test-generation/evosuite/evosuite-standalone-runtime-1.2.0.jar
7fd3484ca000-7fd3484cc000 r--s 00009000 08:03 22587241                   /home/wtwhite/code/craw-redhat-oss/wget/crawl/repo1.maven.org/maven2/io/netty/netty-buffer/4.1.102.Final/target/dependency/slf4j-api-1.7.30.jar
7fd3484cc000-7fd3484d1000 r--s 00051000 08:03 22587236                   /home/wtwhite/code/craw-redhat-oss/wget/crawl/repo1.maven.org/maven2/io/netty/netty-buffer/4.1.102.Final/target/dependency/picocli-4.1.4.jar
7fd3484d1000-7fd3484d2000 r--s 00001000 08:03 22587222                   /home/wtwhite/code/craw-redhat-oss/wget/crawl/repo1.maven.org/maven2/io/netty/netty-buffer/4.1.102.Final/target/dependency/opentest4j-1.2.0.jar
7fd3484d2000-7fd3484d4000 r--s 0000c000 08:03 22587223                   /home/wtwhite/code/craw-redhat-oss/wget/crawl/repo1.maven.org/maven2/io/netty/netty-buffer/4.1.102.Final/target/dependency/objenesis-2.6.jar
7fd3484d4000-7fd3484e2000 r--s 00094000 08:03 22587242                   /home/wtwhite/code/craw-redhat-oss/wget/crawl/repo1.maven.org/maven2/io/netty/netty-buffer/4.1.102.Final/target/dependency/netty-common-4.1.102.Final.jar
7fd3484e2000-7fd3484e3000 r--s 00002000 08:03 22587214                   /home/wtwhite/code/craw-redhat-oss/wget/crawl/repo1.maven.org/maven2/io/netty/netty-buffer/4.1.102.Final/target/dependency/netty-build-common-31.jar
7fd3484e3000-7fd3484f3000 r--s 00078000 08:03 22587220                   /home/wtwhite/code/craw-redhat-oss/wget/crawl/repo1.maven.org/maven2/io/netty/netty-buffer/4.1.102.Final/target/dependency/mockito-core-2.18.3.jar
7fd3484f3000-7fd3484fd000 r--s 00064000 08:03 22587227                   /home/wtwhite/code/craw-redhat-oss/wget/crawl/repo1.maven.org/maven2/io/netty/netty-buffer/4.1.102.Final/target/dependency/logback-core-1.2.13.jar
7fd3484fd000-7fd348503000 r--s 00033000 08:03 22587229                   /home/wtwhite/code/craw-redhat-oss/wget/crawl/repo1.maven.org/maven2/io/netty/netty-buffer/4.1.102.Final/target/dependency/logback-classic-1.2.13.jar
7fd348503000-7fd348504000 r--s 00000000 08:03 22587215                   /home/wtwhite/code/craw-redhat-oss/wget/crawl/repo1.maven.org/maven2/io/netty/netty-buffer/4.1.102.Final/target/dependency/listenablefuture-9999.0-empty-to-avoid-conflict-with-guava.jar
7fd348504000-7fd348508000 r--s 0002a000 08:03 22587232                   /home/wtwhite/code/craw-redhat-oss/wget/crawl/repo1.maven.org/maven2/io/netty/netty-buffer/4.1.102.Final/target/dependency/junit-platform-engine-1.9.0.jar
7fd348508000-7fd34850b000 r--s 00017000 08:03 22587234                   /home/wtwhite/code/craw-redhat-oss/wget/crawl/repo1.maven.org/maven2/io/netty/netty-buffer/4.1.102.Final/target/dependency/junit-platform-commons-1.9.0.jar
7fd34850b000-7fd348518000 r--s 00081000 08:03 22587212                   /home/wtwhite/code/craw-redhat-oss/wget/crawl/repo1.maven.org/maven2/io/netty/netty-buffer/4.1.102.Final/target/dependency/junit-jupiter-params-5.9.0.jar
7fd348518000-7fd34851d000 r--s 00038000 08:03 22587228                   /home/wtwhite/code/craw-redhat-oss/wget/crawl/repo1.maven.org/maven2/io/netty/netty-buffer/4.1.102.Final/target/dependency/junit-jupiter-engine-5.9.0.jar
7fd34851d000-7fd348522000 r--s 0002d000 08:03 22587240                   /home/wtwhite/code/craw-redhat-oss/wget/crawl/repo1.maven.org/maven2/io/netty/netty-buffer/4.1.102.Final/target/dependency/junit-jupiter-api-5.9.0.jar
7fd348522000-7fd348524000 r--s 00003000 08:03 22587211                   /home/wtwhite/code/craw-redhat-oss/wget/crawl/repo1.maven.org/maven2/io/netty/netty-buffer/4.1.102.Final/target/dependency/jsr305-3.0.2.jar
7fd348524000-7fd348526000 r--s 00001000 08:03 22587226                   /home/wtwhite/code/craw-redhat-oss/wget/crawl/repo1.maven.org/maven2/io/netty/netty-buffer/4.1.102.Final/target/dependency/j2objc-annotations-1.3.jar
7fd348526000-7fd348527000 r--s 0000c000 08:03 22587217                   /home/wtwhite/code/craw-redhat-oss/wget/crawl/repo1.maven.org/maven2/io/netty/netty-buffer/4.1.102.Final/target/dependency/hamcrest-library-1.3.jar
7fd348527000-7fd348529000 r--s 00009000 08:03 22587235                   /home/wtwhite/code/craw-redhat-oss/wget/crawl/repo1.maven.org/maven2/io/netty/netty-buffer/4.1.102.Final/target/dependency/hamcrest-core-1.3.jar
7fd348529000-7fd34855b000 r--s 00277000 08:03 22587221                   /home/wtwhite/code/craw-redhat-oss/wget/crawl/repo1.maven.org/maven2/io/netty/netty-buffer/4.1.102.Final/target/dependency/guava-28.2-jre.jar
7fd34855b000-7fd34855d000 r--s 00000000 08:03 22587233                   /home/wtwhite/code/craw-redhat-oss/wget/crawl/repo1.maven.org/maven2/io/netty/netty-buffer/4.1.102.Final/target/dependency/failureaccess-1.0.1.jar
7fd34855d000-7fd34855f000 r--s 00002000 08:03 22587219                   /home/wtwhite/code/craw-redhat-oss/wget/crawl/repo1.maven.org/maven2/io/netty/netty-buffer/4.1.102.Final/target/dependency/error_prone_annotations-2.3.4.jar
7fd34855f000-7fd348561000 r--s 0000e000 08:03 22587239                   /home/wtwhite/code/craw-redhat-oss/wget/crawl/repo1.maven.org/maven2/io/netty/netty-buffer/4.1.102.Final/target/dependency/commons-logging-1.2.jar
7fd348561000-7fd34856e000 r--s 00083000 08:03 22587237                   /home/wtwhite/code/craw-redhat-oss/wget/crawl/repo1.maven.org/maven2/io/netty/netty-buffer/4.1.102.Final/target/dependency/commons-collections-3.2.2.jar
7fd34856e000-7fd348573000 r--s 00038000 08:03 22587230                   /home/wtwhite/code/craw-redhat-oss/wget/crawl/repo1.maven.org/maven2/io/netty/netty-buffer/4.1.102.Final/target/dependency/commons-beanutils-1.9.4.jar
7fd348573000-7fd34858b000 r--s 00132000 08:03 22587243                   /home/wtwhite/code/craw-redhat-oss/wget/crawl/repo1.maven.org/maven2/io/netty/netty-buffer/4.1.102.Final/target/dependency/checkstyle-8.29.jar
7fd34858b000-7fd348595000 r--s 00028000 08:03 22587213                   /home/wtwhite/code/craw-redhat-oss/wget/crawl/repo1.maven.org/maven2/io/netty/netty-buffer/4.1.102.Final/target/dependency/checker-qual-2.10.0.jar
7fd348595000-7fd348597000 r--s 00008000 08:03 22587218                   /home/wtwhite/code/craw-redhat-oss/wget/crawl/repo1.maven.org/maven2/io/netty/netty-buffer/4.1.102.Final/target/dependency/byte-buddy-agent-1.8.5.jar
7fd348597000-7fd3485d6000 r--s 0029c000 08:03 22587231                   /home/wtwhite/code/craw-redhat-oss/wget/crawl/repo1.maven.org/maven2/io/netty/netty-buffer/4.1.102.Final/target/dependency/byte-buddy-1.8.5.jar
7fd3485d6000-7fd348640000 r--s 00426000 08:03 22587225                   /home/wtwhite/code/craw-redhat-oss/wget/crawl/repo1.maven.org/maven2/io/netty/netty-buffer/4.1.102.Final/target/dependency/assertj-core-3.18.0.jar
7fd348640000-7fd348646000 r--s 0004d000 08:03 22587216                   /home/wtwhite/code/craw-redhat-oss/wget/crawl/repo1.maven.org/maven2/io/netty/netty-buffer/4.1.102.Final/target/dependency/antlr4-runtime-4.8-1.jar
7fd348646000-7fd34864b000 r--s 00068000 08:03 22587224                   /home/wtwhite/code/craw-redhat-oss/wget/crawl/repo1.maven.org/maven2/io/netty/netty-buffer/4.1.102.Final/target/dependency/antlr-2.7.7.jar
7fd34864b000-7fd348683000 r--s 00506000 08:03 22587244                   /home/wtwhite/code/craw-redhat-oss/wget/crawl/repo1.maven.org/maven2/io/netty/netty-buffer/4.1.102.Final/target/dependency/Saxon-HE-9.9.1-6.jar
7fd348683000-7fd348688000 r--s 00048000 08:03 22542677                   /home/wtwhite/code/craw-redhat-oss/wget/crawl/repo1.maven.org/maven2/io/netty/netty-buffer/4.1.102.Final/netty-buffer-4.1.102.Final.jar
7fd348688000-7fd34869a000 r--s 0034c000 08:03 297405                     /usr/lib/jvm/java-8-openjdk-amd64/jre/lib/resources.jar
7fd34869a000-7fd3486ab000 r--s 001c5000 08:03 297400                     /usr/lib/jvm/java-8-openjdk-amd64/jre/lib/jsse.jar
7fd3486ab000-7fd3486b0000 r--p 00000000 08:03 297351                     /usr/lib/jvm/java-8-openjdk-amd64/jre/lib/amd64/libnet.so
7fd3486b0000-7fd3486c1000 r-xp 00005000 08:03 297351                     /usr/lib/jvm/java-8-openjdk-amd64/jre/lib/amd64/libnet.so
7fd3486c1000-7fd3486c5000 r--p 00016000 08:03 297351                     /usr/lib/jvm/java-8-openjdk-amd64/jre/lib/amd64/libnet.so
7fd3486c5000-7fd3486c6000 r--p 00019000 08:03 297351                     /usr/lib/jvm/java-8-openjdk-amd64/jre/lib/amd64/libnet.so
7fd3486c6000-7fd3486c7000 rw-p 0001a000 08:03 297351                     /usr/lib/jvm/java-8-openjdk-amd64/jre/lib/amd64/libnet.so
7fd3486c7000-7fd3486ce000 r--p 00000000 08:03 297352                     /usr/lib/jvm/java-8-openjdk-amd64/jre/lib/amd64/libnio.so
7fd3486ce000-7fd3486d7000 r-xp 00007000 08:03 297352                     /usr/lib/jvm/java-8-openjdk-amd64/jre/lib/amd64/libnio.so
7fd3486d7000-7fd3486da000 r--p 00010000 08:03 297352                     /usr/lib/jvm/java-8-openjdk-amd64/jre/lib/amd64/libnio.so
7fd3486da000-7fd3486db000 r--p 00012000 08:03 297352                     /usr/lib/jvm/java-8-openjdk-amd64/jre/lib/amd64/libnio.so
7fd3486db000-7fd3486dc000 rw-p 00013000 08:03 297352                     /usr/lib/jvm/java-8-openjdk-amd64/jre/lib/amd64/libnio.so
7fd3486dc000-7fd3486f8000 r--s 00394000 08:03 297373                     /usr/lib/jvm/java-8-openjdk-amd64/jre/lib/ext/cldrdata.jar
7fd3486f8000-7fd3486f9000 ---p 00000000 00:00 0 
7fd3486f9000-7fd3487f9000 rw-p 00000000 00:00 0 
7fd3487f9000-7fd3487fc000 ---p 00000000 00:00 0 
7fd3487fc000-7fd3488f9000 rw-p 00000000 00:00 0 
7fd3488f9000-7fd3488fa000 ---p 00000000 00:00 0 
7fd3488fa000-7fd3488fd000 ---p 00000000 00:00 0 
7fd3488fd000-7fd3489fa000 rw-p 00000000 00:00 0 
7fd3489fa000-7fd3489fb000 ---p 00000000 00:00 0 
7fd3489fb000-7fd3489fe000 ---p 00000000 00:00 0 
7fd3489fe000-7fd348afb000 rw-p 00000000 00:00 0 
7fd348afb000-7fd348afc000 ---p 00000000 00:00 0 
7fd348afc000-7fd348aff000 ---p 00000000 00:00 0 
7fd348aff000-7fd348bfc000 rw-p 00000000 00:00 0 
7fd348bfc000-7fd348bfd000 ---p 00000000 00:00 0 
7fd348bfd000-7fd348c00000 ---p 00000000 00:00 0 
7fd348c00000-7fd348cfd000 rw-p 00000000 00:00 0 
7fd348cfd000-7fd348d00000 ---p 00000000 00:00 0 
7fd348d00000-7fd348dfd000 rw-p 00000000 00:00 0 
7fd348dfd000-7fd348e00000 ---p 00000000 00:00 0 
7fd348e00000-7fd348efd000 rw-p 00000000 00:00 0 
7fd348efd000-7fd348f00000 ---p 00000000 00:00 0 
7fd348f00000-7fd348ffd000 rw-p 00000000 00:00 0 
7fd348ffd000-7fd349000000 ---p 00000000 00:00 0 
7fd349000000-7fd3490fd000 rw-p 00000000 00:00 0 
7fd3490fd000-7fd349100000 ---p 00000000 00:00 0 
7fd349100000-7fd3491fd000 rw-p 00000000 00:00 0 
7fd3491fd000-7fd349200000 ---p 00000000 00:00 0 
7fd349200000-7fd3492fd000 rw-p 00000000 00:00 0 
7fd3492fd000-7fd3492fe000 ---p 00000000 00:00 0 
7fd3492fe000-7fd34c000000 rw-p 00000000 00:00 0 
7fd34c000000-7fd34c021000 rw-p 00000000 00:00 0 
7fd34c021000-7fd350000000 ---p 00000000 00:00 0 
7fd350000000-7fd350001000 r--s 00001000 08:03 22587238                   /home/wtwhite/code/craw-redhat-oss/wget/crawl/repo1.maven.org/maven2/io/netty/netty-buffer/4.1.102.Final/target/dependency/apiguardian-api-1.1.2.jar
7fd350001000-7fd350002000 r--s 00000000 08:03 297403                     /usr/lib/jvm/java-8-openjdk-amd64/jre/lib/management-agent.jar
7fd350002000-7fd350004000 r--s 00016000 08:03 297394                     /usr/lib/jvm/java-8-openjdk-amd64/jre/lib/jce.jar
7fd350004000-7fd35000a000 r--s 002f9000 08:03 297363                     /usr/lib/jvm/java-8-openjdk-amd64/jre/lib/charsets.jar
7fd35000a000-7fd35000d000 r--s 00024000 08:03 18893164                   /home/wtwhite/intellij/idea-IC-232.9921.47/plugins/junit/lib/junit-rt.jar
7fd35000d000-7fd35000e000 r--s 0000c000 08:03 18893166                   /home/wtwhite/intellij/idea-IC-232.9921.47/plugins/junit/lib/junit5-rt.jar
7fd35000e000-7fd350010000 r--s 0001f000 08:03 18642793                   /home/wtwhite/intellij/idea-IC-232.9921.47/lib/idea_rt.jar
7fd350010000-7fd350012000 r--s 00010000 08:03 297382                     /usr/lib/jvm/java-8-openjdk-amd64/jre/lib/ext/zipfs.jar
7fd350012000-7fd35002d000 r--s 001d6000 08:03 297378                     /usr/lib/jvm/java-8-openjdk-amd64/jre/lib/ext/nashorn.jar
7fd35002d000-7fd35002f000 r--s 00001000 08:03 297374                     /usr/lib/jvm/java-8-openjdk-amd64/jre/lib/ext/dnsns.jar
7fd35002f000-7fd350031000 r--s 0000c000 08:03 155866                     /usr/share/java/java-atk-wrapper.jar
7fd350031000-7fd350037000 r--s 0003e000 08:03 297380                     /usr/lib/jvm/java-8-openjdk-amd64/jre/lib/ext/sunjce_provider.jar
7fd350037000-7fd350041000 r--s 00117000 08:03 297377                     /usr/lib/jvm/java-8-openjdk-amd64/jre/lib/ext/localedata.jar
7fd350041000-7fd350044000 r--s 00042000 08:03 297381                     /usr/lib/jvm/java-8-openjdk-amd64/jre/lib/ext/sunpkcs11.jar
7fd350044000-7fd350047000 r--s 0000f000 08:03 297375                     /usr/lib/jvm/java-8-openjdk-amd64/jre/lib/ext/icedtea-sound.jar
7fd350047000-7fd35074e000 rw-p 00000000 00:00 0 
7fd35074e000-7fd350920000 r--s 03cc6000 08:03 297406                     /usr/lib/jvm/java-8-openjdk-amd64/jre/lib/rt.jar
7fd350920000-7fd369000000 rw-p 00000000 00:00 0 
7fd369000000-7fd369cb0000 rwxp 00000000 00:00 0 
7fd369cb0000-7fd378000000 ---p 00000000 00:00 0 
7fd378000000-7fd379150000 rw-p 00000000 00:00 0 
7fd379150000-7fd37c000000 ---p 00000000 00:00 0 
7fd37c000000-7fd37c001000 r--s 0000a000 08:03 297376                     /usr/lib/jvm/java-8-openjdk-amd64/jre/lib/ext/jaccess.jar
7fd37c001000-7fd37c003000 r--s 00008000 08:03 297379                     /usr/lib/jvm/java-8-openjdk-amd64/jre/lib/ext/sunec.jar
7fd37c003000-7fd37c00a000 r--s 000d3000 08:03 297399                     /usr/lib/jvm/java-8-openjdk-amd64/jre/lib/jfr.jar
7fd37c00a000-7fd37c010000 r--s 000f8000 08:03 19025964                   /home/wtwhite/intellij/idea-IC-232.9921.47/plugins/java/lib/rt/debugger-agent.jar
7fd37c010000-7fd37c012000 r--p 00000000 08:03 297332                     /usr/lib/jvm/java-8-openjdk-amd64/jre/lib/amd64/libdt_socket.so
7fd37c012000-7fd37c015000 r-xp 00002000 08:03 297332                     /usr/lib/jvm/java-8-openjdk-amd64/jre/lib/amd64/libdt_socket.so
7fd37c015000-7fd37c016000 r--p 00005000 08:03 297332                     /usr/lib/jvm/java-8-openjdk-amd64/jre/lib/amd64/libdt_socket.so
7fd37c016000-7fd37c017000 r--p 00005000 08:03 297332                     /usr/lib/jvm/java-8-openjdk-amd64/jre/lib/amd64/libdt_socket.so
7fd37c017000-7fd37c018000 rw-p 00006000 08:03 297332                     /usr/lib/jvm/java-8-openjdk-amd64/jre/lib/amd64/libdt_socket.so
7fd37c018000-7fd37c227000 rw-p 00000000 00:00 0 
7fd37c227000-7fd37c228000 ---p 00000000 00:00 0 
7fd37c228000-7fd37c328000 rw-p 00000000 00:00 0 
7fd37c328000-7fd37c329000 ---p 00000000 00:00 0 
7fd37c329000-7fd37c429000 rw-p 00000000 00:00 0 
7fd37c429000-7fd37c42a000 ---p 00000000 00:00 0 
7fd37c42a000-7fd37c52a000 rw-p 00000000 00:00 0 
7fd37c52a000-7fd37c52b000 ---p 00000000 00:00 0 
7fd37c52b000-7fd37c62b000 rw-p 00000000 00:00 0 
7fd37c62b000-7fd37c62c000 ---p 00000000 00:00 0 
7fd37c62c000-7fd37c72c000 rw-p 00000000 00:00 0 
7fd37c72c000-7fd37c72d000 ---p 00000000 00:00 0 
7fd37c72d000-7fd37c82d000 rw-p 00000000 00:00 0 
7fd37c82d000-7fd37c82e000 ---p 00000000 00:00 0 
7fd37c82e000-7fd37c92e000 rw-p 00000000 00:00 0 
7fd37c92e000-7fd37c92f000 ---p 00000000 00:00 0 
7fd37c92f000-7fd37cac1000 rw-p 00000000 00:00 0 
7fd37cac1000-7fd37da23000 ---p 00000000 00:00 0 
7fd37da23000-7fd37dab5000 rw-p 00000000 00:00 0 
7fd37dab5000-7fd37ea17000 ---p 00000000 00:00 0 
7fd37ea17000-7fd37eac4000 rw-p 00000000 00:00 0 
7fd37eac4000-7fd37f211000 ---p 00000000 00:00 0 
7fd37f211000-7fd37f245000 rw-p 00000000 00:00 0 
7fd37f245000-7fd37f5d2000 ---p 00000000 00:00 0 
7fd37f5d2000-7fd37f5d5000 r--p 00000000 08:03 297359                     /usr/lib/jvm/java-8-openjdk-amd64/jre/lib/amd64/libzip.so
7fd37f5d5000-7fd37f5da000 r-xp 00003000 08:03 297359                     /usr/lib/jvm/java-8-openjdk-amd64/jre/lib/amd64/libzip.so
7fd37f5da000-7fd37f5dc000 r--p 00008000 08:03 297359                     /usr/lib/jvm/java-8-openjdk-amd64/jre/lib/amd64/libzip.so
7fd37f5dc000-7fd37f5dd000 r--p 00009000 08:03 297359                     /usr/lib/jvm/java-8-openjdk-amd64/jre/lib/amd64/libzip.so
7fd37f5dd000-7fd37f5de000 rw-p 0000a000 08:03 297359                     /usr/lib/jvm/java-8-openjdk-amd64/jre/lib/amd64/libzip.so
7fd37f5de000-7fd37f5e6000 rw-s 00000000 08:03 4818645                    /tmp/hsperfdata_wtwhite/202344
7fd37f5e6000-7fd37f5e8000 r--p 00000000 08:03 297335                     /usr/lib/jvm/java-8-openjdk-amd64/jre/lib/amd64/libinstrument.so
7fd37f5e8000-7fd37f5ee000 r-xp 00002000 08:03 297335                     /usr/lib/jvm/java-8-openjdk-amd64/jre/lib/amd64/libinstrument.so
7fd37f5ee000-7fd37f5f1000 r--p 00008000 08:03 297335                     /usr/lib/jvm/java-8-openjdk-amd64/jre/lib/amd64/libinstrument.so
7fd37f5f1000-7fd37f5f2000 r--p 0000a000 08:03 297335                     /usr/lib/jvm/java-8-openjdk-amd64/jre/lib/amd64/libinstrument.so
7fd37f5f2000-7fd37f5f3000 rw-p 0000b000 08:03 297335                     /usr/lib/jvm/java-8-openjdk-amd64/jre/lib/amd64/libinstrument.so
7fd37f5f3000-7fd37fb66000 r--p 00000000 08:03 32507564                   /usr/lib/locale/locale-archive
7fd37fb66000-7fd37fb67000 r--p 00000000 08:03 297353                     /usr/lib/jvm/java-8-openjdk-amd64/jre/lib/amd64/libnpt.so
7fd37fb67000-7fd37fb69000 r-xp 00001000 08:03 297353                     /usr/lib/jvm/java-8-openjdk-amd64/jre/lib/amd64/libnpt.so
7fd37fb69000-7fd37fb6a000 r--p 00003000 08:03 297353                     /usr/lib/jvm/java-8-openjdk-amd64/jre/lib/amd64/libnpt.so
7fd37fb6a000-7fd37fb6b000 r--p 00003000 08:03 297353                     /usr/lib/jvm/java-8-openjdk-amd64/jre/lib/amd64/libnpt.so
7fd37fb6b000-7fd37fb6c000 rw-p 00004000 08:03 297353                     /usr/lib/jvm/java-8-openjdk-amd64/jre/lib/amd64/libnpt.so
7fd37fb6c000-7fd37fb6e000 r--p 00000000 08:03 297345                     /usr/lib/jvm/java-8-openjdk-amd64/jre/lib/amd64/libjdwp.so
7fd37fb6e000-7fd37fb9a000 r-xp 00002000 08:03 297345                     /usr/lib/jvm/java-8-openjdk-amd64/jre/lib/amd64/libjdwp.so
7fd37fb9a000-7fd37fba7000 r--p 0002e000 08:03 297345                     /usr/lib/jvm/java-8-openjdk-amd64/jre/lib/amd64/libjdwp.so
7fd37fba7000-7fd37fba8000 r--p 0003a000 08:03 297345                     /usr/lib/jvm/java-8-openjdk-amd64/jre/lib/amd64/libjdwp.so
7fd37fba8000-7fd37fba9000 rw-p 0003b000 08:03 297345                     /usr/lib/jvm/java-8-openjdk-amd64/jre/lib/amd64/libjdwp.so
7fd37fba9000-7fd37fbb6000 r--p 00000000 08:03 297340                     /usr/lib/jvm/java-8-openjdk-amd64/jre/lib/amd64/libjava.so
7fd37fbb6000-7fd37fbce000 r-xp 0000d000 08:03 297340                     /usr/lib/jvm/java-8-openjdk-amd64/jre/lib/amd64/libjava.so
7fd37fbce000-7fd37fbd5000 r--p 00025000 08:03 297340                     /usr/lib/jvm/java-8-openjdk-amd64/jre/lib/amd64/libjava.so
7fd37fbd5000-7fd37fbd6000 r--p 0002b000 08:03 297340                     /usr/lib/jvm/java-8-openjdk-amd64/jre/lib/amd64/libjava.so
7fd37fbd6000-7fd37fbd8000 rw-p 0002c000 08:03 297340                     /usr/lib/jvm/java-8-openjdk-amd64/jre/lib/amd64/libjava.so
7fd37fbd8000-7fd37fbd9000 r--p 00000000 08:03 32507839                   /usr/lib/x86_64-linux-gnu/librt.so.1
7fd37fbd9000-7fd37fbda000 r-xp 00001000 08:03 32507839                   /usr/lib/x86_64-linux-gnu/librt.so.1
7fd37fbda000-7fd37fbdb000 r--p 00002000 08:03 32507839                   /usr/lib/x86_64-linux-gnu/librt.so.1
7fd37fbdb000-7fd37fbdc000 r--p 00002000 08:03 32507839                   /usr/lib/x86_64-linux-gnu/librt.so.1
7fd37fbdc000-7fd37fbdd000 rw-p 00003000 08:03 32507839                   /usr/lib/x86_64-linux-gnu/librt.so.1
7fd37fbdd000-7fd37fbde000 ---p 00000000 00:00 0 
7fd37fbde000-7fd37fbe1000 ---p 00000000 00:00 0 
7fd37fbe1000-7fd37fcde000 rw-p 00000000 00:00 0 
7fd37fcde000-7fd37fce1000 r--p 00000000 08:03 32509758                   /usr/lib/x86_64-linux-gnu/libgcc_s.so.1
7fd37fce1000-7fd37fcf8000 r-xp 00003000 08:03 32509758                   /usr/lib/x86_64-linux-gnu/libgcc_s.so.1
7fd37fcf8000-7fd37fcfc000 r--p 0001a000 08:03 32509758                   /usr/lib/x86_64-linux-gnu/libgcc_s.so.1
7fd37fcfc000-7fd37fcfd000 r--p 0001d000 08:03 32509758                   /usr/lib/x86_64-linux-gnu/libgcc_s.so.1
7fd37fcfd000-7fd37fcfe000 rw-p 0001e000 08:03 32509758                   /usr/lib/x86_64-linux-gnu/libgcc_s.so.1
7fd37fcfe000-7fd37fd0c000 r--p 00000000 08:03 32507825                   /usr/lib/x86_64-linux-gnu/libm.so.6
7fd37fd0c000-7fd37fd88000 r-xp 0000e000 08:03 32507825                   /usr/lib/x86_64-linux-gnu/libm.so.6
7fd37fd88000-7fd37fde3000 r--p 0008a000 08:03 32507825                   /usr/lib/x86_64-linux-gnu/libm.so.6
7fd37fde3000-7fd37fde4000 r--p 000e4000 08:03 32507825                   /usr/lib/x86_64-linux-gnu/libm.so.6
7fd37fde4000-7fd37fde5000 rw-p 000e5000 08:03 32507825                   /usr/lib/x86_64-linux-gnu/libm.so.6
7fd37fde5000-7fd37fe7f000 r--p 00000000 08:03 32506382                   /usr/lib/x86_64-linux-gnu/libstdc++.so.6.0.30
7fd37fe7f000-7fd37ff90000 r-xp 0009a000 08:03 32506382                   /usr/lib/x86_64-linux-gnu/libstdc++.so.6.0.30
7fd37ff90000-7fd37ffff000 r--p 001ab000 08:03 32506382                   /usr/lib/x86_64-linux-gnu/libstdc++.so.6.0.30
7fd37ffff000-7fd380000000 ---p 0021a000 08:03 32506382                   /usr/lib/x86_64-linux-gnu/libstdc++.so.6.0.30
7fd380000000-7fd38000b000 r--p 0021a000 08:03 32506382                   /usr/lib/x86_64-linux-gnu/libstdc++.so.6.0.30
7fd38000b000-7fd38000e000 rw-p 00225000 08:03 32506382                   /usr/lib/x86_64-linux-gnu/libstdc++.so.6.0.30
7fd38000e000-7fd380011000 rw-p 00000000 00:00 0 
7fd380011000-7fd380207000 r--p 00000000 08:03 297362                     /usr/lib/jvm/java-8-openjdk-amd64/jre/lib/amd64/server/libjvm.so
7fd380207000-7fd380b77000 r-xp 001f6000 08:03 297362                     /usr/lib/jvm/java-8-openjdk-amd64/jre/lib/amd64/server/libjvm.so
7fd380b77000-7fd380d22000 r--p 00b66000 08:03 297362                     /usr/lib/jvm/java-8-openjdk-amd64/jre/lib/amd64/server/libjvm.so
7fd380d22000-7fd380d23000 ---p 00d11000 08:03 297362                     /usr/lib/jvm/java-8-openjdk-amd64/jre/lib/amd64/server/libjvm.so
7fd380d23000-7fd380db9000 r--p 00d11000 08:03 297362                     /usr/lib/jvm/java-8-openjdk-amd64/jre/lib/amd64/server/libjvm.so
7fd380db9000-7fd380de2000 rw-p 00da7000 08:03 297362                     /usr/lib/jvm/java-8-openjdk-amd64/jre/lib/amd64/server/libjvm.so
7fd380de2000-7fd380e17000 rw-p 00000000 00:00 0 
7fd380e17000-7fd380e19000 r--p 00000000 08:03 32539495                   /usr/lib/x86_64-linux-gnu/libz.so.1.2.11
7fd380e19000-7fd380e2a000 r-xp 00002000 08:03 32539495                   /usr/lib/x86_64-linux-gnu/libz.so.1.2.11
7fd380e2a000-7fd380e30000 r--p 00013000 08:03 32539495                   /usr/lib/x86_64-linux-gnu/libz.so.1.2.11
7fd380e30000-7fd380e31000 ---p 00019000 08:03 32539495                   /usr/lib/x86_64-linux-gnu/libz.so.1.2.11
7fd380e31000-7fd380e32000 r--p 00019000 08:03 32539495                   /usr/lib/x86_64-linux-gnu/libz.so.1.2.11
7fd380e32000-7fd380e33000 rw-p 0001a000 08:03 32539495                   /usr/lib/x86_64-linux-gnu/libz.so.1.2.11
7fd380e33000-7fd380e5b000 r--p 00000000 08:03 32507798                   /usr/lib/x86_64-linux-gnu/libc.so.6
7fd380e5b000-7fd380ff0000 r-xp 00028000 08:03 32507798                   /usr/lib/x86_64-linux-gnu/libc.so.6
7fd380ff0000-7fd381048000 r--p 001bd000 08:03 32507798                   /usr/lib/x86_64-linux-gnu/libc.so.6
7fd381048000-7fd38104c000 r--p 00214000 08:03 32507798                   /usr/lib/x86_64-linux-gnu/libc.so.6
7fd38104c000-7fd38104e000 rw-p 00218000 08:03 32507798                   /usr/lib/x86_64-linux-gnu/libc.so.6
7fd38104e000-7fd38105c000 rw-p 00000000 00:00 0 
7fd38105c000-7fd381061000 r--p 00000000 08:03 297358                     /usr/lib/jvm/java-8-openjdk-amd64/jre/lib/amd64/libverify.so
7fd381061000-7fd38106a000 r-xp 00005000 08:03 297358                     /usr/lib/jvm/java-8-openjdk-amd64/jre/lib/amd64/libverify.so
7fd38106a000-7fd38106c000 r--p 0000e000 08:03 297358                     /usr/lib/jvm/java-8-openjdk-amd64/jre/lib/amd64/libverify.so
7fd38106c000-7fd38106e000 r--p 0000f000 08:03 297358                     /usr/lib/jvm/java-8-openjdk-amd64/jre/lib/amd64/libverify.so
7fd38106e000-7fd38106f000 rw-p 00011000 08:03 297358                     /usr/lib/jvm/java-8-openjdk-amd64/jre/lib/amd64/libverify.so
7fd38106f000-7fd381072000 r--p 00000000 08:03 297326                     /usr/lib/jvm/java-8-openjdk-amd64/jre/lib/amd64/jli/libjli.so
7fd381072000-7fd38107b000 r-xp 00003000 08:03 297326                     /usr/lib/jvm/java-8-openjdk-amd64/jre/lib/amd64/jli/libjli.so
7fd38107b000-7fd38107e000 r--p 0000c000 08:03 297326                     /usr/lib/jvm/java-8-openjdk-amd64/jre/lib/amd64/jli/libjli.so
7fd38107e000-7fd38107f000 r--p 0000e000 08:03 297326                     /usr/lib/jvm/java-8-openjdk-amd64/jre/lib/amd64/jli/libjli.so
7fd38107f000-7fd381080000 rw-p 0000f000 08:03 297326                     /usr/lib/jvm/java-8-openjdk-amd64/jre/lib/amd64/jli/libjli.so
7fd381080000-7fd381082000 rw-p 00000000 00:00 0 
7fd381082000-7fd381086000 r--p 00000000 00:00 0                          [vvar]
7fd381086000-7fd381088000 r-xp 00000000 00:00 0                          [vdso]
7fd381088000-7fd38108a000 r--p 00000000 08:03 32507795                   /usr/lib/x86_64-linux-gnu/ld-linux-x86-64.so.2
7fd38108a000-7fd3810b4000 r-xp 00002000 08:03 32507795                   /usr/lib/x86_64-linux-gnu/ld-linux-x86-64.so.2
7fd3810b4000-7fd3810bf000 r--p 0002c000 08:03 32507795                   /usr/lib/x86_64-linux-gnu/ld-linux-x86-64.so.2
7fd3810bf000-7fd3810c0000 ---p 00000000 00:00 0 
7fd3810c0000-7fd3810c2000 r--p 00037000 08:03 32507795                   /usr/lib/x86_64-linux-gnu/ld-linux-x86-64.so.2
7fd3810c2000-7fd3810c4000 rw-p 00039000 08:03 32507795                   /usr/lib/x86_64-linux-gnu/ld-linux-x86-64.so.2
7ffc44bd8000-7ffc44bfb000 rw-p 00000000 00:00 0                          [stack]
ffffffffff600000-ffffffffff601000 --xp 00000000 00:00 0                  [vsyscall]

VM Arguments:
jvm_args: -agentlib:jdwp=transport=dt_socket,address=127.0.0.1:36673,suspend=y,server=n -ea -Didea.test.cyclic.buffer.size=1048576 -javaagent:/home/wtwhite/intellij/idea-IC-232.9921.47/plugins/java/lib/rt/debugger-agent.jar=file:/tmp/capture.props -Dfile.encoding=UTF-8 
java_command: com.intellij.rt.junit.JUnitStarter -ideVersion5 -junit4 io.netty.buffer.AbstractByteBufAllocator_ESTest
java_class_path (initial): /home/wtwhite/intellij/idea-IC-232.9921.47/lib/idea_rt.jar:/home/wtwhite/intellij/idea-IC-232.9921.47/plugins/junit/lib/junit5-rt.jar:/home/wtwhite/intellij/idea-IC-232.9921.47/plugins/junit/lib/junit-rt.jar:/usr/lib/jvm/java-8-openjdk-amd64/jre/lib/charsets.jar:/usr/lib/jvm/java-8-openjdk-amd64/jre/lib/ext/cldrdata.jar:/usr/lib/jvm/java-8-openjdk-amd64/jre/lib/ext/dnsns.jar:/usr/lib/jvm/java-8-openjdk-amd64/jre/lib/ext/icedtea-sound.jar:/usr/lib/jvm/java-8-openjdk-amd64/jre/lib/ext/jaccess.jar:/usr/lib/jvm/java-8-openjdk-amd64/jre/lib/ext/java-atk-wrapper.jar:/usr/lib/jvm/java-8-openjdk-amd64/jre/lib/ext/localedata.jar:/usr/lib/jvm/java-8-openjdk-amd64/jre/lib/ext/nashorn.jar:/usr/lib/jvm/java-8-openjdk-amd64/jre/lib/ext/sunec.jar:/usr/lib/jvm/java-8-openjdk-amd64/jre/lib/ext/sunjce_provider.jar:/usr/lib/jvm/java-8-openjdk-amd64/jre/lib/ext/sunpkcs11.jar:/usr/lib/jvm/java-8-openjdk-amd64/jre/lib/ext/zipfs.jar:/usr/lib/jvm/java-8-openjdk-amd64/jre/lib/jce.jar:/usr/lib/jvm/java-8-openjdk-amd64/jre/lib/jfr.jar:/usr/lib/jvm/java-8-openjdk-amd64/jre/lib/jsse.jar:/usr/lib/jvm/java-8-openjdk-amd64/jre/lib/management-agent.jar:/usr/lib/jvm/java-8-openjdk-amd64/jre/lib/resources.jar:/usr/lib/jvm/java-8-openjdk-amd64/jre/lib/rt.jar:/home/wtwhite/code/regression-test-generation/find-diff-classes/compile/mvnc/io/netty/netty-buffer/4.1.102.Final/target/test-classes:/home/wtwhite/code/craw-redhat-oss/wget/crawl/repo1.maven.org/maven2/io/netty/netty-buffer/4.1.102.Final/netty-buffer-4.1.102.Final.jar:/home/wtwhite/code/regression-test-generation/find-diff-classes/compile/mvnc/io/netty/netty-buffer/4.1.102.Final/t/dependency/Saxon-HE-9.9.1-6.jar:/home/wtwhite/code/regression-test-generation/find-diff-classes/compile/mvnc/io/netty/netty-buffer/4.1.102.Final/t/dependency/antlr-2.7.7.jar:/home/wtwhite/code/regression-test-generation/find-diff-classes/compile/mvnc/io/netty/netty-buffer/4.1.102.Final/t/dependency/antlr4-runtime-4.8-1.jar:/home/wtwhite/code/
Launcher Type: SUN_STANDARD

Environment Variables:
PATH=/home/wtwhite/gcloud/google-cloud-sdk/bin:/home/wtwhite/.local/bin:/home/wtwhite/bin:/usr/local/sbin:/usr/local/bin:/usr/sbin:/usr/bin:/sbin:/bin:/usr/games:/usr/local/games:/snap/bin
SHELL=/bin/bash
DISPLAY=:0.0

Signal Handlers:
SIGSEGV: [libjvm.so+0xb3f5e0], sa_mask[0]=11111111011111111101111111111110, sa_flags=SA_RESTART|SA_SIGINFO
SIGBUS: [libjvm.so+0xb3f5e0], sa_mask[0]=11111111011111111101111111111110, sa_flags=SA_RESTART|SA_SIGINFO
SIGFPE: [libjvm.so+0x97dee0], sa_mask[0]=11111111011111111101111111111110, sa_flags=SA_RESTART|SA_SIGINFO
SIGPIPE: [libjvm.so+0x97dee0], sa_mask[0]=11111111011111111101111111111110, sa_flags=SA_RESTART|SA_SIGINFO
SIGXFSZ: [libjvm.so+0x97dee0], sa_mask[0]=11111111011111111101111111111110, sa_flags=SA_RESTART|SA_SIGINFO
SIGILL: [libjvm.so+0x97dee0], sa_mask[0]=11111111011111111101111111111110, sa_flags=SA_RESTART|SA_SIGINFO
SIGUSR1: SIG_DFL, sa_mask[0]=00000000000000000000000000000000, sa_flags=none
SIGUSR2: [libjvm.so+0x97e210], sa_mask[0]=00100000000000000000000000000000, sa_flags=SA_RESTART|SA_SIGINFO
SIGHUP: [libjvm.so+0x97e160], sa_mask[0]=11111111011111111101111111111110, sa_flags=SA_RESTART|SA_SIGINFO
SIGINT: [libjvm.so+0x97e160], sa_mask[0]=11111111011111111101111111111110, sa_flags=SA_RESTART|SA_SIGINFO
SIGTERM: [libjvm.so+0x97e160], sa_mask[0]=11111111011111111101111111111110, sa_flags=SA_RESTART|SA_SIGINFO
SIGQUIT: [libjvm.so+0x97e160], sa_mask[0]=11111111011111111101111111111110, sa_flags=SA_RESTART|SA_SIGINFO


---------------  S Y S T E M  ---------------

OS:DISTRIB_ID=LinuxMint
DISTRIB_RELEASE=21.2
DISTRIB_CODENAME=victoria
DISTRIB_DESCRIPTION="Linux Mint 21.2 Victoria"

uname:Linux 5.15.0-87-generic #97-Ubuntu SMP Mon Oct 2 21:09:21 UTC 2023 x86_64
libc:glibc 2.35 NPTL 2.35 
rlimit: STACK 8192k, CORE 0k, NPROC 195507, NOFILE 1048576, AS infinity
load average:2.40 1.00 0.54

/proc/meminfo:
MemTotal:       50182584 kB
MemFree:        16022592 kB
MemAvailable:   39874796 kB
Buffers:         5671120 kB
Cached:         15125076 kB
SwapCached:            0 kB
Active:          8684452 kB
Inactive:       20999796 kB
Active(anon):       3044 kB
Inactive(anon):  9136340 kB
Active(file):    8681408 kB
Inactive(file): 11863456 kB
Unevictable:          80 kB
Mlocked:              80 kB
SwapTotal:       2097148 kB
SwapFree:        2097148 kB
Dirty:              4940 kB
Writeback:             0 kB
AnonPages:       8888196 kB
Mapped:          1950768 kB
Shmem:            252904 kB
KReclaimable:    3907484 kB
Slab:            4198256 kB
SReclaimable:    3907484 kB
SUnreclaim:       290772 kB
KernelStack:       21616 kB
PageTables:        50788 kB
NFS_Unstable:          0 kB
Bounce:                0 kB
WritebackTmp:          0 kB
CommitLimit:    27188440 kB
Committed_AS:   17378200 kB
VmallocTotal:   34359738367 kB
VmallocUsed:      133872 kB
VmallocChunk:          0 kB
Percpu:             7328 kB
HardwareCorrupted:     0 kB
AnonHugePages:         0 kB
ShmemHugePages:        0 kB
ShmemPmdMapped:        0 kB
FileHugePages:         0 kB
FilePmdMapped:         0 kB
HugePages_Total:       0
HugePages_Free:        0
HugePages_Rsvd:        0
HugePages_Surp:        0
Hugepagesize:       2048 kB
Hugetlb:               0 kB
DirectMap4k:      581568 kB
DirectMap2M:    50618368 kB

container (cgroup) information:
container_type: cgroupv2
cpu_cpuset_cpus: failed
cpu_memory_nodes: failed
active_processor_count: 8
cpu_quota: -2
cpu_period: -2
cpu_shares: -2
memory_limit_in_bytes: -1
memory_and_swap_limit_in_bytes: -1
memory_soft_limit_in_bytes: 0
memory_usage_in_bytes: 24802787328
memory_max_usage_in_bytes: -2


CPU:total 8 (initial active 8) (8 cores per cpu, 1 threads per core) family 6 model 186 stepping 3, cmov, cx8, fxsr, mmx, sse, sse2, sse3, ssse3, sse4.1, sse4.2, popcnt, avx, avx2, aes, clmul, 3dnowpref, lzcnt, tsc, tscinvbit, bmi1, bmi2

/proc/cpuinfo:
processor	: 0
vendor_id	: GenuineIntel
cpu family	: 6
model		: 186
model name	: 13th Gen Intel(R) Core(TM) i7-1355U
stepping	: 3
cpu MHz		: 2611.196
cache size	: 12288 KB
physical id	: 0
siblings	: 8
core id		: 0
cpu cores	: 8
apicid		: 0
initial apicid	: 0
fpu		: yes
fpu_exception	: yes
cpuid level	: 22
wp		: yes
flags		: fpu vme de pse tsc msr pae mce cx8 apic sep mtrr pge mca cmov pat pse36 clflush mmx fxsr sse sse2 ht syscall nx rdtscp lm constant_tsc rep_good nopl xtopology nonstop_tsc cpuid tsc_known_freq pni pclmulqdq ssse3 cx16 sse4_1 sse4_2 x2apic movbe popcnt aes xsave avx rdrand hypervisor lahf_lm abm 3dnowprefetch fsgsbase bmi1 avx2 bmi2 invpcid rdseed clflushopt md_clear flush_l1d arch_capabilities
bugs		: spectre_v1 spectre_v2 spec_store_bypass swapgs
bogomips	: 5222.39
clflush size	: 64
cache_alignment	: 64
address sizes	: 39 bits physical, 48 bits virtual
power management:

processor	: 1
vendor_id	: GenuineIntel
cpu family	: 6
model		: 186
model name	: 13th Gen Intel(R) Core(TM) i7-1355U
stepping	: 3
cpu MHz		: 2611.196
cache size	: 12288 KB
physical id	: 0
siblings	: 8
core id		: 1
cpu cores	: 8
apicid		: 1
initial apicid	: 1
fpu		: yes
fpu_exception	: yes
cpuid level	: 22
wp		: yes
flags		: fpu vme de pse tsc msr pae mce cx8 apic sep mtrr pge mca cmov pat pse36 clflush mmx fxsr sse sse2 ht syscall nx rdtscp lm constant_tsc rep_good nopl xtopology nonstop_tsc cpuid tsc_known_freq pni pclmulqdq ssse3 cx16 sse4_1 sse4_2 x2apic movbe popcnt aes xsave avx rdrand hypervisor lahf_lm abm 3dnowprefetch fsgsbase bmi1 avx2 bmi2 invpcid rdseed clflushopt md_clear flush_l1d arch_capabilities
bugs		: spectre_v1 spectre_v2 spec_store_bypass swapgs
bogomips	: 5222.39
clflush size	: 64
cache_alignment	: 64
address sizes	: 39 bits physical, 48 bits virtual
power management:

processor	: 2
vendor_id	: GenuineIntel
cpu family	: 6
model		: 186
model name	: 13th Gen Intel(R) Core(TM) i7-1355U
stepping	: 3
cpu MHz		: 2611.196
cache size	: 12288 KB
physical id	: 0
siblings	: 8
core id		: 2
cpu cores	: 8
apicid		: 2
initial apicid	: 2
fpu		: yes
fpu_exception	: yes
cpuid level	: 22
wp		: yes
flags		: fpu vme de pse tsc msr pae mce cx8 apic sep mtrr pge mca cmov pat pse36 clflush mmx fxsr sse sse2 ht syscall nx rdtscp lm constant_tsc rep_good nopl xtopology nonstop_tsc cpuid tsc_known_freq pni pclmulqdq ssse3 cx16 sse4_1 sse4_2 x2apic movbe popcnt aes xsave avx rdrand hypervisor lahf_lm abm 3dnowprefetch fsgsbase bmi1 avx2 bmi2 invpcid rdseed clflushopt md_clear flush_l1d arch_capabilities
bugs		: spectre_v1 spectre_v2 spec_store_bypass swapgs
bogomips	: 5222.39
clflush size	: 64
cache_alignment	: 64
address sizes	: 39 bits physical, 48 bits virtual
power management:

processor	: 3
vendor_id	: GenuineIntel
cpu family	: 6
model		: 186
model name	: 13th Gen Intel(R) Core(TM) i7-1355U
stepping	: 3
cpu MHz		: 2611.196
cache size	: 12288 KB
physical id	: 0
siblings	: 8
core id		: 3
cpu cores	: 8
apicid		: 3
initial apicid	: 3
fpu		: yes
fpu_exception	: yes
cpuid level	: 22
wp		: yes
flags		: fpu vme de pse tsc msr pae mce cx8 apic sep mtrr pge mca cmov pat pse36 clflush mmx fxsr sse sse2 ht syscall nx rdtscp lm constant_tsc rep_good nopl xtopology nonstop_tsc cpuid tsc_known_freq pni pclmulqdq ssse3 cx16 sse4_1 sse4_2 x2apic movbe popcnt aes xsave avx rdrand hypervisor lahf_lm abm 3dnowprefetch fsgsbase bmi1 avx2 bmi2 invpcid rdseed clflushopt md_clear flush_l1d arch_capabilities
bugs		: spectre_v1 spectre_v2 spec_store_bypass swapgs
bogomips	: 5222.39
clflush size	: 64
cache_alignment	: 64
address sizes	: 39 bits physical, 48 bits virtual
power management:

processor	: 4
vendor_id	: GenuineIntel
cpu family	: 6
model		: 186
model name	: 13th Gen Intel(R) Core(TM) i7-1355U
stepping	: 3
cpu MHz		: 2611.196
cache size	: 12288 KB
physical id	: 0
siblings	: 8
core id		: 4
cpu cores	: 8
apicid		: 4
initial apicid	: 4
fpu		: yes
fpu_exception	: yes
cpuid level	: 22
wp		: yes
flags		: fpu vme de pse tsc msr pae mce cx8 apic sep mtrr pge mca cmov pat pse36 clflush mmx fxsr sse sse2 ht syscall nx rdtscp lm constant_tsc rep_good nopl xtopology nonstop_tsc cpuid tsc_known_freq pni pclmulqdq ssse3 cx16 sse4_1 sse4_2 x2apic movbe popcnt aes xsave avx rdrand hypervisor lahf_lm abm 3dnowprefetch fsgsbase bmi1 avx2 bmi2 invpcid rdseed clflushopt md_clear flush_l1d arch_capabilities
bugs		: spectre_v1 spectre_v2 spec_store_bypass swapgs
bogomips	: 5222.39
clflush size	: 64
cache_alignment	: 64
address sizes	: 39 bits physical, 48 bits virtual
power management:

processor	: 5
vendor_id	: GenuineIntel
cpu family	: 6
model		: 186
model name	: 13th Gen Intel(R) Core(TM) i7-1355U
stepping	: 3
cpu MHz		: 2611.196
cache size	: 12288 KB
physical id	: 0
siblings	: 8
core id		: 5
cpu cores	: 8
apicid		: 5
initial apicid	: 5
fpu		: yes
fpu_exception	: yes
cpuid level	: 22
wp		: yes
flags		: fpu vme de pse tsc msr pae mce cx8 apic sep mtrr pge mca cmov pat pse36 clflush mmx fxsr sse sse2 ht syscall nx rdtscp lm constant_tsc rep_good nopl xtopology nonstop_tsc cpuid tsc_known_freq pni pclmulqdq ssse3 cx16 sse4_1 sse4_2 x2apic movbe popcnt aes xsave avx rdrand hypervisor lahf_lm abm 3dnowprefetch fsgsbase bmi1 avx2 bmi2 invpcid rdseed clflushopt md_clear flush_l1d arch_capabilities
bugs		: spectre_v1 spectre_v2 spec_store_bypass swapgs
bogomips	: 5222.39
clflush size	: 64
cache_alignment	: 64
address sizes	: 39 bits physical, 48 bits virtual
power management:

processor	: 6
vendor_id	: GenuineIntel
cpu family	: 6
model		: 186
model name	: 13th Gen Intel(R) Core(TM) i7-1355U
stepping	: 3
cpu MHz		: 2611.196
cache size	: 12288 KB
physical id	: 0
siblings	: 8
core id		: 6
cpu cores	: 8
apicid		: 6
initial apicid	: 6
fpu		: yes
fpu_exception	: yes
cpuid level	: 22
wp		: yes
flags		: fpu vme de pse tsc msr pae mce cx8 apic sep mtrr pge mca cmov pat pse36 clflush mmx fxsr sse sse2 ht syscall nx rdtscp lm constant_tsc rep_good nopl xtopology nonstop_tsc cpuid tsc_known_freq pni pclmulqdq ssse3 cx16 sse4_1 sse4_2 x2apic movbe popcnt aes xsave avx rdrand hypervisor lahf_lm abm 3dnowprefetch fsgsbase bmi1 avx2 bmi2 invpcid rdseed clflushopt md_clear flush_l1d arch_capabilities
bugs		: spectre_v1 spectre_v2 spec_store_bypass swapgs
bogomips	: 5222.39
clflush size	: 64
cache_alignment	: 64
address sizes	: 39 bits physical, 48 bits virtual
power management:

processor	: 7
vendor_id	: GenuineIntel
cpu family	: 6
model		: 186
model name	: 13th Gen Intel(R) Core(TM) i7-1355U
stepping	: 3
cpu MHz		: 2611.196
cache size	: 12288 KB
physical id	: 0
siblings	: 8
core id		: 7
cpu cores	: 8
apicid		: 7
initial apicid	: 7
fpu		: yes
fpu_exception	: yes
cpuid level	: 22
wp		: yes
flags		: fpu vme de pse tsc msr pae mce cx8 apic sep mtrr pge mca cmov pat pse36 clflush mmx fxsr sse sse2 ht syscall nx rdtscp lm constant_tsc rep_good nopl xtopology nonstop_tsc cpuid tsc_known_freq pni pclmulqdq ssse3 cx16 sse4_1 sse4_2 x2apic movbe popcnt aes xsave avx rdrand hypervisor lahf_lm abm 3dnowprefetch fsgsbase bmi1 avx2 bmi2 invpcid rdseed clflushopt md_clear flush_l1d arch_capabilities
bugs		: spectre_v1 spectre_v2 spec_store_bypass swapgs
bogomips	: 5222.39
clflush size	: 64
cache_alignment	: 64
address sizes	: 39 bits physical, 48 bits virtual
power management:



Memory: 4k page, physical 50182584k(16022592k free), swap 2097148k(2097148k free)

vm_info: OpenJDK 64-Bit Server VM (25.382-b05) for linux-amd64 JRE (1.8.0_382-8u382-ga-1~22.04.1-b05), built on Jul 24 2023 20:17:51 by "buildd" with gcc 11.3.0

time: Thu Nov 21 13:59:01 2024
timezone: NZDT
elapsed time: 13.490884 seconds (0d 0h 0m 13s)

